[2024-02-11 15:10:44] INFO (nni.experiment) Creating experiment, Experiment ID: 4vf3wcod
[2024-02-11 15:10:44] INFO (nni.experiment) Starting web server...
[2024-02-11 15:10:45] WARNING (nni.experiment) Timeout, retry...
[2024-02-11 15:10:46] WARNING (nni.experiment) Timeout, retry...
[2024-02-11 15:10:47] ERROR (nni.experiment) Create experiment failed: HTTPConnectionPool(host='localhost', port=8020): Max retries exceeded with url: /api/v1/nni/check-status (Caused by NewConnectionError('<urllib3.connection.HTTPConnection object at 0x7f109667f940>: Failed to establish a new connection: [Errno 111] Connection refused'))
[2024-02-11 15:10:47] INFO (nni.experiment) Creating experiment, Experiment ID: 4vf3wcod
[2024-02-11 15:10:47] INFO (nni.experiment) Starting web server...
[2024-02-11 15:10:48] WARNING (nni.experiment) Timeout, retry...
[2024-02-11 15:10:49] WARNING (nni.experiment) Timeout, retry...
[2024-02-11 15:10:50] ERROR (nni.experiment) Create experiment failed: HTTPConnectionPool(host='localhost', port=8021): Max retries exceeded with url: /api/v1/nni/check-status (Caused by NewConnectionError('<urllib3.connection.HTTPConnection object at 0x7f10963d8280>: Failed to establish a new connection: [Errno 111] Connection refused'))
[2024-02-11 15:10:50] INFO (nni.experiment) Creating experiment, Experiment ID: 4vf3wcod
[2024-02-11 15:10:50] INFO (nni.experiment) Starting web server...
[2024-02-11 15:10:51] WARNING (nni.experiment) Timeout, retry...
[2024-02-11 15:10:52] WARNING (nni.experiment) Timeout, retry...
[2024-02-11 15:10:53] ERROR (nni.experiment) Create experiment failed: HTTPConnectionPool(host='localhost', port=8022): Max retries exceeded with url: /api/v1/nni/check-status (Caused by NewConnectionError('<urllib3.connection.HTTPConnection object at 0x7f10963d8f70>: Failed to establish a new connection: [Errno 111] Connection refused'))
[2024-02-11 15:10:53] INFO (nni.experiment) Creating experiment, Experiment ID: 4vf3wcod
[2024-02-11 15:10:53] INFO (nni.experiment) Starting web server...
[2024-02-11 15:10:54] WARNING (nni.experiment) Timeout, retry...
[2024-02-11 15:10:55] WARNING (nni.experiment) Timeout, retry...
[2024-02-11 15:10:56] ERROR (nni.experiment) Create experiment failed: HTTPConnectionPool(host='localhost', port=8023): Max retries exceeded with url: /api/v1/nni/check-status (Caused by NewConnectionError('<urllib3.connection.HTTPConnection object at 0x7f10963e2ca0>: Failed to establish a new connection: [Errno 111] Connection refused'))
[2024-02-11 15:10:56] INFO (nni.experiment) Creating experiment, Experiment ID: 4vf3wcod
[2024-02-11 15:10:56] INFO (nni.experiment) Starting web server...
[2024-02-11 15:10:57] WARNING (nni.experiment) Timeout, retry...
[2024-02-11 15:10:58] WARNING (nni.experiment) Timeout, retry...
[2024-02-11 15:10:59] ERROR (nni.experiment) Create experiment failed: HTTPConnectionPool(host='localhost', port=8024): Max retries exceeded with url: /api/v1/nni/check-status (Caused by NewConnectionError('<urllib3.connection.HTTPConnection object at 0x7f10963e29a0>: Failed to establish a new connection: [Errno 111] Connection refused'))
[2024-02-11 15:10:59] INFO (nni.experiment) Creating experiment, Experiment ID: 4vf3wcod
[2024-02-11 15:10:59] INFO (nni.experiment) Starting web server...
[2024-02-11 15:11:00] WARNING (nni.experiment) Timeout, retry...
[2024-02-11 15:11:01] WARNING (nni.experiment) Timeout, retry...
[2024-02-11 15:11:02] ERROR (nni.experiment) Create experiment failed: HTTPConnectionPool(host='localhost', port=8025): Max retries exceeded with url: /api/v1/nni/check-status (Caused by NewConnectionError('<urllib3.connection.HTTPConnection object at 0x7f10963d8f40>: Failed to establish a new connection: [Errno 111] Connection refused'))
[2024-02-11 15:11:02] INFO (nni.experiment) Creating experiment, Experiment ID: 4vf3wcod
[2024-02-11 15:11:02] INFO (nni.experiment) Starting web server...
[2024-02-11 15:11:03] WARNING (nni.experiment) Timeout, retry...
[2024-02-11 15:11:04] WARNING (nni.experiment) Timeout, retry...
[2024-02-11 15:11:05] ERROR (nni.experiment) Create experiment failed: HTTPConnectionPool(host='localhost', port=8026): Max retries exceeded with url: /api/v1/nni/check-status (Caused by NewConnectionError('<urllib3.connection.HTTPConnection object at 0x7f10963d8a00>: Failed to establish a new connection: [Errno 111] Connection refused'))
[2024-02-11 15:11:05] INFO (nni.experiment) Creating experiment, Experiment ID: 4vf3wcod
[2024-02-11 15:11:05] INFO (nni.experiment) Starting web server...
[2024-02-11 15:11:06] WARNING (nni.experiment) Timeout, retry...
[2024-02-11 15:11:07] WARNING (nni.experiment) Timeout, retry...
[2024-02-11 15:11:08] ERROR (nni.experiment) Create experiment failed: HTTPConnectionPool(host='localhost', port=8027): Max retries exceeded with url: /api/v1/nni/check-status (Caused by NewConnectionError('<urllib3.connection.HTTPConnection object at 0x7f10963eca90>: Failed to establish a new connection: [Errno 111] Connection refused'))
[2024-02-11 15:11:08] INFO (nni.experiment) Creating experiment, Experiment ID: 4vf3wcod
[2024-02-11 15:11:08] INFO (nni.experiment) Starting web server...
[2024-02-11 15:11:09] WARNING (nni.experiment) Timeout, retry...
[2024-02-11 15:11:11] WARNING (nni.experiment) Timeout, retry...
[2024-02-11 15:11:12] ERROR (nni.experiment) Create experiment failed: HTTPConnectionPool(host='localhost', port=8028): Max retries exceeded with url: /api/v1/nni/check-status (Caused by NewConnectionError('<urllib3.connection.HTTPConnection object at 0x7f10963ecdc0>: Failed to establish a new connection: [Errno 111] Connection refused'))
[2024-02-11 15:11:12] INFO (nni.experiment) Creating experiment, Experiment ID: 4vf3wcod
[2024-02-11 15:11:12] INFO (nni.experiment) Starting web server...
[2024-02-11 15:11:13] WARNING (nni.experiment) Timeout, retry...
[2024-02-11 15:11:14] WARNING (nni.experiment) Timeout, retry...
[2024-02-11 15:11:15] ERROR (nni.experiment) Create experiment failed: HTTPConnectionPool(host='localhost', port=8029): Max retries exceeded with url: /api/v1/nni/check-status (Caused by NewConnectionError('<urllib3.connection.HTTPConnection object at 0x7f10963ec460>: Failed to establish a new connection: [Errno 111] Connection refused'))
[2024-02-11 15:11:15] INFO (nni.experiment) Creating experiment, Experiment ID: 4vf3wcod
[2024-02-11 15:11:15] INFO (nni.experiment) Starting web server...
[2024-02-11 15:11:16] WARNING (nni.experiment) Timeout, retry...
[2024-02-11 15:11:17] WARNING (nni.experiment) Timeout, retry...
[2024-02-11 15:11:18] ERROR (nni.experiment) Create experiment failed: HTTPConnectionPool(host='localhost', port=8030): Max retries exceeded with url: /api/v1/nni/check-status (Caused by NewConnectionError('<urllib3.connection.HTTPConnection object at 0x7f10963f0b20>: Failed to establish a new connection: [Errno 111] Connection refused'))
[2024-02-11 15:11:18] INFO (nni.experiment) Creating experiment, Experiment ID: 4vf3wcod
[2024-02-11 15:11:18] INFO (nni.experiment) Starting web server...
[2024-02-11 15:11:19] WARNING (nni.experiment) Timeout, retry...
[2024-02-11 15:11:20] WARNING (nni.experiment) Timeout, retry...
[2024-02-11 15:11:21] ERROR (nni.experiment) Create experiment failed: HTTPConnectionPool(host='localhost', port=8031): Max retries exceeded with url: /api/v1/nni/check-status (Caused by NewConnectionError('<urllib3.connection.HTTPConnection object at 0x7f1096383700>: Failed to establish a new connection: [Errno 111] Connection refused'))
[2024-02-11 15:11:21] INFO (nni.experiment) Creating experiment, Experiment ID: 4vf3wcod
[2024-02-11 15:11:21] INFO (nni.experiment) Starting web server...
[2024-02-11 15:11:22] WARNING (nni.experiment) Timeout, retry...
[2024-02-11 15:11:23] WARNING (nni.experiment) Timeout, retry...
[2024-02-11 15:11:24] ERROR (nni.experiment) Create experiment failed: HTTPConnectionPool(host='localhost', port=8032): Max retries exceeded with url: /api/v1/nni/check-status (Caused by NewConnectionError('<urllib3.connection.HTTPConnection object at 0x7f1096383d00>: Failed to establish a new connection: [Errno 111] Connection refused'))
[2024-02-11 15:11:24] INFO (nni.experiment) Creating experiment, Experiment ID: 4vf3wcod
[2024-02-11 15:11:24] INFO (nni.experiment) Starting web server...
[2024-02-11 15:11:25] WARNING (nni.experiment) Timeout, retry...
[2024-02-11 15:11:26] WARNING (nni.experiment) Timeout, retry...
[2024-02-11 15:11:27] ERROR (nni.experiment) Create experiment failed: HTTPConnectionPool(host='localhost', port=8033): Max retries exceeded with url: /api/v1/nni/check-status (Caused by NewConnectionError('<urllib3.connection.HTTPConnection object at 0x7f1096381700>: Failed to establish a new connection: [Errno 111] Connection refused'))
[2024-02-11 15:11:27] INFO (nni.experiment) Creating experiment, Experiment ID: 4vf3wcod
[2024-02-11 15:11:27] INFO (nni.experiment) Starting web server...
[2024-02-11 15:11:28] WARNING (nni.experiment) Timeout, retry...
[2024-02-11 15:11:29] WARNING (nni.experiment) Timeout, retry...
[2024-02-11 15:11:30] ERROR (nni.experiment) Create experiment failed: HTTPConnectionPool(host='localhost', port=8034): Max retries exceeded with url: /api/v1/nni/check-status (Caused by NewConnectionError('<urllib3.connection.HTTPConnection object at 0x7f10963d8430>: Failed to establish a new connection: [Errno 111] Connection refused'))
[2024-02-11 15:11:30] INFO (nni.experiment) Creating experiment, Experiment ID: 4vf3wcod
[2024-02-11 15:11:30] INFO (nni.experiment) Starting web server...
[2024-02-11 15:11:31] WARNING (nni.experiment) Timeout, retry...
[2024-02-11 15:11:32] WARNING (nni.experiment) Timeout, retry...
[2024-02-11 15:11:33] ERROR (nni.experiment) Create experiment failed: HTTPConnectionPool(host='localhost', port=8035): Max retries exceeded with url: /api/v1/nni/check-status (Caused by NewConnectionError('<urllib3.connection.HTTPConnection object at 0x7f1096387cd0>: Failed to establish a new connection: [Errno 111] Connection refused'))
[2024-02-11 15:11:33] INFO (nni.experiment) Creating experiment, Experiment ID: 4vf3wcod
[2024-02-11 15:11:33] INFO (nni.experiment) Starting web server...
[2024-02-11 15:11:34] WARNING (nni.experiment) Timeout, retry...
[2024-02-11 15:11:35] WARNING (nni.experiment) Timeout, retry...
[2024-02-11 15:11:36] ERROR (nni.experiment) Create experiment failed: HTTPConnectionPool(host='localhost', port=8036): Max retries exceeded with url: /api/v1/nni/check-status (Caused by NewConnectionError('<urllib3.connection.HTTPConnection object at 0x7f1096383f40>: Failed to establish a new connection: [Errno 111] Connection refused'))
[2024-02-11 15:11:36] INFO (nni.experiment) Creating experiment, Experiment ID: 4vf3wcod
[2024-02-11 15:11:36] INFO (nni.experiment) Starting web server...
[2024-02-11 15:11:37] WARNING (nni.experiment) Timeout, retry...
[2024-02-11 15:11:38] WARNING (nni.experiment) Timeout, retry...
[2024-02-11 15:11:39] ERROR (nni.experiment) Create experiment failed: HTTPConnectionPool(host='localhost', port=8037): Max retries exceeded with url: /api/v1/nni/check-status (Caused by NewConnectionError('<urllib3.connection.HTTPConnection object at 0x7f109638eb80>: Failed to establish a new connection: [Errno 111] Connection refused'))
[2024-02-11 15:11:39] INFO (nni.experiment) Creating experiment, Experiment ID: 4vf3wcod
[2024-02-11 15:11:39] INFO (nni.experiment) Starting web server...
[2024-02-11 15:11:40] WARNING (nni.experiment) Timeout, retry...
[2024-02-11 15:11:41] WARNING (nni.experiment) Timeout, retry...
[2024-02-11 15:11:42] ERROR (nni.experiment) Create experiment failed: HTTPConnectionPool(host='localhost', port=8038): Max retries exceeded with url: /api/v1/nni/check-status (Caused by NewConnectionError('<urllib3.connection.HTTPConnection object at 0x7f1096389700>: Failed to establish a new connection: [Errno 111] Connection refused'))
[2024-02-11 15:11:42] INFO (nni.experiment) Creating experiment, Experiment ID: 4vf3wcod
[2024-02-11 15:11:42] INFO (nni.experiment) Starting web server...
[2024-02-11 15:11:43] WARNING (nni.experiment) Timeout, retry...
[2024-02-11 15:11:44] WARNING (nni.experiment) Timeout, retry...
[2024-02-11 15:11:45] ERROR (nni.experiment) Create experiment failed: HTTPConnectionPool(host='localhost', port=8039): Max retries exceeded with url: /api/v1/nni/check-status (Caused by NewConnectionError('<urllib3.connection.HTTPConnection object at 0x7f10963944f0>: Failed to establish a new connection: [Errno 111] Connection refused'))
[2024-02-11 15:11:45] INFO (nni.experiment) Creating experiment, Experiment ID: 4vf3wcod
[2024-02-11 15:11:45] INFO (nni.experiment) Starting web server...
[2024-02-11 15:11:46] WARNING (nni.experiment) Timeout, retry...
[2024-02-11 15:11:47] WARNING (nni.experiment) Timeout, retry...
[2024-02-11 15:11:48] ERROR (nni.experiment) Create experiment failed: HTTPConnectionPool(host='localhost', port=8040): Max retries exceeded with url: /api/v1/nni/check-status (Caused by NewConnectionError('<urllib3.connection.HTTPConnection object at 0x7f10963990d0>: Failed to establish a new connection: [Errno 111] Connection refused'))
[2024-02-11 15:11:48] INFO (nni.experiment) Creating experiment, Experiment ID: 4vf3wcod
[2024-02-11 15:11:48] INFO (nni.experiment) Starting web server...
[2024-02-11 15:11:49] WARNING (nni.experiment) Timeout, retry...
[2024-02-11 15:11:50] WARNING (nni.experiment) Timeout, retry...
[2024-02-11 15:11:51] ERROR (nni.experiment) Create experiment failed: HTTPConnectionPool(host='localhost', port=8041): Max retries exceeded with url: /api/v1/nni/check-status (Caused by NewConnectionError('<urllib3.connection.HTTPConnection object at 0x7f10963996d0>: Failed to establish a new connection: [Errno 111] Connection refused'))
[2024-02-11 15:11:51] INFO (nni.experiment) Creating experiment, Experiment ID: 4vf3wcod
[2024-02-11 15:11:51] INFO (nni.experiment) Starting web server...
[2024-02-11 15:11:52] WARNING (nni.experiment) Timeout, retry...
[2024-02-11 15:11:53] WARNING (nni.experiment) Timeout, retry...
[2024-02-11 15:11:54] ERROR (nni.experiment) Create experiment failed: HTTPConnectionPool(host='localhost', port=8042): Max retries exceeded with url: /api/v1/nni/check-status (Caused by NewConnectionError('<urllib3.connection.HTTPConnection object at 0x7f1096394fd0>: Failed to establish a new connection: [Errno 111] Connection refused'))
[2024-02-11 15:11:54] INFO (nni.experiment) Creating experiment, Experiment ID: 4vf3wcod
[2024-02-11 15:11:54] INFO (nni.experiment) Starting web server...
[2024-02-11 15:11:55] WARNING (nni.experiment) Timeout, retry...
[2024-02-11 15:11:56] WARNING (nni.experiment) Timeout, retry...
[2024-02-11 15:11:57] ERROR (nni.experiment) Create experiment failed: HTTPConnectionPool(host='localhost', port=8043): Max retries exceeded with url: /api/v1/nni/check-status (Caused by NewConnectionError('<urllib3.connection.HTTPConnection object at 0x7f10963d8280>: Failed to establish a new connection: [Errno 111] Connection refused'))
[2024-02-11 15:11:58] INFO (nni.experiment) Creating experiment, Experiment ID: 4vf3wcod
[2024-02-11 15:11:58] INFO (nni.experiment) Starting web server...
[2024-02-11 15:11:59] WARNING (nni.experiment) Timeout, retry...
[2024-02-11 15:12:00] WARNING (nni.experiment) Timeout, retry...
[2024-02-11 15:12:00] WARNING (nni.experiment) KeyboardInterrupt detected
[2024-02-11 15:12:00] INFO (nni.experiment) Stopping experiment, please wait...
[2024-02-11 15:12:00] INFO (nni.experiment) Saving experiment checkpoint...
[2024-02-11 15:12:00] INFO (nni.experiment) Stopping NNI manager, if any...
[2024-02-11 15:12:00] INFO (nni.experiment) Creating experiment, Experiment ID: 4vf3wcod
[2024-02-11 15:12:00] INFO (nni.experiment) Starting web server...
[2024-02-11 15:12:02] WARNING (nni.experiment) Timeout, retry...
[2024-02-11 15:12:02] WARNING (nni.experiment) KeyboardInterrupt detected
[2024-02-11 15:12:02] INFO (nni.experiment) Stopping experiment, please wait...
[2024-02-11 15:12:02] INFO (nni.experiment) Saving experiment checkpoint...
[2024-02-11 15:12:02] INFO (nni.experiment) Stopping NNI manager, if any...
[2024-02-11 15:12:02] INFO (nni.experiment) Creating experiment, Experiment ID: 4vf3wcod
[2024-02-11 15:12:02] INFO (nni.experiment) Starting web server...
[2024-02-11 15:12:02] WARNING (nni.experiment) KeyboardInterrupt detected
[2024-02-11 15:12:02] INFO (nni.experiment) Stopping experiment, please wait...
[2024-02-11 15:12:02] INFO (nni.experiment) Saving experiment checkpoint...
[2024-02-11 15:12:02] INFO (nni.experiment) Stopping NNI manager, if any...
[2024-02-11 15:12:02] WARNING (nni.experiment) KeyboardInterrupt detected
[2024-02-11 15:12:02] INFO (nni.experiment) Stopping experiment, please wait...
[2024-02-11 15:12:02] INFO (nni.experiment) Saving experiment checkpoint...
[2024-02-11 15:12:02] INFO (nni.experiment) Stopping NNI manager, if any...
[2024-02-11 15:12:02] WARNING (nni.experiment) KeyboardInterrupt detected
[2024-02-11 15:12:02] INFO (nni.experiment) Stopping experiment, please wait...
[2024-02-11 15:12:02] INFO (nni.experiment) Saving experiment checkpoint...
[2024-02-11 15:12:02] INFO (nni.experiment) Stopping NNI manager, if any...
[2024-02-11 15:12:02] INFO (nni.experiment) Creating experiment, Experiment ID: 4vf3wcod
[2024-02-11 15:12:02] INFO (nni.experiment) Starting web server...
[2024-02-11 15:12:03] WARNING (nni.experiment) KeyboardInterrupt detected
[2024-02-11 15:12:03] INFO (nni.experiment) Stopping experiment, please wait...
[2024-02-11 15:12:03] INFO (nni.experiment) Saving experiment checkpoint...
[2024-02-11 15:12:03] INFO (nni.experiment) Stopping NNI manager, if any...
[2024-02-11 15:12:03] INFO (nni.experiment) Creating experiment, Experiment ID: 4vf3wcod
[2024-02-11 15:12:03] INFO (nni.experiment) Starting web server...
[2024-02-11 15:12:03] WARNING (nni.experiment) KeyboardInterrupt detected
[2024-02-11 15:12:03] INFO (nni.experiment) Stopping experiment, please wait...
[2024-02-11 15:12:03] INFO (nni.experiment) Saving experiment checkpoint...
[2024-02-11 15:12:03] INFO (nni.experiment) Stopping NNI manager, if any...
[2024-02-11 15:12:03] INFO (nni.experiment) Creating experiment, Experiment ID: 4vf3wcod
[2024-02-11 15:12:03] INFO (nni.experiment) Starting web server...
[2024-02-11 15:12:04] WARNING (nni.experiment) Timeout, retry...
[2024-02-11 15:12:04] WARNING (nni.experiment) KeyboardInterrupt detected
[2024-02-11 15:12:04] INFO (nni.experiment) Stopping experiment, please wait...
[2024-02-11 15:12:04] INFO (nni.experiment) Saving experiment checkpoint...
[2024-02-11 15:12:04] INFO (nni.experiment) Stopping NNI manager, if any...
[2024-02-11 15:12:04] INFO (nni.experiment) Creating experiment, Experiment ID: 4vf3wcod
[2024-02-11 15:12:04] INFO (nni.experiment) Starting web server...
[2024-02-11 15:12:04] WARNING (nni.experiment) KeyboardInterrupt detected
[2024-02-11 15:12:04] INFO (nni.experiment) Stopping experiment, please wait...
[2024-02-11 15:12:04] INFO (nni.experiment) Saving experiment checkpoint...
[2024-02-11 15:12:04] INFO (nni.experiment) Stopping NNI manager, if any...
[2024-02-11 15:12:04] INFO (nni.experiment) Creating experiment, Experiment ID: 4vf3wcod
[2024-02-11 15:12:04] WARNING (nni.experiment) KeyboardInterrupt detected
[2024-02-11 15:12:04] INFO (nni.experiment) Stopping experiment, please wait...
[2024-02-11 15:12:04] INFO (nni.experiment) Saving experiment checkpoint...
[2024-02-11 15:12:04] INFO (nni.experiment) Stopping NNI manager, if any...
[2024-02-11 15:12:04] WARNING (nni.experiment) KeyboardInterrupt detected
[2024-02-11 15:12:04] INFO (nni.experiment) Stopping experiment, please wait...
[2024-02-11 15:12:04] INFO (nni.experiment) Saving experiment checkpoint...
[2024-02-11 15:12:04] INFO (nni.experiment) Stopping NNI manager, if any...
[2024-02-11 15:12:05] INFO (nni.experiment) Creating experiment, Experiment ID: 4vf3wcod
[2024-02-11 15:12:05] WARNING (nni.experiment) KeyboardInterrupt detected
[2024-02-11 15:12:05] INFO (nni.experiment) Stopping experiment, please wait...
[2024-02-11 15:12:05] INFO (nni.experiment) Saving experiment checkpoint...
[2024-02-11 15:12:05] INFO (nni.experiment) Stopping NNI manager, if any...
[2024-02-11 15:12:05] INFO (nni.experiment) Creating experiment, Experiment ID: 4vf3wcod
[2024-02-11 15:12:05] INFO (nni.experiment) Starting web server...
[2024-02-11 15:12:05] WARNING (nni.experiment) KeyboardInterrupt detected
[2024-02-11 15:12:05] INFO (nni.experiment) Stopping experiment, please wait...
[2024-02-11 15:12:05] INFO (nni.experiment) Saving experiment checkpoint...
[2024-02-11 15:12:05] INFO (nni.experiment) Stopping NNI manager, if any...
[2024-02-11 15:12:05] WARNING (nni.experiment) KeyboardInterrupt detected
[2024-02-11 15:12:05] INFO (nni.experiment) Stopping experiment, please wait...
[2024-02-11 15:12:05] INFO (nni.experiment) Saving experiment checkpoint...
[2024-02-11 15:12:05] INFO (nni.experiment) Stopping NNI manager, if any...
[2024-02-11 15:12:05] WARNING (nni.experiment) KeyboardInterrupt detected
[2024-02-11 15:12:05] INFO (nni.experiment) Stopping experiment, please wait...
[2024-02-11 15:12:05] INFO (nni.experiment) Saving experiment checkpoint...
[2024-02-11 15:12:05] INFO (nni.experiment) Stopping NNI manager, if any...
[2024-02-11 15:12:05] WARNING (nni.experiment) KeyboardInterrupt detected
[2024-02-11 15:12:05] INFO (nni.experiment) Stopping experiment, please wait...
[2024-02-11 15:12:05] INFO (nni.experiment) Saving experiment checkpoint...
[2024-02-11 15:12:05] INFO (nni.experiment) Stopping NNI manager, if any...
[2024-02-11 15:12:05] WARNING (nni.experiment) KeyboardInterrupt detected
[2024-02-11 15:12:05] INFO (nni.experiment) Stopping experiment, please wait...
[2024-02-11 15:12:05] INFO (nni.experiment) Saving experiment checkpoint...
[2024-02-11 15:12:05] INFO (nni.experiment) Stopping NNI manager, if any...
[2024-02-11 15:12:05] INFO (nni.experiment) Creating experiment, Experiment ID: 4vf3wcod
[2024-02-11 15:12:05] WARNING (nni.experiment) KeyboardInterrupt detected
[2024-02-11 15:12:05] INFO (nni.experiment) Stopping experiment, please wait...
[2024-02-11 15:12:05] INFO (nni.experiment) Saving experiment checkpoint...
[2024-02-11 15:12:05] INFO (nni.experiment) Stopping NNI manager, if any...
[2024-02-11 15:12:05] WARNING (nni.experiment) KeyboardInterrupt detected
[2024-02-11 15:12:05] INFO (nni.experiment) Stopping experiment, please wait...
[2024-02-11 15:12:05] INFO (nni.experiment) Saving experiment checkpoint...
[2024-02-11 15:12:05] INFO (nni.experiment) Stopping NNI manager, if any...
[2024-02-11 15:12:05] WARNING (nni.experiment) KeyboardInterrupt detected
[2024-02-11 15:12:05] INFO (nni.experiment) Stopping experiment, please wait...
[2024-02-11 15:12:05] INFO (nni.experiment) Saving experiment checkpoint...
[2024-02-11 15:12:05] INFO (nni.experiment) Stopping NNI manager, if any...
[2024-02-11 15:12:05] WARNING (nni.experiment) KeyboardInterrupt detected
[2024-02-11 15:12:05] INFO (nni.experiment) Stopping experiment, please wait...
[2024-02-11 15:12:05] INFO (nni.experiment) Saving experiment checkpoint...
[2024-02-11 15:12:05] INFO (nni.experiment) Stopping NNI manager, if any...
[2024-02-11 15:12:05] WARNING (nni.experiment) KeyboardInterrupt detected
[2024-02-11 15:12:05] INFO (nni.experiment) Stopping experiment, please wait...
[2024-02-11 15:12:05] INFO (nni.experiment) Saving experiment checkpoint...
[2024-02-11 15:12:05] INFO (nni.experiment) Stopping NNI manager, if any...
[2024-02-11 15:12:05] INFO (nni.experiment) Creating experiment, Experiment ID: 4vf3wcod
[2024-02-11 15:12:05] WARNING (nni.experiment) KeyboardInterrupt detected
[2024-02-11 15:12:05] INFO (nni.experiment) Stopping experiment, please wait...
[2024-02-11 15:12:05] INFO (nni.experiment) Saving experiment checkpoint...
[2024-02-11 15:12:05] INFO (nni.experiment) Stopping NNI manager, if any...
[2024-02-11 15:12:05] WARNING (nni.experiment) KeyboardInterrupt detected
[2024-02-11 15:12:05] INFO (nni.experiment) Stopping experiment, please wait...
[2024-02-11 15:12:05] INFO (nni.experiment) Saving experiment checkpoint...
[2024-02-11 15:12:05] INFO (nni.experiment) Stopping NNI manager, if any...
[2024-02-11 15:12:05] WARNING (nni.experiment) KeyboardInterrupt detected
[2024-02-11 15:12:05] INFO (nni.experiment) Stopping experiment, please wait...
[2024-02-11 15:12:05] INFO (nni.experiment) Saving experiment checkpoint...
[2024-02-11 15:12:05] INFO (nni.experiment) Stopping NNI manager, if any...
[2024-02-11 15:12:05] WARNING (nni.experiment) KeyboardInterrupt detected
[2024-02-11 15:12:05] INFO (nni.experiment) Stopping experiment, please wait...
[2024-02-11 15:12:05] INFO (nni.experiment) Saving experiment checkpoint...
[2024-02-11 15:12:05] INFO (nni.experiment) Stopping NNI manager, if any...
[2024-02-11 15:12:05] WARNING (nni.experiment) KeyboardInterrupt detected
[2024-02-11 15:12:05] INFO (nni.experiment) Stopping experiment, please wait...
[2024-02-11 15:12:05] INFO (nni.experiment) Saving experiment checkpoint...
[2024-02-11 15:12:05] INFO (nni.experiment) Stopping NNI manager, if any...
[2024-02-11 15:12:05] WARNING (nni.experiment) KeyboardInterrupt detected
[2024-02-11 15:12:05] INFO (nni.experiment) Stopping experiment, please wait...
[2024-02-11 15:12:05] INFO (nni.experiment) Saving experiment checkpoint...
[2024-02-11 15:12:05] INFO (nni.experiment) Stopping NNI manager, if any...
[2024-02-11 15:12:05] WARNING (nni.experiment) KeyboardInterrupt detected
[2024-02-11 15:12:05] INFO (nni.experiment) Stopping experiment, please wait...
[2024-02-11 15:12:05] INFO (nni.experiment) Saving experiment checkpoint...
[2024-02-11 15:12:05] INFO (nni.experiment) Stopping NNI manager, if any...
[2024-02-11 15:12:05] INFO (nni.experiment) Creating experiment, Experiment ID: 4vf3wcod
[2024-02-11 15:12:05] INFO (nni.experiment) Starting web server...
[2024-02-11 15:12:06] WARNING (nni.experiment) KeyboardInterrupt detected
[2024-02-11 15:12:06] INFO (nni.experiment) Stopping experiment, please wait...
[2024-02-11 15:12:06] INFO (nni.experiment) Saving experiment checkpoint...
[2024-02-11 15:12:06] INFO (nni.experiment) Stopping NNI manager, if any...
[2024-02-11 15:12:06] INFO (nni.experiment) Creating experiment, Experiment ID: 4vf3wcod
[2024-02-11 15:12:06] INFO (nni.experiment) Starting web server...
[2024-02-11 15:12:07] WARNING (nni.experiment) KeyboardInterrupt detected
[2024-02-11 15:12:07] INFO (nni.experiment) Stopping experiment, please wait...
[2024-02-11 15:12:07] INFO (nni.experiment) Saving experiment checkpoint...
[2024-02-11 15:12:07] INFO (nni.experiment) Stopping NNI manager, if any...
[2024-02-11 15:12:07] WARNING (nni.experiment) KeyboardInterrupt detected
[2024-02-11 15:12:07] INFO (nni.experiment) Stopping experiment, please wait...
[2024-02-11 15:12:07] INFO (nni.experiment) Saving experiment checkpoint...
[2024-02-11 15:12:07] INFO (nni.experiment) Stopping NNI manager, if any...
[2024-02-11 15:12:07] WARNING (nni.experiment) KeyboardInterrupt detected
[2024-02-11 15:12:07] INFO (nni.experiment) Stopping experiment, please wait...
[2024-02-11 15:12:07] INFO (nni.experiment) Saving experiment checkpoint...
[2024-02-11 15:12:07] INFO (nni.experiment) Stopping NNI manager, if any...
[2024-02-11 15:12:07] INFO (nni.experiment) Creating experiment, Experiment ID: 4vf3wcod
[2024-02-11 15:12:07] WARNING (nni.experiment) KeyboardInterrupt detected
[2024-02-11 15:12:07] INFO (nni.experiment) Stopping experiment, please wait...
[2024-02-11 15:12:07] INFO (nni.experiment) Saving experiment checkpoint...
[2024-02-11 15:12:07] INFO (nni.experiment) Stopping NNI manager, if any...
[2024-02-11 15:12:07] WARNING (nni.experiment) KeyboardInterrupt detected
[2024-02-11 15:12:07] INFO (nni.experiment) Stopping experiment, please wait...
[2024-02-11 15:12:07] INFO (nni.experiment) Saving experiment checkpoint...
[2024-02-11 15:12:07] INFO (nni.experiment) Stopping NNI manager, if any...
[2024-02-11 15:12:07] INFO (nni.experiment) Creating experiment, Experiment ID: 4vf3wcod
[2024-02-11 15:12:07] INFO (nni.experiment) Starting web server...
[2024-02-11 15:12:07] WARNING (nni.experiment) KeyboardInterrupt detected
[2024-02-11 15:12:07] INFO (nni.experiment) Stopping experiment, please wait...
[2024-02-11 15:12:07] INFO (nni.experiment) Saving experiment checkpoint...
[2024-02-11 15:12:07] INFO (nni.experiment) Stopping NNI manager, if any...
[2024-02-11 15:12:07] INFO (nni.experiment) Creating experiment, Experiment ID: 4vf3wcod
[2024-02-11 15:12:07] INFO (nni.experiment) Starting web server...
[2024-02-11 15:12:07] WARNING (nni.experiment) KeyboardInterrupt detected
[2024-02-11 15:12:07] INFO (nni.experiment) Stopping experiment, please wait...
[2024-02-11 15:12:07] INFO (nni.experiment) Saving experiment checkpoint...
[2024-02-11 15:12:07] INFO (nni.experiment) Stopping NNI manager, if any...
[2024-02-11 15:12:07] WARNING (nni.experiment) KeyboardInterrupt detected
[2024-02-11 15:12:07] INFO (nni.experiment) Stopping experiment, please wait...
[2024-02-11 15:12:07] INFO (nni.experiment) Saving experiment checkpoint...
[2024-02-11 15:12:07] INFO (nni.experiment) Stopping NNI manager, if any...
[2024-02-11 15:12:07] WARNING (nni.experiment) KeyboardInterrupt detected
[2024-02-11 15:12:07] INFO (nni.experiment) Stopping experiment, please wait...
[2024-02-11 15:12:07] INFO (nni.experiment) Saving experiment checkpoint...
[2024-02-11 15:12:07] INFO (nni.experiment) Stopping NNI manager, if any...
[2024-02-11 15:12:07] WARNING (nni.experiment) KeyboardInterrupt detected
[2024-02-11 15:12:07] INFO (nni.experiment) Stopping experiment, please wait...
[2024-02-11 15:12:07] INFO (nni.experiment) Saving experiment checkpoint...
[2024-02-11 15:12:07] INFO (nni.experiment) Stopping NNI manager, if any...
