[2024-02-11 15:13:44] INFO (nni.experiment) Creating experiment, Experiment ID: zuc69pwo
[2024-02-11 15:13:44] INFO (nni.experiment) Starting web server...
[2024-02-11 15:13:45] WARNING (nni.experiment) Timeout, retry...
[2024-02-11 15:13:46] WARNING (nni.experiment) Timeout, retry...
[2024-02-11 15:13:47] ERROR (nni.experiment) Create experiment failed: HTTPConnectionPool(host='localhost', port=8020): Max retries exceeded with url: /api/v1/nni/check-status (Caused by NewConnectionError('<urllib3.connection.HTTPConnection object at 0x7efc8d8ff8b0>: Failed to establish a new connection: [Errno 111] Connection refused'))
[2024-02-11 15:13:48] INFO (nni.experiment) Creating experiment, Experiment ID: zuc69pwo
[2024-02-11 15:13:48] INFO (nni.experiment) Starting web server...
[2024-02-11 15:13:49] WARNING (nni.experiment) Timeout, retry...
[2024-02-11 15:13:50] WARNING (nni.experiment) Timeout, retry...
[2024-02-11 15:13:51] ERROR (nni.experiment) Create experiment failed: HTTPConnectionPool(host='localhost', port=8021): Max retries exceeded with url: /api/v1/nni/check-status (Caused by NewConnectionError('<urllib3.connection.HTTPConnection object at 0x7efc8d8991f0>: Failed to establish a new connection: [Errno 111] Connection refused'))
[2024-02-11 15:13:51] INFO (nni.experiment) Creating experiment, Experiment ID: zuc69pwo
[2024-02-11 15:13:51] INFO (nni.experiment) Starting web server...
[2024-02-11 15:13:52] WARNING (nni.experiment) Timeout, retry...
[2024-02-11 15:13:53] WARNING (nni.experiment) Timeout, retry...
[2024-02-11 15:13:54] ERROR (nni.experiment) Create experiment failed: HTTPConnectionPool(host='localhost', port=8022): Max retries exceeded with url: /api/v1/nni/check-status (Caused by NewConnectionError('<urllib3.connection.HTTPConnection object at 0x7efc8d899ee0>: Failed to establish a new connection: [Errno 111] Connection refused'))
[2024-02-11 15:13:54] INFO (nni.experiment) Creating experiment, Experiment ID: zuc69pwo
[2024-02-11 15:13:54] INFO (nni.experiment) Starting web server...
[2024-02-11 15:13:55] WARNING (nni.experiment) Timeout, retry...
[2024-02-11 15:13:56] WARNING (nni.experiment) Timeout, retry...
[2024-02-11 15:13:57] ERROR (nni.experiment) Create experiment failed: HTTPConnectionPool(host='localhost', port=8023): Max retries exceeded with url: /api/v1/nni/check-status (Caused by NewConnectionError('<urllib3.connection.HTTPConnection object at 0x7efc8d8a4c10>: Failed to establish a new connection: [Errno 111] Connection refused'))
[2024-02-11 15:13:57] INFO (nni.experiment) Creating experiment, Experiment ID: zuc69pwo
[2024-02-11 15:13:57] INFO (nni.experiment) Starting web server...
[2024-02-11 15:13:58] WARNING (nni.experiment) Timeout, retry...
[2024-02-11 15:13:59] WARNING (nni.experiment) Timeout, retry...
[2024-02-11 15:14:00] ERROR (nni.experiment) Create experiment failed: HTTPConnectionPool(host='localhost', port=8024): Max retries exceeded with url: /api/v1/nni/check-status (Caused by NewConnectionError('<urllib3.connection.HTTPConnection object at 0x7efc8d8a4910>: Failed to establish a new connection: [Errno 111] Connection refused'))
[2024-02-11 15:14:00] INFO (nni.experiment) Creating experiment, Experiment ID: zuc69pwo
[2024-02-11 15:14:00] INFO (nni.experiment) Starting web server...
[2024-02-11 15:14:01] WARNING (nni.experiment) Timeout, retry...
[2024-02-11 15:14:02] WARNING (nni.experiment) Timeout, retry...
[2024-02-11 15:14:03] ERROR (nni.experiment) Create experiment failed: HTTPConnectionPool(host='localhost', port=8025): Max retries exceeded with url: /api/v1/nni/check-status (Caused by NewConnectionError('<urllib3.connection.HTTPConnection object at 0x7efc8d899340>: Failed to establish a new connection: [Errno 111] Connection refused'))
[2024-02-11 15:14:03] INFO (nni.experiment) Creating experiment, Experiment ID: zuc69pwo
[2024-02-11 15:14:03] INFO (nni.experiment) Starting web server...
[2024-02-11 15:14:04] WARNING (nni.experiment) Timeout, retry...
[2024-02-11 15:14:05] WARNING (nni.experiment) Timeout, retry...
[2024-02-11 15:14:06] ERROR (nni.experiment) Create experiment failed: HTTPConnectionPool(host='localhost', port=8026): Max retries exceeded with url: /api/v1/nni/check-status (Caused by NewConnectionError('<urllib3.connection.HTTPConnection object at 0x7efc8d899040>: Failed to establish a new connection: [Errno 111] Connection refused'))
[2024-02-11 15:14:06] INFO (nni.experiment) Creating experiment, Experiment ID: zuc69pwo
[2024-02-11 15:14:06] INFO (nni.experiment) Starting web server...
[2024-02-11 15:14:06] WARNING (nni.experiment) KeyboardInterrupt detected
[2024-02-11 15:14:06] INFO (nni.experiment) Stopping experiment, please wait...
[2024-02-11 15:14:06] INFO (nni.experiment) Saving experiment checkpoint...
[2024-02-11 15:14:06] INFO (nni.experiment) Stopping NNI manager, if any...
[2024-02-11 15:14:06] INFO (nni.experiment) Creating experiment, Experiment ID: zuc69pwo
[2024-02-11 15:14:06] INFO (nni.experiment) Starting web server...
[2024-02-11 15:14:07] WARNING (nni.experiment) KeyboardInterrupt detected
[2024-02-11 15:14:07] INFO (nni.experiment) Stopping experiment, please wait...
[2024-02-11 15:14:07] INFO (nni.experiment) Saving experiment checkpoint...
[2024-02-11 15:14:07] INFO (nni.experiment) Stopping NNI manager, if any...
[2024-02-11 15:14:07] INFO (nni.experiment) Creating experiment, Experiment ID: zuc69pwo
[2024-02-11 15:14:07] INFO (nni.experiment) Starting web server...
[2024-02-11 15:14:07] WARNING (nni.experiment) KeyboardInterrupt detected
[2024-02-11 15:14:07] INFO (nni.experiment) Stopping experiment, please wait...
[2024-02-11 15:14:07] INFO (nni.experiment) Saving experiment checkpoint...
[2024-02-11 15:14:07] INFO (nni.experiment) Stopping NNI manager, if any...
[2024-02-11 15:14:07] INFO (nni.experiment) Creating experiment, Experiment ID: zuc69pwo
[2024-02-11 15:14:07] INFO (nni.experiment) Starting web server...
[2024-02-11 15:14:08] WARNING (nni.experiment) KeyboardInterrupt detected
[2024-02-11 15:14:08] INFO (nni.experiment) Stopping experiment, please wait...
[2024-02-11 15:14:08] INFO (nni.experiment) Saving experiment checkpoint...
[2024-02-11 15:14:08] INFO (nni.experiment) Stopping NNI manager, if any...
[2024-02-11 15:14:08] WARNING (nni.experiment) KeyboardInterrupt detected
[2024-02-11 15:14:08] INFO (nni.experiment) Stopping experiment, please wait...
[2024-02-11 15:14:08] INFO (nni.experiment) Saving experiment checkpoint...
[2024-02-11 15:14:08] INFO (nni.experiment) Stopping NNI manager, if any...
[2024-02-11 15:14:08] WARNING (nni.experiment) KeyboardInterrupt detected
[2024-02-11 15:14:08] INFO (nni.experiment) Stopping experiment, please wait...
[2024-02-11 15:14:08] INFO (nni.experiment) Saving experiment checkpoint...
[2024-02-11 15:14:08] INFO (nni.experiment) Stopping NNI manager, if any...
[2024-02-11 15:14:08] INFO (nni.experiment) Creating experiment, Experiment ID: zuc69pwo
[2024-02-11 15:14:08] WARNING (nni.experiment) KeyboardInterrupt detected
[2024-02-11 15:14:08] INFO (nni.experiment) Stopping experiment, please wait...
[2024-02-11 15:14:08] INFO (nni.experiment) Saving experiment checkpoint...
[2024-02-11 15:14:08] INFO (nni.experiment) Stopping NNI manager, if any...
[2024-02-11 15:14:08] INFO (nni.experiment) Creating experiment, Experiment ID: zuc69pwo
[2024-02-11 15:14:08] WARNING (nni.experiment) KeyboardInterrupt detected
[2024-02-11 15:14:08] INFO (nni.experiment) Stopping experiment, please wait...
[2024-02-11 15:14:08] INFO (nni.experiment) Saving experiment checkpoint...
[2024-02-11 15:14:08] INFO (nni.experiment) Stopping NNI manager, if any...
[2024-02-11 15:14:08] INFO (nni.experiment) Creating experiment, Experiment ID: zuc69pwo
[2024-02-11 15:14:08] WARNING (nni.experiment) KeyboardInterrupt detected
[2024-02-11 15:14:08] INFO (nni.experiment) Stopping experiment, please wait...
[2024-02-11 15:14:08] INFO (nni.experiment) Saving experiment checkpoint...
[2024-02-11 15:14:08] INFO (nni.experiment) Stopping NNI manager, if any...
[2024-02-11 15:14:08] WARNING (nni.experiment) KeyboardInterrupt detected
[2024-02-11 15:14:08] INFO (nni.experiment) Stopping experiment, please wait...
[2024-02-11 15:14:08] INFO (nni.experiment) Saving experiment checkpoint...
[2024-02-11 15:14:08] INFO (nni.experiment) Stopping NNI manager, if any...
[2024-02-11 15:14:08] WARNING (nni.experiment) KeyboardInterrupt detected
[2024-02-11 15:14:08] INFO (nni.experiment) Stopping experiment, please wait...
[2024-02-11 15:14:08] INFO (nni.experiment) Saving experiment checkpoint...
[2024-02-11 15:14:08] INFO (nni.experiment) Stopping NNI manager, if any...
[2024-02-11 15:14:08] WARNING (nni.experiment) KeyboardInterrupt detected
[2024-02-11 15:14:08] INFO (nni.experiment) Stopping experiment, please wait...
[2024-02-11 15:14:08] INFO (nni.experiment) Saving experiment checkpoint...
[2024-02-11 15:14:08] INFO (nni.experiment) Stopping NNI manager, if any...
[2024-02-11 15:14:08] WARNING (nni.experiment) KeyboardInterrupt detected
[2024-02-11 15:14:08] INFO (nni.experiment) Stopping experiment, please wait...
[2024-02-11 15:14:08] INFO (nni.experiment) Saving experiment checkpoint...
[2024-02-11 15:14:08] INFO (nni.experiment) Stopping NNI manager, if any...
[2024-02-11 15:14:08] WARNING (nni.experiment) KeyboardInterrupt detected
[2024-02-11 15:14:08] INFO (nni.experiment) Stopping experiment, please wait...
[2024-02-11 15:14:08] INFO (nni.experiment) Saving experiment checkpoint...
[2024-02-11 15:14:08] INFO (nni.experiment) Stopping NNI manager, if any...
[2024-02-11 15:14:08] WARNING (nni.experiment) KeyboardInterrupt detected
[2024-02-11 15:14:08] INFO (nni.experiment) Stopping experiment, please wait...
[2024-02-11 15:14:08] INFO (nni.experiment) Saving experiment checkpoint...
[2024-02-11 15:14:08] INFO (nni.experiment) Stopping NNI manager, if any...
[2024-02-11 15:14:08] WARNING (nni.experiment) KeyboardInterrupt detected
[2024-02-11 15:14:08] INFO (nni.experiment) Stopping experiment, please wait...
[2024-02-11 15:14:08] INFO (nni.experiment) Saving experiment checkpoint...
[2024-02-11 15:14:08] INFO (nni.experiment) Stopping NNI manager, if any...
[2024-02-11 15:14:08] WARNING (nni.experiment) KeyboardInterrupt detected
[2024-02-11 15:14:08] INFO (nni.experiment) Stopping experiment, please wait...
[2024-02-11 15:14:08] INFO (nni.experiment) Saving experiment checkpoint...
[2024-02-11 15:14:08] INFO (nni.experiment) Stopping NNI manager, if any...
[2024-02-11 15:14:08] INFO (nni.experiment) Creating experiment, Experiment ID: zuc69pwo
[2024-02-11 15:14:08] WARNING (nni.experiment) KeyboardInterrupt detected
[2024-02-11 15:14:08] INFO (nni.experiment) Stopping experiment, please wait...
[2024-02-11 15:14:08] INFO (nni.experiment) Saving experiment checkpoint...
[2024-02-11 15:14:08] INFO (nni.experiment) Stopping NNI manager, if any...
[2024-02-11 15:14:08] WARNING (nni.experiment) KeyboardInterrupt detected
[2024-02-11 15:14:08] INFO (nni.experiment) Stopping experiment, please wait...
[2024-02-11 15:14:08] INFO (nni.experiment) Saving experiment checkpoint...
[2024-02-11 15:14:08] INFO (nni.experiment) Stopping NNI manager, if any...
[2024-02-11 15:14:08] WARNING (nni.experiment) KeyboardInterrupt detected
[2024-02-11 15:14:08] INFO (nni.experiment) Stopping experiment, please wait...
[2024-02-11 15:14:08] INFO (nni.experiment) Saving experiment checkpoint...
[2024-02-11 15:14:08] INFO (nni.experiment) Stopping NNI manager, if any...
[2024-02-11 15:14:08] WARNING (nni.experiment) KeyboardInterrupt detected
[2024-02-11 15:14:08] INFO (nni.experiment) Stopping experiment, please wait...
[2024-02-11 15:14:08] INFO (nni.experiment) Saving experiment checkpoint...
[2024-02-11 15:14:08] INFO (nni.experiment) Stopping NNI manager, if any...
[2024-02-11 15:14:08] WARNING (nni.experiment) KeyboardInterrupt detected
[2024-02-11 15:14:08] INFO (nni.experiment) Stopping experiment, please wait...
[2024-02-11 15:14:08] INFO (nni.experiment) Saving experiment checkpoint...
[2024-02-11 15:14:08] INFO (nni.experiment) Stopping NNI manager, if any...
[2024-02-11 15:14:08] INFO (nni.experiment) Creating experiment, Experiment ID: zuc69pwo
[2024-02-11 15:14:08] INFO (nni.experiment) Starting web server...
[2024-02-11 15:14:09] WARNING (nni.experiment) KeyboardInterrupt detected
[2024-02-11 15:14:09] INFO (nni.experiment) Stopping experiment, please wait...
[2024-02-11 15:14:09] INFO (nni.experiment) Saving experiment checkpoint...
[2024-02-11 15:14:09] INFO (nni.experiment) Stopping NNI manager, if any...
[2024-02-11 15:14:09] INFO (nni.experiment) Creating experiment, Experiment ID: zuc69pwo
[2024-02-11 15:14:09] INFO (nni.experiment) Starting web server...
[2024-02-11 15:14:10] WARNING (nni.experiment) KeyboardInterrupt detected
[2024-02-11 15:14:10] INFO (nni.experiment) Stopping experiment, please wait...
[2024-02-11 15:14:10] INFO (nni.experiment) Saving experiment checkpoint...
[2024-02-11 15:14:10] INFO (nni.experiment) Stopping NNI manager, if any...
[2024-02-11 15:14:10] WARNING (nni.experiment) KeyboardInterrupt detected
[2024-02-11 15:14:10] INFO (nni.experiment) Stopping experiment, please wait...
[2024-02-11 15:14:10] INFO (nni.experiment) Saving experiment checkpoint...
[2024-02-11 15:14:10] INFO (nni.experiment) Stopping NNI manager, if any...
[2024-02-11 15:14:10] WARNING (nni.experiment) KeyboardInterrupt detected
[2024-02-11 15:14:10] INFO (nni.experiment) Stopping experiment, please wait...
[2024-02-11 15:14:10] INFO (nni.experiment) Saving experiment checkpoint...
[2024-02-11 15:14:10] INFO (nni.experiment) Stopping NNI manager, if any...
[2024-02-11 15:14:10] WARNING (nni.experiment) KeyboardInterrupt detected
[2024-02-11 15:14:10] INFO (nni.experiment) Stopping experiment, please wait...
[2024-02-11 15:14:10] INFO (nni.experiment) Saving experiment checkpoint...
[2024-02-11 15:14:10] INFO (nni.experiment) Stopping NNI manager, if any...
[2024-02-11 15:14:10] INFO (nni.experiment) Creating experiment, Experiment ID: zuc69pwo
[2024-02-11 15:14:10] WARNING (nni.experiment) KeyboardInterrupt detected
[2024-02-11 15:14:10] INFO (nni.experiment) Stopping experiment, please wait...
[2024-02-11 15:14:10] INFO (nni.experiment) Saving experiment checkpoint...
[2024-02-11 15:14:10] INFO (nni.experiment) Stopping NNI manager, if any...
[2024-02-11 15:14:10] WARNING (nni.experiment) KeyboardInterrupt detected
[2024-02-11 15:14:10] INFO (nni.experiment) Stopping experiment, please wait...
[2024-02-11 15:14:10] INFO (nni.experiment) Saving experiment checkpoint...
[2024-02-11 15:14:10] INFO (nni.experiment) Stopping NNI manager, if any...
[2024-02-11 15:14:10] INFO (nni.experiment) Creating experiment, Experiment ID: zuc69pwo
[2024-02-11 15:14:10] WARNING (nni.experiment) KeyboardInterrupt detected
[2024-02-11 15:14:10] INFO (nni.experiment) Stopping experiment, please wait...
[2024-02-11 15:14:10] INFO (nni.experiment) Saving experiment checkpoint...
[2024-02-11 15:14:10] INFO (nni.experiment) Stopping NNI manager, if any...
[2024-02-11 15:14:10] WARNING (nni.experiment) KeyboardInterrupt detected
[2024-02-11 15:14:10] INFO (nni.experiment) Stopping experiment, please wait...
[2024-02-11 15:14:10] INFO (nni.experiment) Saving experiment checkpoint...
[2024-02-11 15:14:10] INFO (nni.experiment) Stopping NNI manager, if any...
[2024-02-11 15:14:10] WARNING (nni.experiment) KeyboardInterrupt detected
[2024-02-11 15:14:10] INFO (nni.experiment) Stopping experiment, please wait...
[2024-02-11 15:14:10] INFO (nni.experiment) Saving experiment checkpoint...
[2024-02-11 15:14:10] INFO (nni.experiment) Stopping NNI manager, if any...
[2024-02-11 15:14:10] INFO (nni.experiment) Creating experiment, Experiment ID: zuc69pwo
[2024-02-11 15:14:10] INFO (nni.experiment) Starting web server...
[2024-02-11 15:14:11] WARNING (nni.experiment) KeyboardInterrupt detected
[2024-02-11 15:14:11] INFO (nni.experiment) Stopping experiment, please wait...
[2024-02-11 15:14:11] INFO (nni.experiment) Saving experiment checkpoint...
[2024-02-11 15:14:11] INFO (nni.experiment) Stopping NNI manager, if any...
[2024-02-11 15:14:11] INFO (nni.experiment) Creating experiment, Experiment ID: zuc69pwo
[2024-02-11 15:14:11] INFO (nni.experiment) Starting web server...
[2024-02-11 15:14:11] WARNING (nni.experiment) KeyboardInterrupt detected
[2024-02-11 15:14:11] INFO (nni.experiment) Stopping experiment, please wait...
[2024-02-11 15:14:11] INFO (nni.experiment) Saving experiment checkpoint...
[2024-02-11 15:14:11] INFO (nni.experiment) Stopping NNI manager, if any...
[2024-02-11 15:14:11] WARNING (nni.experiment) KeyboardInterrupt detected
[2024-02-11 15:14:11] INFO (nni.experiment) Stopping experiment, please wait...
[2024-02-11 15:14:11] INFO (nni.experiment) Saving experiment checkpoint...
[2024-02-11 15:14:11] INFO (nni.experiment) Stopping NNI manager, if any...
[2024-02-11 15:14:11] WARNING (nni.experiment) KeyboardInterrupt detected
[2024-02-11 15:14:11] INFO (nni.experiment) Stopping experiment, please wait...
[2024-02-11 15:14:11] INFO (nni.experiment) Saving experiment checkpoint...
[2024-02-11 15:14:11] INFO (nni.experiment) Stopping NNI manager, if any...
[2024-02-11 15:14:11] WARNING (nni.experiment) KeyboardInterrupt detected
[2024-02-11 15:14:11] INFO (nni.experiment) Stopping experiment, please wait...
[2024-02-11 15:14:11] INFO (nni.experiment) Saving experiment checkpoint...
[2024-02-11 15:14:11] INFO (nni.experiment) Stopping NNI manager, if any...
[2024-02-11 15:14:11] WARNING (nni.experiment) KeyboardInterrupt detected
[2024-02-11 15:14:11] INFO (nni.experiment) Stopping experiment, please wait...
[2024-02-11 15:14:11] INFO (nni.experiment) Saving experiment checkpoint...
[2024-02-11 15:14:11] INFO (nni.experiment) Stopping NNI manager, if any...
[2024-02-11 15:14:11] WARNING (nni.experiment) KeyboardInterrupt detected
[2024-02-11 15:14:11] INFO (nni.experiment) Stopping experiment, please wait...
[2024-02-11 15:14:11] INFO (nni.experiment) Saving experiment checkpoint...
[2024-02-11 15:14:11] INFO (nni.experiment) Stopping NNI manager, if any...
[2024-02-11 15:14:11] INFO (nni.experiment) Creating experiment, Experiment ID: zuc69pwo
[2024-02-11 15:14:11] WARNING (nni.experiment) KeyboardInterrupt detected
[2024-02-11 15:14:11] INFO (nni.experiment) Stopping experiment, please wait...
[2024-02-11 15:14:11] INFO (nni.experiment) Saving experiment checkpoint...
[2024-02-11 15:14:11] INFO (nni.experiment) Stopping NNI manager, if any...
[2024-02-11 15:14:11] WARNING (nni.experiment) KeyboardInterrupt detected
[2024-02-11 15:14:11] INFO (nni.experiment) Stopping experiment, please wait...
[2024-02-11 15:14:11] INFO (nni.experiment) Saving experiment checkpoint...
[2024-02-11 15:14:11] INFO (nni.experiment) Stopping NNI manager, if any...
[2024-02-11 15:14:11] WARNING (nni.experiment) KeyboardInterrupt detected
[2024-02-11 15:14:11] INFO (nni.experiment) Stopping experiment, please wait...
[2024-02-11 15:14:11] INFO (nni.experiment) Saving experiment checkpoint...
[2024-02-11 15:14:11] INFO (nni.experiment) Stopping NNI manager, if any...
[2024-02-11 15:14:12] WARNING (nni.experiment) KeyboardInterrupt detected
[2024-02-11 15:14:12] INFO (nni.experiment) Stopping experiment, please wait...
[2024-02-11 15:14:12] INFO (nni.experiment) Saving experiment checkpoint...
[2024-02-11 15:14:12] INFO (nni.experiment) Stopping NNI manager, if any...
[2024-02-11 15:14:12] WARNING (nni.experiment) KeyboardInterrupt detected
[2024-02-11 15:14:12] INFO (nni.experiment) Stopping experiment, please wait...
[2024-02-11 15:14:12] INFO (nni.experiment) Saving experiment checkpoint...
[2024-02-11 15:14:12] INFO (nni.experiment) Stopping NNI manager, if any...
[2024-02-11 15:14:12] INFO (nni.experiment) Creating experiment, Experiment ID: zuc69pwo
[2024-02-11 15:14:12] INFO (nni.experiment) Starting web server...
[2024-02-11 15:14:12] WARNING (nni.experiment) KeyboardInterrupt detected
[2024-02-11 15:14:12] INFO (nni.experiment) Stopping experiment, please wait...
[2024-02-11 15:14:12] INFO (nni.experiment) Saving experiment checkpoint...
[2024-02-11 15:14:12] INFO (nni.experiment) Stopping NNI manager, if any...
[2024-02-11 15:14:12] WARNING (nni.experiment) KeyboardInterrupt detected
[2024-02-11 15:14:12] INFO (nni.experiment) Stopping experiment, please wait...
[2024-02-11 15:14:12] INFO (nni.experiment) Saving experiment checkpoint...
[2024-02-11 15:14:12] INFO (nni.experiment) Stopping NNI manager, if any...
[2024-02-11 15:14:12] WARNING (nni.experiment) KeyboardInterrupt detected
[2024-02-11 15:14:12] INFO (nni.experiment) Stopping experiment, please wait...
[2024-02-11 15:14:12] INFO (nni.experiment) Saving experiment checkpoint...
[2024-02-11 15:14:12] INFO (nni.experiment) Stopping NNI manager, if any...
[2024-02-11 15:14:12] WARNING (nni.experiment) KeyboardInterrupt detected
[2024-02-11 15:14:12] INFO (nni.experiment) Stopping experiment, please wait...
[2024-02-11 15:14:12] INFO (nni.experiment) Saving experiment checkpoint...
[2024-02-11 15:14:12] INFO (nni.experiment) Stopping NNI manager, if any...
