[2024-02-11 18:05:52] INFO (nni.experiment) Creating experiment, Experiment ID: nj4bva52
[2024-02-11 18:05:52] INFO (nni.experiment) Starting web server...
[2024-02-11 18:05:53] WARNING (nni.experiment) Timeout, retry...
[2024-02-11 18:05:54] WARNING (nni.experiment) Timeout, retry...
[2024-02-11 18:05:55] ERROR (nni.experiment) Create experiment failed
[2024-02-11 18:05:55] INFO (nni.experiment) Creating experiment, Experiment ID: nj4bva52
[2024-02-11 18:05:55] INFO (nni.experiment) Starting web server...
[2024-02-11 18:05:56] WARNING (nni.experiment) Timeout, retry...
[2024-02-11 18:05:57] WARNING (nni.experiment) Timeout, retry...
[2024-02-11 18:05:58] ERROR (nni.experiment) Create experiment failed
[2024-02-11 18:05:58] INFO (nni.experiment) Creating experiment, Experiment ID: nj4bva52
[2024-02-11 18:05:58] INFO (nni.experiment) Starting web server...
[2024-02-11 18:05:59] WARNING (nni.experiment) Timeout, retry...
[2024-02-11 18:06:00] WARNING (nni.experiment) Timeout, retry...
[2024-02-11 18:06:01] ERROR (nni.experiment) Create experiment failed
[2024-02-11 18:06:01] INFO (nni.experiment) Creating experiment, Experiment ID: nj4bva52
[2024-02-11 18:06:01] INFO (nni.experiment) Starting web server...
[2024-02-11 18:06:02] WARNING (nni.experiment) Timeout, retry...
[2024-02-11 18:06:03] WARNING (nni.experiment) Timeout, retry...
[2024-02-11 18:06:04] ERROR (nni.experiment) Create experiment failed
[2024-02-11 18:06:04] INFO (nni.experiment) Creating experiment, Experiment ID: nj4bva52
[2024-02-11 18:06:04] INFO (nni.experiment) Starting web server...
[2024-02-11 18:06:05] WARNING (nni.experiment) Timeout, retry...
[2024-02-11 18:06:06] WARNING (nni.experiment) Timeout, retry...
[2024-02-11 18:06:07] ERROR (nni.experiment) Create experiment failed
[2024-02-11 18:06:07] INFO (nni.experiment) Creating experiment, Experiment ID: nj4bva52
[2024-02-11 18:06:07] INFO (nni.experiment) Starting web server...
[2024-02-11 18:06:08] WARNING (nni.experiment) Timeout, retry...
[2024-02-11 18:06:09] WARNING (nni.experiment) Timeout, retry...
[2024-02-11 18:06:10] ERROR (nni.experiment) Create experiment failed
[2024-02-11 18:06:10] INFO (nni.experiment) Creating experiment, Experiment ID: nj4bva52
[2024-02-11 18:06:10] INFO (nni.experiment) Starting web server...
[2024-02-11 18:06:11] WARNING (nni.experiment) Timeout, retry...
[2024-02-11 18:06:12] WARNING (nni.experiment) Timeout, retry...
[2024-02-11 18:06:13] ERROR (nni.experiment) Create experiment failed
[2024-02-11 18:06:13] INFO (nni.experiment) Creating experiment, Experiment ID: nj4bva52
[2024-02-11 18:06:14] INFO (nni.experiment) Starting web server...
[2024-02-11 18:06:15] WARNING (nni.experiment) Timeout, retry...
[2024-02-11 18:06:16] WARNING (nni.experiment) Timeout, retry...
[2024-02-11 18:06:17] ERROR (nni.experiment) Create experiment failed
[2024-02-11 18:06:17] INFO (nni.experiment) Creating experiment, Experiment ID: nj4bva52
[2024-02-11 18:06:17] INFO (nni.experiment) Starting web server...
[2024-02-11 18:06:18] WARNING (nni.experiment) Timeout, retry...
[2024-02-11 18:06:19] WARNING (nni.experiment) Timeout, retry...
[2024-02-11 18:06:20] ERROR (nni.experiment) Create experiment failed
[2024-02-11 18:06:20] INFO (nni.experiment) Creating experiment, Experiment ID: nj4bva52
[2024-02-11 18:06:20] INFO (nni.experiment) Starting web server...
[2024-02-11 18:06:21] WARNING (nni.experiment) Timeout, retry...
[2024-02-11 18:06:22] WARNING (nni.experiment) Timeout, retry...
[2024-02-11 18:06:23] ERROR (nni.experiment) Create experiment failed
[2024-02-11 18:06:23] INFO (nni.experiment) Creating experiment, Experiment ID: nj4bva52
[2024-02-11 18:06:23] INFO (nni.experiment) Starting web server...
[2024-02-11 18:06:24] WARNING (nni.experiment) Timeout, retry...
[2024-02-11 18:06:25] WARNING (nni.experiment) Timeout, retry...
[2024-02-11 18:06:26] ERROR (nni.experiment) Create experiment failed
[2024-02-11 18:06:26] INFO (nni.experiment) Creating experiment, Experiment ID: nj4bva52
[2024-02-11 18:06:26] INFO (nni.experiment) Starting web server...
[2024-02-11 18:06:27] WARNING (nni.experiment) Timeout, retry...
[2024-02-11 18:06:28] WARNING (nni.experiment) Timeout, retry...
[2024-02-11 18:06:29] ERROR (nni.experiment) Create experiment failed
[2024-02-11 18:06:29] INFO (nni.experiment) Creating experiment, Experiment ID: nj4bva52
[2024-02-11 18:06:29] INFO (nni.experiment) Starting web server...
[2024-02-11 18:06:30] WARNING (nni.experiment) Timeout, retry...
[2024-02-11 18:06:31] WARNING (nni.experiment) Timeout, retry...
[2024-02-11 18:06:32] ERROR (nni.experiment) Create experiment failed
[2024-02-11 18:06:32] INFO (nni.experiment) Creating experiment, Experiment ID: nj4bva52
[2024-02-11 18:06:32] INFO (nni.experiment) Starting web server...
[2024-02-11 18:06:33] WARNING (nni.experiment) Timeout, retry...
[2024-02-11 18:06:34] WARNING (nni.experiment) Timeout, retry...
[2024-02-11 18:06:35] ERROR (nni.experiment) Create experiment failed
[2024-02-11 18:06:35] INFO (nni.experiment) Creating experiment, Experiment ID: nj4bva52
[2024-02-11 18:06:35] INFO (nni.experiment) Starting web server...
[2024-02-11 18:06:36] WARNING (nni.experiment) Timeout, retry...
[2024-02-11 18:06:37] WARNING (nni.experiment) Timeout, retry...
[2024-02-11 18:06:38] ERROR (nni.experiment) Create experiment failed
[2024-02-11 18:06:38] INFO (nni.experiment) Creating experiment, Experiment ID: nj4bva52
[2024-02-11 18:06:38] INFO (nni.experiment) Starting web server...
[2024-02-11 18:06:39] WARNING (nni.experiment) Timeout, retry...
[2024-02-11 18:06:40] WARNING (nni.experiment) Timeout, retry...
[2024-02-11 18:06:41] ERROR (nni.experiment) Create experiment failed
[2024-02-11 18:06:41] INFO (nni.experiment) Creating experiment, Experiment ID: nj4bva52
[2024-02-11 18:06:41] INFO (nni.experiment) Starting web server...
[2024-02-11 18:06:42] WARNING (nni.experiment) Timeout, retry...
[2024-02-11 18:06:43] WARNING (nni.experiment) Timeout, retry...
[2024-02-11 18:06:44] ERROR (nni.experiment) Create experiment failed
[2024-02-11 18:06:44] INFO (nni.experiment) Creating experiment, Experiment ID: nj4bva52
[2024-02-11 18:06:44] INFO (nni.experiment) Starting web server...
[2024-02-11 18:06:45] WARNING (nni.experiment) Timeout, retry...
[2024-02-11 18:06:46] WARNING (nni.experiment) Timeout, retry...
[2024-02-11 18:06:47] ERROR (nni.experiment) Create experiment failed
[2024-02-11 18:06:47] INFO (nni.experiment) Creating experiment, Experiment ID: nj4bva52
[2024-02-11 18:06:47] INFO (nni.experiment) Starting web server...
[2024-02-11 18:06:48] WARNING (nni.experiment) Timeout, retry...
[2024-02-11 18:06:49] WARNING (nni.experiment) Timeout, retry...
[2024-02-11 18:06:50] ERROR (nni.experiment) Create experiment failed
[2024-02-11 18:06:50] INFO (nni.experiment) Creating experiment, Experiment ID: nj4bva52
[2024-02-11 18:06:50] INFO (nni.experiment) Starting web server...
[2024-02-11 18:06:51] WARNING (nni.experiment) Timeout, retry...
[2024-02-11 18:06:52] WARNING (nni.experiment) Timeout, retry...
[2024-02-11 18:06:53] ERROR (nni.experiment) Create experiment failed
[2024-02-11 18:06:53] INFO (nni.experiment) Creating experiment, Experiment ID: nj4bva52
[2024-02-11 18:06:53] INFO (nni.experiment) Starting web server...
[2024-02-11 18:06:54] WARNING (nni.experiment) Timeout, retry...
[2024-02-11 18:06:55] WARNING (nni.experiment) Timeout, retry...
[2024-02-11 18:06:56] ERROR (nni.experiment) Create experiment failed
[2024-02-11 18:06:56] INFO (nni.experiment) Stopping experiment, please wait...
