[2024-02-11 17:52:47] INFO (nni.experiment) Creating experiment, Experiment ID: bipt0ja4
[2024-02-11 17:52:47] INFO (nni.experiment) Starting web server...
[2024-02-11 17:52:48] WARNING (nni.experiment) Timeout, retry...
[2024-02-11 17:52:49] WARNING (nni.experiment) Timeout, retry...
[2024-02-11 17:52:50] ERROR (nni.experiment) Create experiment failed
[2024-02-11 17:52:50] INFO (nni.experiment) Creating experiment, Experiment ID: bipt0ja4
[2024-02-11 17:52:50] INFO (nni.experiment) Starting web server...
[2024-02-11 17:52:51] WARNING (nni.experiment) Timeout, retry...
[2024-02-11 17:52:52] WARNING (nni.experiment) Timeout, retry...
[2024-02-11 17:52:53] ERROR (nni.experiment) Create experiment failed
[2024-02-11 17:52:53] INFO (nni.experiment) Creating experiment, Experiment ID: bipt0ja4
[2024-02-11 17:52:53] INFO (nni.experiment) Starting web server...
[2024-02-11 17:52:54] WARNING (nni.experiment) Timeout, retry...
[2024-02-11 17:52:55] WARNING (nni.experiment) Timeout, retry...
[2024-02-11 17:52:56] ERROR (nni.experiment) Create experiment failed
[2024-02-11 17:52:56] INFO (nni.experiment) Creating experiment, Experiment ID: bipt0ja4
[2024-02-11 17:52:56] INFO (nni.experiment) Starting web server...
[2024-02-11 17:52:57] WARNING (nni.experiment) Timeout, retry...
[2024-02-11 17:52:58] WARNING (nni.experiment) Timeout, retry...
[2024-02-11 17:52:59] ERROR (nni.experiment) Create experiment failed
[2024-02-11 17:52:59] INFO (nni.experiment) Creating experiment, Experiment ID: bipt0ja4
[2024-02-11 17:52:59] INFO (nni.experiment) Starting web server...
[2024-02-11 17:53:00] WARNING (nni.experiment) Timeout, retry...
[2024-02-11 17:53:01] WARNING (nni.experiment) Timeout, retry...
[2024-02-11 17:53:02] ERROR (nni.experiment) Create experiment failed
[2024-02-11 17:53:02] INFO (nni.experiment) Creating experiment, Experiment ID: bipt0ja4
[2024-02-11 17:53:02] INFO (nni.experiment) Starting web server...
[2024-02-11 17:53:03] WARNING (nni.experiment) Timeout, retry...
[2024-02-11 17:53:04] WARNING (nni.experiment) Timeout, retry...
[2024-02-11 17:53:05] ERROR (nni.experiment) Create experiment failed
[2024-02-11 17:53:05] INFO (nni.experiment) Creating experiment, Experiment ID: bipt0ja4
[2024-02-11 17:53:05] INFO (nni.experiment) Starting web server...
[2024-02-11 17:53:06] WARNING (nni.experiment) Timeout, retry...
[2024-02-11 17:53:07] WARNING (nni.experiment) Timeout, retry...
[2024-02-11 17:53:08] ERROR (nni.experiment) Create experiment failed
[2024-02-11 17:53:08] INFO (nni.experiment) Creating experiment, Experiment ID: bipt0ja4
[2024-02-11 17:53:08] INFO (nni.experiment) Starting web server...
[2024-02-11 17:53:09] WARNING (nni.experiment) Timeout, retry...
[2024-02-11 17:53:10] WARNING (nni.experiment) Timeout, retry...
[2024-02-11 17:53:11] ERROR (nni.experiment) Create experiment failed
[2024-02-11 17:53:11] INFO (nni.experiment) Creating experiment, Experiment ID: bipt0ja4
[2024-02-11 17:53:11] INFO (nni.experiment) Starting web server...
[2024-02-11 17:53:12] WARNING (nni.experiment) Timeout, retry...
[2024-02-11 17:53:13] WARNING (nni.experiment) Timeout, retry...
[2024-02-11 17:53:14] ERROR (nni.experiment) Create experiment failed
[2024-02-11 17:53:14] INFO (nni.experiment) Creating experiment, Experiment ID: bipt0ja4
[2024-02-11 17:53:14] INFO (nni.experiment) Starting web server...
[2024-02-11 17:53:15] WARNING (nni.experiment) Timeout, retry...
[2024-02-11 17:53:16] WARNING (nni.experiment) Timeout, retry...
[2024-02-11 17:53:17] ERROR (nni.experiment) Create experiment failed
[2024-02-11 17:53:17] INFO (nni.experiment) Creating experiment, Experiment ID: bipt0ja4
[2024-02-11 17:53:17] INFO (nni.experiment) Starting web server...
[2024-02-11 17:53:18] WARNING (nni.experiment) Timeout, retry...
[2024-02-11 17:53:19] WARNING (nni.experiment) Timeout, retry...
[2024-02-11 17:53:20] ERROR (nni.experiment) Create experiment failed
[2024-02-11 17:53:20] INFO (nni.experiment) Creating experiment, Experiment ID: bipt0ja4
[2024-02-11 17:53:20] INFO (nni.experiment) Starting web server...
[2024-02-11 17:53:21] WARNING (nni.experiment) Timeout, retry...
[2024-02-11 17:53:22] WARNING (nni.experiment) Timeout, retry...
[2024-02-11 17:53:23] ERROR (nni.experiment) Create experiment failed
[2024-02-11 17:53:23] INFO (nni.experiment) Creating experiment, Experiment ID: bipt0ja4
[2024-02-11 17:53:23] INFO (nni.experiment) Starting web server...
[2024-02-11 17:53:24] WARNING (nni.experiment) Timeout, retry...
[2024-02-11 17:53:25] WARNING (nni.experiment) Timeout, retry...
[2024-02-11 17:53:26] ERROR (nni.experiment) Create experiment failed
[2024-02-11 17:53:26] INFO (nni.experiment) Creating experiment, Experiment ID: bipt0ja4
[2024-02-11 17:53:26] INFO (nni.experiment) Starting web server...
[2024-02-11 17:53:27] WARNING (nni.experiment) Timeout, retry...
[2024-02-11 17:53:28] WARNING (nni.experiment) Timeout, retry...
[2024-02-11 17:53:29] ERROR (nni.experiment) Create experiment failed
[2024-02-11 17:53:29] INFO (nni.experiment) Creating experiment, Experiment ID: bipt0ja4
[2024-02-11 17:53:29] INFO (nni.experiment) Starting web server...
[2024-02-11 17:53:30] WARNING (nni.experiment) Timeout, retry...
[2024-02-11 17:53:31] WARNING (nni.experiment) Timeout, retry...
[2024-02-11 17:53:32] ERROR (nni.experiment) Create experiment failed
[2024-02-11 17:53:32] INFO (nni.experiment) Creating experiment, Experiment ID: bipt0ja4
[2024-02-11 17:53:32] INFO (nni.experiment) Starting web server...
[2024-02-11 17:53:33] WARNING (nni.experiment) Timeout, retry...
[2024-02-11 17:53:34] WARNING (nni.experiment) Timeout, retry...
[2024-02-11 17:53:35] ERROR (nni.experiment) Create experiment failed
[2024-02-11 17:53:35] INFO (nni.experiment) Creating experiment, Experiment ID: bipt0ja4
[2024-02-11 17:53:35] INFO (nni.experiment) Starting web server...
[2024-02-11 17:53:36] WARNING (nni.experiment) Timeout, retry...
[2024-02-11 17:53:37] WARNING (nni.experiment) Timeout, retry...
[2024-02-11 17:53:38] ERROR (nni.experiment) Create experiment failed
[2024-02-11 17:53:38] INFO (nni.experiment) Creating experiment, Experiment ID: bipt0ja4
[2024-02-11 17:53:38] INFO (nni.experiment) Starting web server...
[2024-02-11 17:53:39] WARNING (nni.experiment) Timeout, retry...
[2024-02-11 17:53:40] WARNING (nni.experiment) Timeout, retry...
[2024-02-11 17:53:41] ERROR (nni.experiment) Create experiment failed
[2024-02-11 17:53:41] INFO (nni.experiment) Creating experiment, Experiment ID: bipt0ja4
[2024-02-11 17:53:41] INFO (nni.experiment) Starting web server...
[2024-02-11 17:53:43] WARNING (nni.experiment) Timeout, retry...
[2024-02-11 17:53:44] WARNING (nni.experiment) Timeout, retry...
[2024-02-11 17:53:45] ERROR (nni.experiment) Create experiment failed
[2024-02-11 17:53:45] INFO (nni.experiment) Creating experiment, Experiment ID: bipt0ja4
[2024-02-11 17:53:45] INFO (nni.experiment) Starting web server...
[2024-02-11 17:53:46] WARNING (nni.experiment) Timeout, retry...
[2024-02-11 17:53:47] WARNING (nni.experiment) Timeout, retry...
[2024-02-11 17:53:48] ERROR (nni.experiment) Create experiment failed
[2024-02-11 17:53:48] INFO (nni.experiment) Creating experiment, Experiment ID: bipt0ja4
[2024-02-11 17:53:48] INFO (nni.experiment) Starting web server...
[2024-02-11 17:53:49] WARNING (nni.experiment) Timeout, retry...
[2024-02-11 17:53:50] WARNING (nni.experiment) Timeout, retry...
[2024-02-11 17:53:51] ERROR (nni.experiment) Create experiment failed
[2024-02-11 17:53:51] INFO (nni.experiment) Creating experiment, Experiment ID: bipt0ja4
[2024-02-11 17:53:51] INFO (nni.experiment) Starting web server...
[2024-02-11 17:53:52] WARNING (nni.experiment) Timeout, retry...
[2024-02-11 17:53:53] WARNING (nni.experiment) Timeout, retry...
[2024-02-11 17:53:54] ERROR (nni.experiment) Create experiment failed
[2024-02-11 17:53:54] INFO (nni.experiment) Creating experiment, Experiment ID: bipt0ja4
[2024-02-11 17:53:54] INFO (nni.experiment) Starting web server...
[2024-02-11 17:53:55] WARNING (nni.experiment) Timeout, retry...
[2024-02-11 17:53:56] WARNING (nni.experiment) Timeout, retry...
[2024-02-11 17:53:57] ERROR (nni.experiment) Create experiment failed
[2024-02-11 17:53:57] INFO (nni.experiment) Creating experiment, Experiment ID: bipt0ja4
[2024-02-11 17:53:57] INFO (nni.experiment) Starting web server...
[2024-02-11 17:53:58] WARNING (nni.experiment) Timeout, retry...
[2024-02-11 17:53:59] WARNING (nni.experiment) Timeout, retry...
[2024-02-11 17:54:00] ERROR (nni.experiment) Create experiment failed
[2024-02-11 17:54:00] INFO (nni.experiment) Creating experiment, Experiment ID: bipt0ja4
[2024-02-11 17:54:00] INFO (nni.experiment) Starting web server...
[2024-02-11 17:54:01] WARNING (nni.experiment) Timeout, retry...
[2024-02-11 17:54:02] WARNING (nni.experiment) Timeout, retry...
[2024-02-11 17:54:03] ERROR (nni.experiment) Create experiment failed
[2024-02-11 17:54:03] INFO (nni.experiment) Creating experiment, Experiment ID: bipt0ja4
[2024-02-11 17:54:03] INFO (nni.experiment) Starting web server...
[2024-02-11 17:54:04] WARNING (nni.experiment) Timeout, retry...
[2024-02-11 17:54:05] WARNING (nni.experiment) Timeout, retry...
[2024-02-11 17:54:06] ERROR (nni.experiment) Create experiment failed
[2024-02-11 17:54:06] INFO (nni.experiment) Creating experiment, Experiment ID: bipt0ja4
[2024-02-11 17:54:06] INFO (nni.experiment) Starting web server...
[2024-02-11 17:54:07] WARNING (nni.experiment) Timeout, retry...
[2024-02-11 17:54:08] WARNING (nni.experiment) Timeout, retry...
[2024-02-11 17:54:09] ERROR (nni.experiment) Create experiment failed
[2024-02-11 17:54:09] INFO (nni.experiment) Creating experiment, Experiment ID: bipt0ja4
[2024-02-11 17:54:09] INFO (nni.experiment) Starting web server...
[2024-02-11 17:54:10] WARNING (nni.experiment) Timeout, retry...
[2024-02-11 17:54:11] WARNING (nni.experiment) Timeout, retry...
[2024-02-11 17:54:12] ERROR (nni.experiment) Create experiment failed
[2024-02-11 17:54:12] INFO (nni.experiment) Creating experiment, Experiment ID: bipt0ja4
[2024-02-11 17:54:12] INFO (nni.experiment) Starting web server...
[2024-02-11 17:54:13] WARNING (nni.experiment) Timeout, retry...
[2024-02-11 17:54:14] WARNING (nni.experiment) Timeout, retry...
[2024-02-11 17:54:15] ERROR (nni.experiment) Create experiment failed
[2024-02-11 17:54:15] INFO (nni.experiment) Creating experiment, Experiment ID: bipt0ja4
[2024-02-11 17:54:15] INFO (nni.experiment) Starting web server...
[2024-02-11 17:54:16] WARNING (nni.experiment) Timeout, retry...
[2024-02-11 17:54:17] WARNING (nni.experiment) Timeout, retry...
[2024-02-11 17:54:18] ERROR (nni.experiment) Create experiment failed
[2024-02-11 17:54:18] INFO (nni.experiment) Creating experiment, Experiment ID: bipt0ja4
[2024-02-11 17:54:18] INFO (nni.experiment) Starting web server...
[2024-02-11 17:54:19] WARNING (nni.experiment) Timeout, retry...
[2024-02-11 17:54:20] WARNING (nni.experiment) Timeout, retry...
[2024-02-11 17:54:21] ERROR (nni.experiment) Create experiment failed
[2024-02-11 17:54:21] INFO (nni.experiment) Creating experiment, Experiment ID: bipt0ja4
[2024-02-11 17:54:21] INFO (nni.experiment) Starting web server...
[2024-02-11 17:54:22] WARNING (nni.experiment) Timeout, retry...
[2024-02-11 17:54:23] WARNING (nni.experiment) Timeout, retry...
[2024-02-11 17:54:24] ERROR (nni.experiment) Create experiment failed
[2024-02-11 17:54:24] INFO (nni.experiment) Creating experiment, Experiment ID: bipt0ja4
[2024-02-11 17:54:24] INFO (nni.experiment) Starting web server...
[2024-02-11 17:54:25] WARNING (nni.experiment) Timeout, retry...
[2024-02-11 17:54:26] WARNING (nni.experiment) Timeout, retry...
[2024-02-11 17:54:27] ERROR (nni.experiment) Create experiment failed
[2024-02-11 17:54:27] INFO (nni.experiment) Creating experiment, Experiment ID: bipt0ja4
[2024-02-11 17:54:27] INFO (nni.experiment) Starting web server...
[2024-02-11 17:54:28] WARNING (nni.experiment) Timeout, retry...
[2024-02-11 17:54:29] WARNING (nni.experiment) Timeout, retry...
[2024-02-11 17:54:30] ERROR (nni.experiment) Create experiment failed
[2024-02-11 17:54:30] INFO (nni.experiment) Creating experiment, Experiment ID: bipt0ja4
[2024-02-11 17:54:30] INFO (nni.experiment) Starting web server...
[2024-02-11 17:54:31] WARNING (nni.experiment) Timeout, retry...
[2024-02-11 17:54:32] WARNING (nni.experiment) Timeout, retry...
[2024-02-11 17:54:33] ERROR (nni.experiment) Create experiment failed
[2024-02-11 17:54:33] INFO (nni.experiment) Creating experiment, Experiment ID: bipt0ja4
[2024-02-11 17:54:33] INFO (nni.experiment) Starting web server...
[2024-02-11 17:54:34] WARNING (nni.experiment) Timeout, retry...
[2024-02-11 17:54:35] WARNING (nni.experiment) Timeout, retry...
[2024-02-11 17:54:36] ERROR (nni.experiment) Create experiment failed
[2024-02-11 17:54:36] INFO (nni.experiment) Creating experiment, Experiment ID: bipt0ja4
[2024-02-11 17:54:36] INFO (nni.experiment) Starting web server...
[2024-02-11 17:54:37] WARNING (nni.experiment) Timeout, retry...
[2024-02-11 17:54:38] WARNING (nni.experiment) Timeout, retry...
[2024-02-11 17:54:39] ERROR (nni.experiment) Create experiment failed
[2024-02-11 17:54:39] INFO (nni.experiment) Creating experiment, Experiment ID: bipt0ja4
[2024-02-11 17:54:39] INFO (nni.experiment) Starting web server...
[2024-02-11 17:54:40] WARNING (nni.experiment) Timeout, retry...
[2024-02-11 17:54:41] WARNING (nni.experiment) Timeout, retry...
[2024-02-11 17:54:42] ERROR (nni.experiment) Create experiment failed
[2024-02-11 17:54:42] INFO (nni.experiment) Creating experiment, Experiment ID: bipt0ja4
[2024-02-11 17:54:42] INFO (nni.experiment) Starting web server...
[2024-02-11 17:54:43] WARNING (nni.experiment) Timeout, retry...
[2024-02-11 17:54:44] WARNING (nni.experiment) Timeout, retry...
[2024-02-11 17:54:45] ERROR (nni.experiment) Create experiment failed
[2024-02-11 17:54:45] INFO (nni.experiment) Creating experiment, Experiment ID: bipt0ja4
[2024-02-11 17:54:45] INFO (nni.experiment) Starting web server...
[2024-02-11 17:54:46] WARNING (nni.experiment) Timeout, retry...
[2024-02-11 17:54:47] WARNING (nni.experiment) Timeout, retry...
[2024-02-11 17:54:48] ERROR (nni.experiment) Create experiment failed
[2024-02-11 17:54:48] INFO (nni.experiment) Creating experiment, Experiment ID: bipt0ja4
[2024-02-11 17:54:48] INFO (nni.experiment) Starting web server...
[2024-02-11 17:54:49] WARNING (nni.experiment) Timeout, retry...
[2024-02-11 17:54:50] WARNING (nni.experiment) Timeout, retry...
[2024-02-11 17:54:51] ERROR (nni.experiment) Create experiment failed
[2024-02-11 17:54:51] INFO (nni.experiment) Creating experiment, Experiment ID: bipt0ja4
[2024-02-11 17:54:51] INFO (nni.experiment) Starting web server...
[2024-02-11 17:54:52] WARNING (nni.experiment) Timeout, retry...
[2024-02-11 17:54:53] WARNING (nni.experiment) Timeout, retry...
[2024-02-11 17:54:54] ERROR (nni.experiment) Create experiment failed
[2024-02-11 17:54:54] INFO (nni.experiment) Creating experiment, Experiment ID: bipt0ja4
[2024-02-11 17:54:54] INFO (nni.experiment) Starting web server...
[2024-02-11 17:54:55] WARNING (nni.experiment) Timeout, retry...
[2024-02-11 17:54:57] WARNING (nni.experiment) Timeout, retry...
[2024-02-11 17:54:58] ERROR (nni.experiment) Create experiment failed
[2024-02-11 17:54:58] INFO (nni.experiment) Creating experiment, Experiment ID: bipt0ja4
[2024-02-11 17:54:58] INFO (nni.experiment) Starting web server...
[2024-02-11 17:54:59] WARNING (nni.experiment) Timeout, retry...
[2024-02-11 17:55:00] WARNING (nni.experiment) Timeout, retry...
[2024-02-11 17:55:01] ERROR (nni.experiment) Create experiment failed
[2024-02-11 17:55:01] INFO (nni.experiment) Creating experiment, Experiment ID: bipt0ja4
[2024-02-11 17:55:01] INFO (nni.experiment) Starting web server...
[2024-02-11 17:55:02] WARNING (nni.experiment) Timeout, retry...
[2024-02-11 17:55:03] WARNING (nni.experiment) Timeout, retry...
[2024-02-11 17:55:04] ERROR (nni.experiment) Create experiment failed
[2024-02-11 17:55:04] INFO (nni.experiment) Creating experiment, Experiment ID: bipt0ja4
[2024-02-11 17:55:04] INFO (nni.experiment) Starting web server...
[2024-02-11 17:55:05] WARNING (nni.experiment) Timeout, retry...
[2024-02-11 17:55:06] WARNING (nni.experiment) Timeout, retry...
[2024-02-11 17:55:07] ERROR (nni.experiment) Create experiment failed
[2024-02-11 17:55:07] INFO (nni.experiment) Creating experiment, Experiment ID: bipt0ja4
[2024-02-11 17:55:07] INFO (nni.experiment) Starting web server...
[2024-02-11 17:55:08] WARNING (nni.experiment) Timeout, retry...
[2024-02-11 17:55:09] WARNING (nni.experiment) Timeout, retry...
[2024-02-11 17:55:10] ERROR (nni.experiment) Create experiment failed
[2024-02-11 17:55:10] INFO (nni.experiment) Creating experiment, Experiment ID: bipt0ja4
[2024-02-11 17:55:10] INFO (nni.experiment) Starting web server...
[2024-02-11 17:55:11] WARNING (nni.experiment) Timeout, retry...
[2024-02-11 17:55:12] WARNING (nni.experiment) Timeout, retry...
[2024-02-11 17:55:13] ERROR (nni.experiment) Create experiment failed
[2024-02-11 17:55:13] INFO (nni.experiment) Creating experiment, Experiment ID: bipt0ja4
[2024-02-11 17:55:13] INFO (nni.experiment) Starting web server...
[2024-02-11 17:55:14] WARNING (nni.experiment) Timeout, retry...
[2024-02-11 17:55:15] WARNING (nni.experiment) Timeout, retry...
[2024-02-11 17:55:16] ERROR (nni.experiment) Create experiment failed
[2024-02-11 17:55:16] INFO (nni.experiment) Creating experiment, Experiment ID: bipt0ja4
[2024-02-11 17:55:16] INFO (nni.experiment) Starting web server...
[2024-02-11 17:55:17] WARNING (nni.experiment) Timeout, retry...
[2024-02-11 17:55:18] WARNING (nni.experiment) Timeout, retry...
[2024-02-11 17:55:19] ERROR (nni.experiment) Create experiment failed
[2024-02-11 17:55:19] INFO (nni.experiment) Creating experiment, Experiment ID: bipt0ja4
[2024-02-11 17:55:19] INFO (nni.experiment) Starting web server...
[2024-02-11 17:55:20] WARNING (nni.experiment) Timeout, retry...
[2024-02-11 17:55:21] WARNING (nni.experiment) Timeout, retry...
[2024-02-11 17:55:22] ERROR (nni.experiment) Create experiment failed
[2024-02-11 17:55:22] INFO (nni.experiment) Creating experiment, Experiment ID: bipt0ja4
[2024-02-11 17:55:22] INFO (nni.experiment) Starting web server...
[2024-02-11 17:55:23] WARNING (nni.experiment) Timeout, retry...
[2024-02-11 17:55:24] WARNING (nni.experiment) Timeout, retry...
[2024-02-11 17:55:25] ERROR (nni.experiment) Create experiment failed
[2024-02-11 17:55:25] INFO (nni.experiment) Creating experiment, Experiment ID: bipt0ja4
[2024-02-11 17:55:25] INFO (nni.experiment) Starting web server...
[2024-02-11 17:55:26] WARNING (nni.experiment) Timeout, retry...
[2024-02-11 17:55:27] WARNING (nni.experiment) Timeout, retry...
[2024-02-11 17:55:28] ERROR (nni.experiment) Create experiment failed
[2024-02-11 17:55:28] INFO (nni.experiment) Creating experiment, Experiment ID: bipt0ja4
[2024-02-11 17:55:28] INFO (nni.experiment) Starting web server...
[2024-02-11 17:55:29] WARNING (nni.experiment) Timeout, retry...
[2024-02-11 17:55:30] WARNING (nni.experiment) Timeout, retry...
[2024-02-11 17:55:31] ERROR (nni.experiment) Create experiment failed
[2024-02-11 17:55:31] INFO (nni.experiment) Creating experiment, Experiment ID: bipt0ja4
[2024-02-11 17:55:31] INFO (nni.experiment) Starting web server...
[2024-02-11 17:55:32] WARNING (nni.experiment) Timeout, retry...
[2024-02-11 17:55:33] WARNING (nni.experiment) Timeout, retry...
[2024-02-11 17:55:34] ERROR (nni.experiment) Create experiment failed
[2024-02-11 17:55:34] INFO (nni.experiment) Creating experiment, Experiment ID: bipt0ja4
[2024-02-11 17:55:34] INFO (nni.experiment) Starting web server...
[2024-02-11 17:55:35] WARNING (nni.experiment) Timeout, retry...
[2024-02-11 17:55:36] WARNING (nni.experiment) Timeout, retry...
[2024-02-11 17:55:37] ERROR (nni.experiment) Create experiment failed
[2024-02-11 17:55:37] INFO (nni.experiment) Creating experiment, Experiment ID: bipt0ja4
[2024-02-11 17:55:37] INFO (nni.experiment) Starting web server...
[2024-02-11 17:55:38] WARNING (nni.experiment) Timeout, retry...
[2024-02-11 17:55:39] WARNING (nni.experiment) Timeout, retry...
[2024-02-11 17:55:40] ERROR (nni.experiment) Create experiment failed
[2024-02-11 17:55:40] INFO (nni.experiment) Creating experiment, Experiment ID: bipt0ja4
[2024-02-11 17:55:41] INFO (nni.experiment) Starting web server...
[2024-02-11 17:55:42] WARNING (nni.experiment) Timeout, retry...
[2024-02-11 17:55:42] INFO (nni.experiment) Creating experiment, Experiment ID: bipt0ja4
[2024-02-11 17:55:42] INFO (nni.experiment) Starting web server...
[2024-02-11 17:55:42] WARNING (nni.experiment) Failed to create link /mnt/d/Salvatore/Reboot/Universita/VANNO/AdvancedMachineLearning/ProjectAML/RepoProject/DASemanticSegmentationAML/nni_experiments_2/_latest
[2024-02-11 17:55:42] INFO (nni.experiment) Creating experiment, Experiment ID: bipt0ja4
[2024-02-11 17:55:42] ERROR (nni.experiment) Create experiment failed
[2024-02-11 17:55:42] INFO (nni.experiment) Stopping experiment, please wait...
