[2024-02-11 15:08:16] INFO (nni.experiment) Creating experiment, Experiment ID: zaesmjqo
[2024-02-11 15:08:16] INFO (nni.experiment) Starting web server...
[2024-02-11 15:08:17] WARNING (nni.experiment) Timeout, retry...
[2024-02-11 15:08:18] WARNING (nni.experiment) Timeout, retry...
[2024-02-11 15:08:19] ERROR (nni.experiment) Create experiment failed: HTTPConnectionPool(host='localhost', port=8020): Max retries exceeded with url: /api/v1/nni/check-status (Caused by NewConnectionError('<urllib3.connection.HTTPConnection object at 0x7fe88a2bf940>: Failed to establish a new connection: [Errno 111] Connection refused'))
[2024-02-11 15:08:19] INFO (nni.experiment) Creating experiment, Experiment ID: zaesmjqo
[2024-02-11 15:08:19] INFO (nni.experiment) Starting web server...
[2024-02-11 15:08:20] WARNING (nni.experiment) Timeout, retry...
[2024-02-11 15:08:21] WARNING (nni.experiment) Timeout, retry...
[2024-02-11 15:08:22] ERROR (nni.experiment) Create experiment failed: HTTPConnectionPool(host='localhost', port=8021): Max retries exceeded with url: /api/v1/nni/check-status (Caused by NewConnectionError('<urllib3.connection.HTTPConnection object at 0x7fe88a258280>: Failed to establish a new connection: [Errno 111] Connection refused'))
[2024-02-11 15:08:22] INFO (nni.experiment) Creating experiment, Experiment ID: zaesmjqo
[2024-02-11 15:08:22] INFO (nni.experiment) Starting web server...
[2024-02-11 15:08:23] WARNING (nni.experiment) Timeout, retry...
[2024-02-11 15:08:24] WARNING (nni.experiment) Timeout, retry...
[2024-02-11 15:08:25] ERROR (nni.experiment) Create experiment failed: HTTPConnectionPool(host='localhost', port=8022): Max retries exceeded with url: /api/v1/nni/check-status (Caused by NewConnectionError('<urllib3.connection.HTTPConnection object at 0x7fe88a258f70>: Failed to establish a new connection: [Errno 111] Connection refused'))
[2024-02-11 15:08:25] INFO (nni.experiment) Creating experiment, Experiment ID: zaesmjqo
[2024-02-11 15:08:25] INFO (nni.experiment) Starting web server...
[2024-02-11 15:08:26] WARNING (nni.experiment) Timeout, retry...
[2024-02-11 15:08:27] WARNING (nni.experiment) Timeout, retry...
[2024-02-11 15:08:28] ERROR (nni.experiment) Create experiment failed: HTTPConnectionPool(host='localhost', port=8023): Max retries exceeded with url: /api/v1/nni/check-status (Caused by NewConnectionError('<urllib3.connection.HTTPConnection object at 0x7fe88a262ca0>: Failed to establish a new connection: [Errno 111] Connection refused'))
[2024-02-11 15:08:28] INFO (nni.experiment) Creating experiment, Experiment ID: zaesmjqo
[2024-02-11 15:08:28] INFO (nni.experiment) Starting web server...
[2024-02-11 15:08:29] WARNING (nni.experiment) Timeout, retry...
[2024-02-11 15:08:30] WARNING (nni.experiment) Timeout, retry...
[2024-02-11 15:08:31] ERROR (nni.experiment) Create experiment failed: HTTPConnectionPool(host='localhost', port=8024): Max retries exceeded with url: /api/v1/nni/check-status (Caused by NewConnectionError('<urllib3.connection.HTTPConnection object at 0x7fe88a2629a0>: Failed to establish a new connection: [Errno 111] Connection refused'))
[2024-02-11 15:08:31] INFO (nni.experiment) Creating experiment, Experiment ID: zaesmjqo
[2024-02-11 15:08:31] INFO (nni.experiment) Starting web server...
[2024-02-11 15:08:32] WARNING (nni.experiment) Timeout, retry...
[2024-02-11 15:08:33] WARNING (nni.experiment) Timeout, retry...
[2024-02-11 15:08:34] ERROR (nni.experiment) Create experiment failed: HTTPConnectionPool(host='localhost', port=8025): Max retries exceeded with url: /api/v1/nni/check-status (Caused by NewConnectionError('<urllib3.connection.HTTPConnection object at 0x7fe88a258f40>: Failed to establish a new connection: [Errno 111] Connection refused'))
[2024-02-11 15:08:34] INFO (nni.experiment) Creating experiment, Experiment ID: zaesmjqo
[2024-02-11 15:08:34] INFO (nni.experiment) Starting web server...
[2024-02-11 15:08:35] WARNING (nni.experiment) Timeout, retry...
[2024-02-11 15:08:36] WARNING (nni.experiment) Timeout, retry...
[2024-02-11 15:08:37] ERROR (nni.experiment) Create experiment failed: HTTPConnectionPool(host='localhost', port=8026): Max retries exceeded with url: /api/v1/nni/check-status (Caused by NewConnectionError('<urllib3.connection.HTTPConnection object at 0x7fe88a258a00>: Failed to establish a new connection: [Errno 111] Connection refused'))
[2024-02-11 15:08:37] INFO (nni.experiment) Creating experiment, Experiment ID: zaesmjqo
[2024-02-11 15:08:37] INFO (nni.experiment) Starting web server...
[2024-02-11 15:08:38] WARNING (nni.experiment) Timeout, retry...
[2024-02-11 15:08:39] WARNING (nni.experiment) Timeout, retry...
[2024-02-11 15:08:40] ERROR (nni.experiment) Create experiment failed: HTTPConnectionPool(host='localhost', port=8027): Max retries exceeded with url: /api/v1/nni/check-status (Caused by NewConnectionError('<urllib3.connection.HTTPConnection object at 0x7fe88a26ca90>: Failed to establish a new connection: [Errno 111] Connection refused'))
[2024-02-11 15:08:40] INFO (nni.experiment) Creating experiment, Experiment ID: zaesmjqo
[2024-02-11 15:08:40] INFO (nni.experiment) Starting web server...
[2024-02-11 15:08:41] WARNING (nni.experiment) Timeout, retry...
[2024-02-11 15:08:42] WARNING (nni.experiment) Timeout, retry...
[2024-02-11 15:08:43] ERROR (nni.experiment) Create experiment failed: HTTPConnectionPool(host='localhost', port=8028): Max retries exceeded with url: /api/v1/nni/check-status (Caused by NewConnectionError('<urllib3.connection.HTTPConnection object at 0x7fe88a26cdc0>: Failed to establish a new connection: [Errno 111] Connection refused'))
[2024-02-11 15:08:43] INFO (nni.experiment) Creating experiment, Experiment ID: zaesmjqo
[2024-02-11 15:08:43] INFO (nni.experiment) Starting web server...
[2024-02-11 15:08:44] WARNING (nni.experiment) Timeout, retry...
[2024-02-11 15:08:45] WARNING (nni.experiment) Timeout, retry...
[2024-02-11 15:08:46] ERROR (nni.experiment) Create experiment failed: HTTPConnectionPool(host='localhost', port=8029): Max retries exceeded with url: /api/v1/nni/check-status (Caused by NewConnectionError('<urllib3.connection.HTTPConnection object at 0x7fe88a26c460>: Failed to establish a new connection: [Errno 111] Connection refused'))
[2024-02-11 15:08:46] INFO (nni.experiment) Creating experiment, Experiment ID: zaesmjqo
[2024-02-11 15:08:46] INFO (nni.experiment) Starting web server...
[2024-02-11 15:08:47] WARNING (nni.experiment) Timeout, retry...
[2024-02-11 15:08:48] WARNING (nni.experiment) Timeout, retry...
[2024-02-11 15:08:49] ERROR (nni.experiment) Create experiment failed: HTTPConnectionPool(host='localhost', port=8030): Max retries exceeded with url: /api/v1/nni/check-status (Caused by NewConnectionError('<urllib3.connection.HTTPConnection object at 0x7fe88a269b20>: Failed to establish a new connection: [Errno 111] Connection refused'))
[2024-02-11 15:08:49] INFO (nni.experiment) Creating experiment, Experiment ID: zaesmjqo
[2024-02-11 15:08:49] INFO (nni.experiment) Starting web server...
[2024-02-11 15:08:50] WARNING (nni.experiment) Timeout, retry...
[2024-02-11 15:08:51] WARNING (nni.experiment) Timeout, retry...
[2024-02-11 15:08:52] ERROR (nni.experiment) Create experiment failed: HTTPConnectionPool(host='localhost', port=8031): Max retries exceeded with url: /api/v1/nni/check-status (Caused by NewConnectionError('<urllib3.connection.HTTPConnection object at 0x7fe889fc1700>: Failed to establish a new connection: [Errno 111] Connection refused'))
[2024-02-11 15:08:52] INFO (nni.experiment) Creating experiment, Experiment ID: zaesmjqo
[2024-02-11 15:08:52] INFO (nni.experiment) Starting web server...
[2024-02-11 15:08:53] WARNING (nni.experiment) Timeout, retry...
[2024-02-11 15:08:54] WARNING (nni.experiment) Timeout, retry...
[2024-02-11 15:08:55] ERROR (nni.experiment) Create experiment failed: HTTPConnectionPool(host='localhost', port=8032): Max retries exceeded with url: /api/v1/nni/check-status (Caused by NewConnectionError('<urllib3.connection.HTTPConnection object at 0x7fe889fc1d00>: Failed to establish a new connection: [Errno 111] Connection refused'))
[2024-02-11 15:08:55] INFO (nni.experiment) Creating experiment, Experiment ID: zaesmjqo
[2024-02-11 15:08:55] INFO (nni.experiment) Starting web server...
[2024-02-11 15:08:56] WARNING (nni.experiment) Timeout, retry...
[2024-02-11 15:08:57] WARNING (nni.experiment) Timeout, retry...
[2024-02-11 15:08:58] ERROR (nni.experiment) Create experiment failed: HTTPConnectionPool(host='localhost', port=8033): Max retries exceeded with url: /api/v1/nni/check-status (Caused by NewConnectionError('<urllib3.connection.HTTPConnection object at 0x7fe889fc2700>: Failed to establish a new connection: [Errno 111] Connection refused'))
[2024-02-11 15:08:59] INFO (nni.experiment) Creating experiment, Experiment ID: zaesmjqo
[2024-02-11 15:08:59] INFO (nni.experiment) Starting web server...
[2024-02-11 15:09:00] WARNING (nni.experiment) Timeout, retry...
[2024-02-11 15:09:01] WARNING (nni.experiment) Timeout, retry...
[2024-02-11 15:09:02] ERROR (nni.experiment) Create experiment failed: HTTPConnectionPool(host='localhost', port=8034): Max retries exceeded with url: /api/v1/nni/check-status (Caused by NewConnectionError('<urllib3.connection.HTTPConnection object at 0x7fe88a258430>: Failed to establish a new connection: [Errno 111] Connection refused'))
[2024-02-11 15:09:02] INFO (nni.experiment) Creating experiment, Experiment ID: zaesmjqo
[2024-02-11 15:09:02] INFO (nni.experiment) Starting web server...
[2024-02-11 15:09:03] WARNING (nni.experiment) Timeout, retry...
[2024-02-11 15:09:04] WARNING (nni.experiment) Timeout, retry...
[2024-02-11 15:09:05] ERROR (nni.experiment) Create experiment failed: HTTPConnectionPool(host='localhost', port=8035): Max retries exceeded with url: /api/v1/nni/check-status (Caused by NewConnectionError('<urllib3.connection.HTTPConnection object at 0x7fe889fcacd0>: Failed to establish a new connection: [Errno 111] Connection refused'))
[2024-02-11 15:09:05] INFO (nni.experiment) Creating experiment, Experiment ID: zaesmjqo
[2024-02-11 15:09:05] INFO (nni.experiment) Starting web server...
[2024-02-11 15:09:06] WARNING (nni.experiment) Timeout, retry...
[2024-02-11 15:09:07] WARNING (nni.experiment) Timeout, retry...
[2024-02-11 15:09:08] ERROR (nni.experiment) Create experiment failed: HTTPConnectionPool(host='localhost', port=8036): Max retries exceeded with url: /api/v1/nni/check-status (Caused by NewConnectionError('<urllib3.connection.HTTPConnection object at 0x7fe889fc1f40>: Failed to establish a new connection: [Errno 111] Connection refused'))
[2024-02-11 15:09:08] INFO (nni.experiment) Creating experiment, Experiment ID: zaesmjqo
[2024-02-11 15:09:08] INFO (nni.experiment) Starting web server...
[2024-02-11 15:09:09] WARNING (nni.experiment) Timeout, retry...
[2024-02-11 15:09:10] WARNING (nni.experiment) Timeout, retry...
[2024-02-11 15:09:11] ERROR (nni.experiment) Create experiment failed: HTTPConnectionPool(host='localhost', port=8037): Max retries exceeded with url: /api/v1/nni/check-status (Caused by NewConnectionError('<urllib3.connection.HTTPConnection object at 0x7fe889fceb80>: Failed to establish a new connection: [Errno 111] Connection refused'))
[2024-02-11 15:09:11] INFO (nni.experiment) Creating experiment, Experiment ID: zaesmjqo
[2024-02-11 15:09:11] INFO (nni.experiment) Starting web server...
[2024-02-11 15:09:12] WARNING (nni.experiment) Timeout, retry...
[2024-02-11 15:09:13] WARNING (nni.experiment) Timeout, retry...
[2024-02-11 15:09:14] ERROR (nni.experiment) Create experiment failed: HTTPConnectionPool(host='localhost', port=8038): Max retries exceeded with url: /api/v1/nni/check-status (Caused by NewConnectionError('<urllib3.connection.HTTPConnection object at 0x7fe889fc9700>: Failed to establish a new connection: [Errno 111] Connection refused'))
[2024-02-11 15:09:14] INFO (nni.experiment) Creating experiment, Experiment ID: zaesmjqo
[2024-02-11 15:09:14] INFO (nni.experiment) Starting web server...
[2024-02-11 15:09:15] WARNING (nni.experiment) Timeout, retry...
[2024-02-11 15:09:16] WARNING (nni.experiment) Timeout, retry...
[2024-02-11 15:09:17] ERROR (nni.experiment) Create experiment failed: HTTPConnectionPool(host='localhost', port=8039): Max retries exceeded with url: /api/v1/nni/check-status (Caused by NewConnectionError('<urllib3.connection.HTTPConnection object at 0x7fe889fd44f0>: Failed to establish a new connection: [Errno 111] Connection refused'))
[2024-02-11 15:09:17] INFO (nni.experiment) Creating experiment, Experiment ID: zaesmjqo
[2024-02-11 15:09:17] INFO (nni.experiment) Starting web server...
[2024-02-11 15:09:18] WARNING (nni.experiment) Timeout, retry...
[2024-02-11 15:09:19] WARNING (nni.experiment) Timeout, retry...
[2024-02-11 15:09:20] ERROR (nni.experiment) Create experiment failed: HTTPConnectionPool(host='localhost', port=8040): Max retries exceeded with url: /api/v1/nni/check-status (Caused by NewConnectionError('<urllib3.connection.HTTPConnection object at 0x7fe889fd90d0>: Failed to establish a new connection: [Errno 111] Connection refused'))
[2024-02-11 15:09:20] INFO (nni.experiment) Creating experiment, Experiment ID: zaesmjqo
[2024-02-11 15:09:20] INFO (nni.experiment) Starting web server...
[2024-02-11 15:09:21] WARNING (nni.experiment) Timeout, retry...
[2024-02-11 15:09:22] WARNING (nni.experiment) Timeout, retry...
[2024-02-11 15:09:23] ERROR (nni.experiment) Create experiment failed: HTTPConnectionPool(host='localhost', port=8041): Max retries exceeded with url: /api/v1/nni/check-status (Caused by NewConnectionError('<urllib3.connection.HTTPConnection object at 0x7fe889fd96d0>: Failed to establish a new connection: [Errno 111] Connection refused'))
[2024-02-11 15:09:23] INFO (nni.experiment) Creating experiment, Experiment ID: zaesmjqo
[2024-02-11 15:09:23] INFO (nni.experiment) Starting web server...
[2024-02-11 15:09:24] WARNING (nni.experiment) Timeout, retry...
[2024-02-11 15:09:25] WARNING (nni.experiment) Timeout, retry...
[2024-02-11 15:09:26] ERROR (nni.experiment) Create experiment failed: HTTPConnectionPool(host='localhost', port=8042): Max retries exceeded with url: /api/v1/nni/check-status (Caused by NewConnectionError('<urllib3.connection.HTTPConnection object at 0x7fe889fd4fd0>: Failed to establish a new connection: [Errno 111] Connection refused'))
[2024-02-11 15:09:26] INFO (nni.experiment) Creating experiment, Experiment ID: zaesmjqo
[2024-02-11 15:09:26] INFO (nni.experiment) Starting web server...
[2024-02-11 15:09:27] WARNING (nni.experiment) Timeout, retry...
[2024-02-11 15:09:28] WARNING (nni.experiment) Timeout, retry...
[2024-02-11 15:09:29] ERROR (nni.experiment) Create experiment failed: HTTPConnectionPool(host='localhost', port=8043): Max retries exceeded with url: /api/v1/nni/check-status (Caused by NewConnectionError('<urllib3.connection.HTTPConnection object at 0x7fe88a258280>: Failed to establish a new connection: [Errno 111] Connection refused'))
[2024-02-11 15:09:29] INFO (nni.experiment) Creating experiment, Experiment ID: zaesmjqo
[2024-02-11 15:09:29] INFO (nni.experiment) Starting web server...
[2024-02-11 15:09:30] WARNING (nni.experiment) Timeout, retry...
[2024-02-11 15:09:31] WARNING (nni.experiment) Timeout, retry...
[2024-02-11 15:09:32] ERROR (nni.experiment) Create experiment failed: HTTPConnectionPool(host='localhost', port=8044): Max retries exceeded with url: /api/v1/nni/check-status (Caused by NewConnectionError('<urllib3.connection.HTTPConnection object at 0x7fe889fd9910>: Failed to establish a new connection: [Errno 111] Connection refused'))
[2024-02-11 15:09:32] INFO (nni.experiment) Creating experiment, Experiment ID: zaesmjqo
[2024-02-11 15:09:32] INFO (nni.experiment) Starting web server...
[2024-02-11 15:09:33] WARNING (nni.experiment) Timeout, retry...
[2024-02-11 15:09:34] WARNING (nni.experiment) Timeout, retry...
[2024-02-11 15:09:35] ERROR (nni.experiment) Create experiment failed: HTTPConnectionPool(host='localhost', port=8045): Max retries exceeded with url: /api/v1/nni/check-status (Caused by NewConnectionError('<urllib3.connection.HTTPConnection object at 0x7fe889fda5b0>: Failed to establish a new connection: [Errno 111] Connection refused'))
[2024-02-11 15:09:35] INFO (nni.experiment) Creating experiment, Experiment ID: zaesmjqo
[2024-02-11 15:09:35] INFO (nni.experiment) Starting web server...
[2024-02-11 15:09:36] WARNING (nni.experiment) Timeout, retry...
[2024-02-11 15:09:37] WARNING (nni.experiment) Timeout, retry...
[2024-02-11 15:09:38] ERROR (nni.experiment) Create experiment failed: HTTPConnectionPool(host='localhost', port=8046): Max retries exceeded with url: /api/v1/nni/check-status (Caused by NewConnectionError('<urllib3.connection.HTTPConnection object at 0x7fe889fdac70>: Failed to establish a new connection: [Errno 111] Connection refused'))
[2024-02-11 15:09:38] INFO (nni.experiment) Creating experiment, Experiment ID: zaesmjqo
[2024-02-11 15:09:38] INFO (nni.experiment) Starting web server...
[2024-02-11 15:09:39] WARNING (nni.experiment) Timeout, retry...
[2024-02-11 15:09:40] WARNING (nni.experiment) Timeout, retry...
[2024-02-11 15:09:41] ERROR (nni.experiment) Create experiment failed: HTTPConnectionPool(host='localhost', port=8047): Max retries exceeded with url: /api/v1/nni/check-status (Caused by NewConnectionError('<urllib3.connection.HTTPConnection object at 0x7fe889fe18e0>: Failed to establish a new connection: [Errno 111] Connection refused'))
[2024-02-11 15:09:41] INFO (nni.experiment) Creating experiment, Experiment ID: zaesmjqo
[2024-02-11 15:09:41] INFO (nni.experiment) Starting web server...
[2024-02-11 15:09:42] WARNING (nni.experiment) Timeout, retry...
[2024-02-11 15:09:43] WARNING (nni.experiment) Timeout, retry...
[2024-02-11 15:09:44] ERROR (nni.experiment) Create experiment failed: HTTPConnectionPool(host='localhost', port=8048): Max retries exceeded with url: /api/v1/nni/check-status (Caused by NewConnectionError('<urllib3.connection.HTTPConnection object at 0x7fe889fe8040>: Failed to establish a new connection: [Errno 111] Connection refused'))
[2024-02-11 15:09:44] INFO (nni.experiment) Creating experiment, Experiment ID: zaesmjqo
[2024-02-11 15:09:44] INFO (nni.experiment) Starting web server...
[2024-02-11 15:09:45] WARNING (nni.experiment) Timeout, retry...
[2024-02-11 15:09:47] WARNING (nni.experiment) Timeout, retry...
[2024-02-11 15:09:48] ERROR (nni.experiment) Create experiment failed: HTTPConnectionPool(host='localhost', port=8049): Max retries exceeded with url: /api/v1/nni/check-status (Caused by NewConnectionError('<urllib3.connection.HTTPConnection object at 0x7fe889fde700>: Failed to establish a new connection: [Errno 111] Connection refused'))
[2024-02-11 15:09:48] INFO (nni.experiment) Creating experiment, Experiment ID: zaesmjqo
[2024-02-11 15:09:48] INFO (nni.experiment) Starting web server...
[2024-02-11 15:09:49] WARNING (nni.experiment) Timeout, retry...
[2024-02-11 15:09:50] WARNING (nni.experiment) Timeout, retry...
[2024-02-11 15:09:51] ERROR (nni.experiment) Create experiment failed: HTTPConnectionPool(host='localhost', port=8050): Max retries exceeded with url: /api/v1/nni/check-status (Caused by NewConnectionError('<urllib3.connection.HTTPConnection object at 0x7fe889fe8e20>: Failed to establish a new connection: [Errno 111] Connection refused'))
[2024-02-11 15:09:51] INFO (nni.experiment) Creating experiment, Experiment ID: zaesmjqo
[2024-02-11 15:09:51] INFO (nni.experiment) Starting web server...
[2024-02-11 15:09:52] WARNING (nni.experiment) Timeout, retry...
[2024-02-11 15:09:53] WARNING (nni.experiment) Timeout, retry...
[2024-02-11 15:09:54] ERROR (nni.experiment) Create experiment failed: HTTPConnectionPool(host='localhost', port=8051): Max retries exceeded with url: /api/v1/nni/check-status (Caused by NewConnectionError('<urllib3.connection.HTTPConnection object at 0x7fe889feac10>: Failed to establish a new connection: [Errno 111] Connection refused'))
[2024-02-11 15:09:54] INFO (nni.experiment) Creating experiment, Experiment ID: zaesmjqo
[2024-02-11 15:09:54] INFO (nni.experiment) Starting web server...
[2024-02-11 15:09:55] WARNING (nni.experiment) Timeout, retry...
[2024-02-11 15:09:56] WARNING (nni.experiment) Timeout, retry...
[2024-02-11 15:09:57] ERROR (nni.experiment) Create experiment failed: HTTPConnectionPool(host='localhost', port=8052): Max retries exceeded with url: /api/v1/nni/check-status (Caused by NewConnectionError('<urllib3.connection.HTTPConnection object at 0x7fe889feb7f0>: Failed to establish a new connection: [Errno 111] Connection refused'))
[2024-02-11 15:09:57] INFO (nni.experiment) Creating experiment, Experiment ID: zaesmjqo
[2024-02-11 15:09:57] INFO (nni.experiment) Starting web server...
[2024-02-11 15:09:58] WARNING (nni.experiment) Timeout, retry...
[2024-02-11 15:09:59] WARNING (nni.experiment) Timeout, retry...
[2024-02-11 15:10:00] ERROR (nni.experiment) Create experiment failed: HTTPConnectionPool(host='localhost', port=8053): Max retries exceeded with url: /api/v1/nni/check-status (Caused by NewConnectionError('<urllib3.connection.HTTPConnection object at 0x7fe889fed3d0>: Failed to establish a new connection: [Errno 111] Connection refused'))
[2024-02-11 15:10:00] INFO (nni.experiment) Creating experiment, Experiment ID: zaesmjqo
[2024-02-11 15:10:00] INFO (nni.experiment) Starting web server...
[2024-02-11 15:10:01] WARNING (nni.experiment) Timeout, retry...
[2024-02-11 15:10:02] WARNING (nni.experiment) Timeout, retry...
[2024-02-11 15:10:03] ERROR (nni.experiment) Create experiment failed: HTTPConnectionPool(host='localhost', port=8054): Max retries exceeded with url: /api/v1/nni/check-status (Caused by NewConnectionError('<urllib3.connection.HTTPConnection object at 0x7fe889fedfa0>: Failed to establish a new connection: [Errno 111] Connection refused'))
[2024-02-11 15:10:03] INFO (nni.experiment) Creating experiment, Experiment ID: zaesmjqo
[2024-02-11 15:10:03] INFO (nni.experiment) Starting web server...
[2024-02-11 15:10:04] WARNING (nni.experiment) Timeout, retry...
[2024-02-11 15:10:05] WARNING (nni.experiment) Timeout, retry...
[2024-02-11 15:10:06] ERROR (nni.experiment) Create experiment failed: HTTPConnectionPool(host='localhost', port=8055): Max retries exceeded with url: /api/v1/nni/check-status (Caused by NewConnectionError('<urllib3.connection.HTTPConnection object at 0x7fe889fe1ca0>: Failed to establish a new connection: [Errno 111] Connection refused'))
[2024-02-11 15:10:06] INFO (nni.experiment) Creating experiment, Experiment ID: zaesmjqo
[2024-02-11 15:10:06] INFO (nni.experiment) Starting web server...
[2024-02-11 15:10:07] WARNING (nni.experiment) Timeout, retry...
[2024-02-11 15:10:08] WARNING (nni.experiment) Timeout, retry...
[2024-02-11 15:10:09] ERROR (nni.experiment) Create experiment failed: HTTPConnectionPool(host='localhost', port=8056): Max retries exceeded with url: /api/v1/nni/check-status (Caused by NewConnectionError('<urllib3.connection.HTTPConnection object at 0x7fe889ff4bb0>: Failed to establish a new connection: [Errno 111] Connection refused'))
[2024-02-11 15:10:09] INFO (nni.experiment) Creating experiment, Experiment ID: zaesmjqo
[2024-02-11 15:10:09] INFO (nni.experiment) Starting web server...
[2024-02-11 15:10:10] WARNING (nni.experiment) Timeout, retry...
[2024-02-11 15:10:11] WARNING (nni.experiment) Timeout, retry...
[2024-02-11 15:10:12] ERROR (nni.experiment) Create experiment failed: HTTPConnectionPool(host='localhost', port=8057): Max retries exceeded with url: /api/v1/nni/check-status (Caused by NewConnectionError('<urllib3.connection.HTTPConnection object at 0x7fe889ff6850>: Failed to establish a new connection: [Errno 111] Connection refused'))
[2024-02-11 15:10:12] INFO (nni.experiment) Creating experiment, Experiment ID: zaesmjqo
[2024-02-11 15:10:12] INFO (nni.experiment) Starting web server...
[2024-02-11 15:10:13] WARNING (nni.experiment) Timeout, retry...
[2024-02-11 15:10:14] WARNING (nni.experiment) Timeout, retry...
[2024-02-11 15:10:15] ERROR (nni.experiment) Create experiment failed: HTTPConnectionPool(host='localhost', port=8058): Max retries exceeded with url: /api/v1/nni/check-status (Caused by NewConnectionError('<urllib3.connection.HTTPConnection object at 0x7fe889feb430>: Failed to establish a new connection: [Errno 111] Connection refused'))
[2024-02-11 15:10:15] INFO (nni.experiment) Creating experiment, Experiment ID: zaesmjqo
[2024-02-11 15:10:15] INFO (nni.experiment) Starting web server...
[2024-02-11 15:10:16] WARNING (nni.experiment) Timeout, retry...
[2024-02-11 15:10:17] WARNING (nni.experiment) Timeout, retry...
[2024-02-11 15:10:18] ERROR (nni.experiment) Create experiment failed: HTTPConnectionPool(host='localhost', port=8059): Max retries exceeded with url: /api/v1/nni/check-status (Caused by NewConnectionError('<urllib3.connection.HTTPConnection object at 0x7fe889feb7f0>: Failed to establish a new connection: [Errno 111] Connection refused'))
[2024-02-11 15:10:18] INFO (nni.experiment) Creating experiment, Experiment ID: zaesmjqo
[2024-02-11 15:10:18] INFO (nni.experiment) Starting web server...
[2024-02-11 15:10:19] WARNING (nni.experiment) Timeout, retry...
[2024-02-11 15:10:20] WARNING (nni.experiment) KeyboardInterrupt detected
[2024-02-11 15:10:20] INFO (nni.experiment) Stopping experiment, please wait...
[2024-02-11 15:10:20] INFO (nni.experiment) Saving experiment checkpoint...
[2024-02-11 15:10:20] INFO (nni.experiment) Stopping NNI manager, if any...
[2024-02-11 15:10:20] INFO (nni.experiment) Creating experiment, Experiment ID: zaesmjqo
[2024-02-11 15:10:20] INFO (nni.experiment) Starting web server...
[2024-02-11 15:10:21] WARNING (nni.experiment) Timeout, retry...
[2024-02-11 15:10:22] WARNING (nni.experiment) Timeout, retry...
[2024-02-11 15:10:23] ERROR (nni.experiment) Create experiment failed: HTTPConnectionPool(host='localhost', port=8061): Max retries exceeded with url: /api/v1/nni/check-status (Caused by NewConnectionError('<urllib3.connection.HTTPConnection object at 0x7fe889feac40>: Failed to establish a new connection: [Errno 111] Connection refused'))
[2024-02-11 15:10:23] INFO (nni.experiment) Creating experiment, Experiment ID: zaesmjqo
[2024-02-11 15:10:23] INFO (nni.experiment) Starting web server...
[2024-02-11 15:10:24] WARNING (nni.experiment) KeyboardInterrupt detected
[2024-02-11 15:10:24] INFO (nni.experiment) Stopping experiment, please wait...
[2024-02-11 15:10:24] INFO (nni.experiment) Saving experiment checkpoint...
[2024-02-11 15:10:24] INFO (nni.experiment) Stopping NNI manager, if any...
[2024-02-11 15:10:24] INFO (nni.experiment) Creating experiment, Experiment ID: zaesmjqo
[2024-02-11 15:10:24] INFO (nni.experiment) Starting web server...
[2024-02-11 15:10:24] WARNING (nni.experiment) KeyboardInterrupt detected
[2024-02-11 15:10:24] INFO (nni.experiment) Stopping experiment, please wait...
[2024-02-11 15:10:24] INFO (nni.experiment) Saving experiment checkpoint...
[2024-02-11 15:10:24] INFO (nni.experiment) Stopping NNI manager, if any...
[2024-02-11 15:10:24] INFO (nni.experiment) Creating experiment, Experiment ID: zaesmjqo
[2024-02-11 15:10:24] INFO (nni.experiment) Starting web server...
[2024-02-11 15:10:24] WARNING (nni.experiment) KeyboardInterrupt detected
[2024-02-11 15:10:24] INFO (nni.experiment) Stopping experiment, please wait...
[2024-02-11 15:10:24] INFO (nni.experiment) Saving experiment checkpoint...
[2024-02-11 15:10:24] INFO (nni.experiment) Stopping NNI manager, if any...
[2024-02-11 15:10:25] INFO (nni.experiment) Creating experiment, Experiment ID: zaesmjqo
[2024-02-11 15:10:25] INFO (nni.experiment) Starting web server...
[2024-02-11 15:10:25] WARNING (nni.experiment) KeyboardInterrupt detected
[2024-02-11 15:10:25] INFO (nni.experiment) Stopping experiment, please wait...
[2024-02-11 15:10:25] INFO (nni.experiment) Saving experiment checkpoint...
[2024-02-11 15:10:25] INFO (nni.experiment) Stopping NNI manager, if any...
[2024-02-11 15:10:25] INFO (nni.experiment) Creating experiment, Experiment ID: zaesmjqo
[2024-02-11 15:10:25] INFO (nni.experiment) Starting web server...
[2024-02-11 15:10:26] WARNING (nni.experiment) KeyboardInterrupt detected
[2024-02-11 15:10:26] INFO (nni.experiment) Stopping experiment, please wait...
[2024-02-11 15:10:26] INFO (nni.experiment) Saving experiment checkpoint...
[2024-02-11 15:10:26] INFO (nni.experiment) Stopping NNI manager, if any...
[2024-02-11 15:10:26] INFO (nni.experiment) Creating experiment, Experiment ID: zaesmjqo
[2024-02-11 15:10:26] INFO (nni.experiment) Starting web server...
[2024-02-11 15:10:26] WARNING (nni.experiment) KeyboardInterrupt detected
[2024-02-11 15:10:26] INFO (nni.experiment) Stopping experiment, please wait...
[2024-02-11 15:10:26] INFO (nni.experiment) Saving experiment checkpoint...
[2024-02-11 15:10:26] INFO (nni.experiment) Stopping NNI manager, if any...
[2024-02-11 15:10:26] INFO (nni.experiment) Creating experiment, Experiment ID: zaesmjqo
[2024-02-11 15:10:26] INFO (nni.experiment) Starting web server...
[2024-02-11 15:10:27] WARNING (nni.experiment) KeyboardInterrupt detected
[2024-02-11 15:10:27] INFO (nni.experiment) Stopping experiment, please wait...
[2024-02-11 15:10:27] INFO (nni.experiment) Saving experiment checkpoint...
[2024-02-11 15:10:27] INFO (nni.experiment) Stopping NNI manager, if any...
[2024-02-11 15:10:27] INFO (nni.experiment) Creating experiment, Experiment ID: zaesmjqo
[2024-02-11 15:10:27] INFO (nni.experiment) Starting web server...
[2024-02-11 15:10:27] WARNING (nni.experiment) KeyboardInterrupt detected
[2024-02-11 15:10:27] INFO (nni.experiment) Stopping experiment, please wait...
[2024-02-11 15:10:27] INFO (nni.experiment) Saving experiment checkpoint...
[2024-02-11 15:10:27] INFO (nni.experiment) Stopping NNI manager, if any...
[2024-02-11 15:10:27] INFO (nni.experiment) Creating experiment, Experiment ID: zaesmjqo
[2024-02-11 15:10:27] INFO (nni.experiment) Starting web server...
[2024-02-11 15:10:28] WARNING (nni.experiment) KeyboardInterrupt detected
[2024-02-11 15:10:28] INFO (nni.experiment) Stopping experiment, please wait...
[2024-02-11 15:10:28] INFO (nni.experiment) Saving experiment checkpoint...
[2024-02-11 15:10:28] INFO (nni.experiment) Stopping NNI manager, if any...
[2024-02-11 15:10:28] INFO (nni.experiment) Creating experiment, Experiment ID: zaesmjqo
[2024-02-11 15:10:28] INFO (nni.experiment) Starting web server...
[2024-02-11 15:10:28] WARNING (nni.experiment) KeyboardInterrupt detected
[2024-02-11 15:10:28] INFO (nni.experiment) Stopping experiment, please wait...
[2024-02-11 15:10:28] INFO (nni.experiment) Saving experiment checkpoint...
[2024-02-11 15:10:28] INFO (nni.experiment) Stopping NNI manager, if any...
[2024-02-11 15:10:28] INFO (nni.experiment) Creating experiment, Experiment ID: zaesmjqo
[2024-02-11 15:10:28] INFO (nni.experiment) Starting web server...
[2024-02-11 15:10:28] WARNING (nni.experiment) KeyboardInterrupt detected
[2024-02-11 15:10:28] INFO (nni.experiment) Stopping experiment, please wait...
[2024-02-11 15:10:28] INFO (nni.experiment) Saving experiment checkpoint...
[2024-02-11 15:10:28] INFO (nni.experiment) Stopping NNI manager, if any...
[2024-02-11 15:10:28] INFO (nni.experiment) Creating experiment, Experiment ID: zaesmjqo
[2024-02-11 15:10:28] INFO (nni.experiment) Starting web server...
[2024-02-11 15:10:28] WARNING (nni.experiment) KeyboardInterrupt detected
[2024-02-11 15:10:28] INFO (nni.experiment) Stopping experiment, please wait...
[2024-02-11 15:10:28] INFO (nni.experiment) Saving experiment checkpoint...
[2024-02-11 15:10:28] INFO (nni.experiment) Stopping NNI manager, if any...
[2024-02-11 15:10:28] INFO (nni.experiment) Creating experiment, Experiment ID: zaesmjqo
[2024-02-11 15:10:28] INFO (nni.experiment) Starting web server...
[2024-02-11 15:10:28] WARNING (nni.experiment) KeyboardInterrupt detected
[2024-02-11 15:10:28] INFO (nni.experiment) Stopping experiment, please wait...
[2024-02-11 15:10:28] INFO (nni.experiment) Saving experiment checkpoint...
[2024-02-11 15:10:28] INFO (nni.experiment) Stopping NNI manager, if any...
[2024-02-11 15:10:28] INFO (nni.experiment) Creating experiment, Experiment ID: zaesmjqo
[2024-02-11 15:10:28] INFO (nni.experiment) Starting web server...
[2024-02-11 15:10:29] WARNING (nni.experiment) KeyboardInterrupt detected
[2024-02-11 15:10:29] INFO (nni.experiment) Stopping experiment, please wait...
[2024-02-11 15:10:29] INFO (nni.experiment) Saving experiment checkpoint...
[2024-02-11 15:10:29] INFO (nni.experiment) Stopping NNI manager, if any...
[2024-02-11 15:10:29] INFO (nni.experiment) Creating experiment, Experiment ID: zaesmjqo
[2024-02-11 15:10:29] INFO (nni.experiment) Starting web server...
[2024-02-11 15:10:29] WARNING (nni.experiment) KeyboardInterrupt detected
[2024-02-11 15:10:29] INFO (nni.experiment) Stopping experiment, please wait...
[2024-02-11 15:10:29] INFO (nni.experiment) Saving experiment checkpoint...
[2024-02-11 15:10:29] INFO (nni.experiment) Stopping NNI manager, if any...
[2024-02-11 15:10:29] INFO (nni.experiment) Creating experiment, Experiment ID: zaesmjqo
[2024-02-11 15:10:29] INFO (nni.experiment) Starting web server...
[2024-02-11 15:10:29] WARNING (nni.experiment) KeyboardInterrupt detected
[2024-02-11 15:10:29] INFO (nni.experiment) Stopping experiment, please wait...
[2024-02-11 15:10:29] INFO (nni.experiment) Saving experiment checkpoint...
[2024-02-11 15:10:29] INFO (nni.experiment) Stopping NNI manager, if any...
[2024-02-11 15:10:29] INFO (nni.experiment) Creating experiment, Experiment ID: zaesmjqo
[2024-02-11 15:10:29] INFO (nni.experiment) Starting web server...
[2024-02-11 15:10:29] WARNING (nni.experiment) KeyboardInterrupt detected
[2024-02-11 15:10:29] INFO (nni.experiment) Stopping experiment, please wait...
[2024-02-11 15:10:29] INFO (nni.experiment) Saving experiment checkpoint...
[2024-02-11 15:10:29] INFO (nni.experiment) Stopping NNI manager, if any...
[2024-02-11 15:10:29] INFO (nni.experiment) Creating experiment, Experiment ID: zaesmjqo
[2024-02-11 15:10:29] INFO (nni.experiment) Starting web server...
[2024-02-11 15:10:29] WARNING (nni.experiment) KeyboardInterrupt detected
[2024-02-11 15:10:29] INFO (nni.experiment) Stopping experiment, please wait...
[2024-02-11 15:10:29] INFO (nni.experiment) Saving experiment checkpoint...
[2024-02-11 15:10:29] INFO (nni.experiment) Stopping NNI manager, if any...
[2024-02-11 15:10:29] INFO (nni.experiment) Creating experiment, Experiment ID: zaesmjqo
[2024-02-11 15:10:29] INFO (nni.experiment) Starting web server...
[2024-02-11 15:10:30] WARNING (nni.experiment) KeyboardInterrupt detected
[2024-02-11 15:10:30] INFO (nni.experiment) Stopping experiment, please wait...
[2024-02-11 15:10:30] INFO (nni.experiment) Saving experiment checkpoint...
[2024-02-11 15:10:30] INFO (nni.experiment) Stopping NNI manager, if any...
[2024-02-11 15:10:30] INFO (nni.experiment) Creating experiment, Experiment ID: zaesmjqo
[2024-02-11 15:10:30] INFO (nni.experiment) Starting web server...
[2024-02-11 15:10:30] WARNING (nni.experiment) KeyboardInterrupt detected
[2024-02-11 15:10:30] INFO (nni.experiment) Stopping experiment, please wait...
[2024-02-11 15:10:30] INFO (nni.experiment) Saving experiment checkpoint...
[2024-02-11 15:10:30] INFO (nni.experiment) Stopping NNI manager, if any...
[2024-02-11 15:10:30] INFO (nni.experiment) Creating experiment, Experiment ID: zaesmjqo
[2024-02-11 15:10:30] INFO (nni.experiment) Starting web server...
[2024-02-11 15:10:30] WARNING (nni.experiment) KeyboardInterrupt detected
[2024-02-11 15:10:30] INFO (nni.experiment) Stopping experiment, please wait...
[2024-02-11 15:10:30] INFO (nni.experiment) Saving experiment checkpoint...
[2024-02-11 15:10:30] INFO (nni.experiment) Stopping NNI manager, if any...
[2024-02-11 15:10:30] INFO (nni.experiment) Creating experiment, Experiment ID: zaesmjqo
[2024-02-11 15:10:30] INFO (nni.experiment) Starting web server...
[2024-02-11 15:10:30] WARNING (nni.experiment) KeyboardInterrupt detected
[2024-02-11 15:10:30] INFO (nni.experiment) Stopping experiment, please wait...
[2024-02-11 15:10:30] INFO (nni.experiment) Saving experiment checkpoint...
[2024-02-11 15:10:30] INFO (nni.experiment) Stopping NNI manager, if any...
[2024-02-11 15:10:30] INFO (nni.experiment) Creating experiment, Experiment ID: zaesmjqo
[2024-02-11 15:10:30] INFO (nni.experiment) Starting web server...
[2024-02-11 15:10:30] WARNING (nni.experiment) KeyboardInterrupt detected
[2024-02-11 15:10:30] INFO (nni.experiment) Stopping experiment, please wait...
[2024-02-11 15:10:30] INFO (nni.experiment) Saving experiment checkpoint...
[2024-02-11 15:10:30] INFO (nni.experiment) Stopping NNI manager, if any...
[2024-02-11 15:10:30] WARNING (nni.experiment) Failed to create link /mnt/d/Salvatore/Reboot/Universita/VANNO/AdvancedMachineLearning/ProjectAML/RepoProject/DASemanticSegmentationAML/nni_experiments/_latest
[2024-02-11 15:10:30] INFO (nni.experiment) Creating experiment, Experiment ID: zaesmjqo
[2024-02-11 15:10:30] INFO (nni.experiment) Starting web server...
[2024-02-11 15:10:31] WARNING (nni.experiment) KeyboardInterrupt detected
[2024-02-11 15:10:31] INFO (nni.experiment) Stopping experiment, please wait...
[2024-02-11 15:10:31] INFO (nni.experiment) Saving experiment checkpoint...
[2024-02-11 15:10:31] INFO (nni.experiment) Stopping NNI manager, if any...
[2024-02-11 15:10:31] WARNING (nni.experiment) KeyboardInterrupt detected
[2024-02-11 15:10:31] INFO (nni.experiment) Stopping experiment, please wait...
[2024-02-11 15:10:31] INFO (nni.experiment) Saving experiment checkpoint...
[2024-02-11 15:10:31] INFO (nni.experiment) Stopping NNI manager, if any...
