[2024-02-11 15:07:24] INFO (nni.experiment) Creating experiment, Experiment ID: ynrd7wfx
[2024-02-11 15:07:24] INFO (nni.experiment) Starting web server...
[2024-02-11 15:07:25] WARNING (nni.experiment) Timeout, retry...
[2024-02-11 15:07:26] WARNING (nni.experiment) Timeout, retry...
[2024-02-11 15:07:27] ERROR (nni.experiment) Create experiment failed: HTTPConnectionPool(host='localhost', port=8080): Max retries exceeded with url: /api/v1/nni/check-status (Caused by NewConnectionError('<urllib3.connection.HTTPConnection object at 0x7fbdffcbf940>: Failed to establish a new connection: [Errno 111] Connection refused'))
[2024-02-11 15:07:27] INFO (nni.experiment) Creating experiment, Experiment ID: ynrd7wfx
[2024-02-11 15:07:27] INFO (nni.experiment) Starting web server...
[2024-02-11 15:07:28] WARNING (nni.experiment) Timeout, retry...
[2024-02-11 15:07:29] WARNING (nni.experiment) Timeout, retry...
[2024-02-11 15:07:30] ERROR (nni.experiment) Create experiment failed: HTTPConnectionPool(host='localhost', port=8081): Max retries exceeded with url: /api/v1/nni/check-status (Caused by NewConnectionError('<urllib3.connection.HTTPConnection object at 0x7fbdffc58280>: Failed to establish a new connection: [Errno 111] Connection refused'))
[2024-02-11 15:07:30] INFO (nni.experiment) Creating experiment, Experiment ID: ynrd7wfx
[2024-02-11 15:07:30] INFO (nni.experiment) Starting web server...
[2024-02-11 15:07:31] WARNING (nni.experiment) Timeout, retry...
[2024-02-11 15:07:32] WARNING (nni.experiment) Timeout, retry...
[2024-02-11 15:07:33] ERROR (nni.experiment) Create experiment failed: HTTPConnectionPool(host='localhost', port=8083): Max retries exceeded with url: /api/v1/nni/check-status (Caused by NewConnectionError('<urllib3.connection.HTTPConnection object at 0x7fbdffcbf430>: Failed to establish a new connection: [Errno 111] Connection refused'))
[2024-02-11 15:07:33] INFO (nni.experiment) Creating experiment, Experiment ID: ynrd7wfx
[2024-02-11 15:07:33] INFO (nni.experiment) Starting web server...
[2024-02-11 15:07:34] WARNING (nni.experiment) Timeout, retry...
[2024-02-11 15:07:35] WARNING (nni.experiment) Timeout, retry...
[2024-02-11 15:07:36] ERROR (nni.experiment) Create experiment failed: HTTPConnectionPool(host='localhost', port=8084): Max retries exceeded with url: /api/v1/nni/check-status (Caused by NewConnectionError('<urllib3.connection.HTTPConnection object at 0x7fbdffc61d90>: Failed to establish a new connection: [Errno 111] Connection refused'))
[2024-02-11 15:07:36] INFO (nni.experiment) Creating experiment, Experiment ID: ynrd7wfx
[2024-02-11 15:07:36] INFO (nni.experiment) Starting web server...
[2024-02-11 15:07:37] WARNING (nni.experiment) Timeout, retry...
[2024-02-11 15:07:38] WARNING (nni.experiment) Timeout, retry...
[2024-02-11 15:07:39] ERROR (nni.experiment) Create experiment failed: HTTPConnectionPool(host='localhost', port=8085): Max retries exceeded with url: /api/v1/nni/check-status (Caused by NewConnectionError('<urllib3.connection.HTTPConnection object at 0x7fbdffc614c0>: Failed to establish a new connection: [Errno 111] Connection refused'))
[2024-02-11 15:07:39] INFO (nni.experiment) Creating experiment, Experiment ID: ynrd7wfx
[2024-02-11 15:07:39] INFO (nni.experiment) Starting web server...
[2024-02-11 15:07:40] WARNING (nni.experiment) Timeout, retry...
[2024-02-11 15:07:41] WARNING (nni.experiment) KeyboardInterrupt detected
[2024-02-11 15:07:41] INFO (nni.experiment) Stopping experiment, please wait...
[2024-02-11 15:07:41] INFO (nni.experiment) Saving experiment checkpoint...
[2024-02-11 15:07:41] INFO (nni.experiment) Stopping NNI manager, if any...
[2024-02-11 15:07:41] INFO (nni.experiment) Creating experiment, Experiment ID: ynrd7wfx
[2024-02-11 15:07:41] INFO (nni.experiment) Starting web server...
[2024-02-11 15:07:42] WARNING (nni.experiment) Timeout, retry...
[2024-02-11 15:07:43] WARNING (nni.experiment) Timeout, retry...
[2024-02-11 15:07:44] ERROR (nni.experiment) Create experiment failed: HTTPConnectionPool(host='localhost', port=8087): Max retries exceeded with url: /api/v1/nni/check-status (Caused by NewConnectionError('<urllib3.connection.HTTPConnection object at 0x7fbdffc75340>: Failed to establish a new connection: [Errno 111] Connection refused'))
[2024-02-11 15:07:44] INFO (nni.experiment) Creating experiment, Experiment ID: ynrd7wfx
[2024-02-11 15:07:44] INFO (nni.experiment) Starting web server...
[2024-02-11 15:07:45] WARNING (nni.experiment) Timeout, retry...
[2024-02-11 15:07:46] WARNING (nni.experiment) KeyboardInterrupt detected
[2024-02-11 15:07:46] INFO (nni.experiment) Stopping experiment, please wait...
[2024-02-11 15:07:46] INFO (nni.experiment) Saving experiment checkpoint...
[2024-02-11 15:07:46] INFO (nni.experiment) Stopping NNI manager, if any...
[2024-02-11 15:07:46] INFO (nni.experiment) Creating experiment, Experiment ID: ynrd7wfx
[2024-02-11 15:07:46] INFO (nni.experiment) Starting web server...
[2024-02-11 15:07:47] WARNING (nni.experiment) Timeout, retry...
[2024-02-11 15:07:47] WARNING (nni.experiment) KeyboardInterrupt detected
[2024-02-11 15:07:47] INFO (nni.experiment) Stopping experiment, please wait...
[2024-02-11 15:07:47] INFO (nni.experiment) Saving experiment checkpoint...
[2024-02-11 15:07:47] INFO (nni.experiment) Stopping NNI manager, if any...
