[2024-02-11 14:40:05] INFO (nni.experiment) Creating experiment, Experiment ID: xdkojc3n
[2024-02-11 14:40:05] INFO (nni.experiment) Starting web server...
[2024-02-11 14:40:06] WARNING (nni.experiment) Timeout, retry...
[2024-02-11 14:40:07] WARNING (nni.experiment) Timeout, retry...
[2024-02-11 14:40:08] ERROR (nni.experiment) Create experiment failed: HTTPConnectionPool(host='localhost', port=8080): Max retries exceeded with url: /api/v1/nni/check-status (Caused by NewConnectionError('<urllib3.connection.HTTPConnection object at 0x7fcb4c9046d0>: Failed to establish a new connection: [Errno 111] Connection refused'))
[2024-02-11 14:40:08] INFO (nni.experiment) Creating experiment, Experiment ID: xdkojc3n
[2024-02-11 14:40:08] INFO (nni.experiment) Starting web server...
[2024-02-11 14:40:09] WARNING (nni.experiment) Timeout, retry...
[2024-02-11 14:40:10] WARNING (nni.experiment) Timeout, retry...
[2024-02-11 14:40:11] ERROR (nni.experiment) Create experiment failed: HTTPConnectionPool(host='localhost', port=8081): Max retries exceeded with url: /api/v1/nni/check-status (Caused by NewConnectionError('<urllib3.connection.HTTPConnection object at 0x7fcb4c9040d0>: Failed to establish a new connection: [Errno 111] Connection refused'))
[2024-02-11 14:40:11] INFO (nni.experiment) Creating experiment, Experiment ID: xdkojc3n
[2024-02-11 14:40:11] INFO (nni.experiment) Starting web server...
[2024-02-11 14:40:12] WARNING (nni.experiment) KeyboardInterrupt detected
[2024-02-11 14:40:12] INFO (nni.experiment) Stopping experiment, please wait...
[2024-02-11 14:40:12] INFO (nni.experiment) Saving experiment checkpoint...
[2024-02-11 14:40:12] INFO (nni.experiment) Stopping NNI manager, if any...
[2024-02-11 14:40:12] WARNING (nni.experiment) Failed to create link /mnt/d/Salvatore/Reboot/Universita/VANNO/AdvancedMachineLearning/ProjectAML/RepoProject/DASemanticSegmentationAML/nni_experiments/_latest
[2024-02-11 14:40:12] INFO (nni.experiment) Creating experiment, Experiment ID: xdkojc3n
[2024-02-11 14:40:12] ERROR (nni.experiment) Create experiment failed: [Errno 5] Input/output error: '/mnt/d/Salvatore/Reboot/Universita/VANNO/AdvancedMachineLearning/ProjectAML/RepoProject/DASemanticSegmentationAML/my_env/lib/python3.9/site-packages/nni_node/node'
[2024-02-11 14:40:12] WARNING (nni.experiment) Failed to create link /mnt/d/Salvatore/Reboot/Universita/VANNO/AdvancedMachineLearning/ProjectAML/RepoProject/DASemanticSegmentationAML/nni_experiments/_latest
[2024-02-11 14:40:12] INFO (nni.experiment) Creating experiment, Experiment ID: xdkojc3n
[2024-02-11 14:40:12] ERROR (nni.experiment) Create experiment failed: [Errno 5] Input/output error: '/mnt/d/Salvatore/Reboot/Universita/VANNO/AdvancedMachineLearning/ProjectAML/RepoProject/DASemanticSegmentationAML/my_env/lib/python3.9/site-packages/nni_node/node'
[2024-02-11 14:40:12] WARNING (nni.experiment) Failed to create link /mnt/d/Salvatore/Reboot/Universita/VANNO/AdvancedMachineLearning/ProjectAML/RepoProject/DASemanticSegmentationAML/nni_experiments/_latest
[2024-02-11 14:40:12] INFO (nni.experiment) Creating experiment, Experiment ID: xdkojc3n
[2024-02-11 14:40:12] ERROR (nni.experiment) Create experiment failed: [Errno 5] Input/output error: '/mnt/d/Salvatore/Reboot/Universita/VANNO/AdvancedMachineLearning/ProjectAML/RepoProject/DASemanticSegmentationAML/my_env/lib/python3.9/site-packages/nni_node/node'
[2024-02-11 14:40:12] WARNING (nni.experiment) Failed to create link /mnt/d/Salvatore/Reboot/Universita/VANNO/AdvancedMachineLearning/ProjectAML/RepoProject/DASemanticSegmentationAML/nni_experiments/_latest
[2024-02-11 14:40:12] INFO (nni.experiment) Creating experiment, Experiment ID: xdkojc3n
[2024-02-11 14:40:12] ERROR (nni.experiment) Create experiment failed: [Errno 5] Input/output error: '/mnt/d/Salvatore/Reboot/Universita/VANNO/AdvancedMachineLearning/ProjectAML/RepoProject/DASemanticSegmentationAML/my_env/lib/python3.9/site-packages/nni_node/node'
[2024-02-11 14:40:12] WARNING (nni.experiment) Failed to create link /mnt/d/Salvatore/Reboot/Universita/VANNO/AdvancedMachineLearning/ProjectAML/RepoProject/DASemanticSegmentationAML/nni_experiments/_latest
[2024-02-11 14:40:12] INFO (nni.experiment) Creating experiment, Experiment ID: xdkojc3n
[2024-02-11 14:40:12] ERROR (nni.experiment) Create experiment failed: [Errno 5] Input/output error: '/mnt/d/Salvatore/Reboot/Universita/VANNO/AdvancedMachineLearning/ProjectAML/RepoProject/DASemanticSegmentationAML/my_env/lib/python3.9/site-packages/nni_node/node'
[2024-02-11 14:40:12] WARNING (nni.experiment) Failed to create link /mnt/d/Salvatore/Reboot/Universita/VANNO/AdvancedMachineLearning/ProjectAML/RepoProject/DASemanticSegmentationAML/nni_experiments/_latest
[2024-02-11 14:40:12] INFO (nni.experiment) Creating experiment, Experiment ID: xdkojc3n
[2024-02-11 14:40:12] ERROR (nni.experiment) Create experiment failed: [Errno 5] Input/output error: '/mnt/d/Salvatore/Reboot/Universita/VANNO/AdvancedMachineLearning/ProjectAML/RepoProject/DASemanticSegmentationAML/my_env/lib/python3.9/site-packages/nni_node/node'
[2024-02-11 14:40:12] WARNING (nni.experiment) Failed to create link /mnt/d/Salvatore/Reboot/Universita/VANNO/AdvancedMachineLearning/ProjectAML/RepoProject/DASemanticSegmentationAML/nni_experiments/_latest
[2024-02-11 14:40:12] INFO (nni.experiment) Creating experiment, Experiment ID: xdkojc3n
[2024-02-11 14:40:12] ERROR (nni.experiment) Create experiment failed: [Errno 5] Input/output error: '/mnt/d/Salvatore/Reboot/Universita/VANNO/AdvancedMachineLearning/ProjectAML/RepoProject/DASemanticSegmentationAML/my_env/lib/python3.9/site-packages/nni_node/node'
[2024-02-11 14:40:12] INFO (nni.experiment) Stopping experiment, please wait...
[2024-02-11 14:40:12] INFO (nni.experiment) Saving experiment checkpoint...
[2024-02-11 14:40:12] INFO (nni.experiment) Stopping NNI manager, if any...
