[2024-02-11 18:11:53] INFO (nni.experiment) Creating experiment, Experiment ID: 2oenu7b3
[2024-02-11 18:11:53] INFO (nni.experiment) Starting web server...
[2024-02-11 18:11:54] WARNING (nni.experiment) Timeout, retry...
[2024-02-11 18:11:55] WARNING (nni.experiment) Timeout, retry...
[2024-02-11 18:11:56] ERROR (nni.experiment) Create experiment failed
[2024-02-11 18:11:56] INFO (nni.experiment) Creating experiment, Experiment ID: 2oenu7b3
[2024-02-11 18:11:56] INFO (nni.experiment) Starting web server...
[2024-02-11 18:11:57] WARNING (nni.experiment) Timeout, retry...
[2024-02-11 18:11:58] WARNING (nni.experiment) Timeout, retry...
[2024-02-11 18:11:59] ERROR (nni.experiment) Create experiment failed
[2024-02-11 18:11:59] INFO (nni.experiment) Creating experiment, Experiment ID: 2oenu7b3
[2024-02-11 18:11:59] INFO (nni.experiment) Starting web server...
[2024-02-11 18:12:00] WARNING (nni.experiment) Timeout, retry...
[2024-02-11 18:12:01] WARNING (nni.experiment) Timeout, retry...
[2024-02-11 18:12:02] ERROR (nni.experiment) Create experiment failed
[2024-02-11 18:12:02] INFO (nni.experiment) Creating experiment, Experiment ID: 2oenu7b3
[2024-02-11 18:12:02] INFO (nni.experiment) Starting web server...
[2024-02-11 18:12:04] WARNING (nni.experiment) Timeout, retry...
[2024-02-11 18:12:05] WARNING (nni.experiment) Timeout, retry...
[2024-02-11 18:12:06] ERROR (nni.experiment) Create experiment failed
[2024-02-11 18:12:06] INFO (nni.experiment) Creating experiment, Experiment ID: 2oenu7b3
[2024-02-11 18:12:06] INFO (nni.experiment) Starting web server...
[2024-02-11 18:12:07] WARNING (nni.experiment) Timeout, retry...
[2024-02-11 18:12:08] WARNING (nni.experiment) Timeout, retry...
[2024-02-11 18:12:09] ERROR (nni.experiment) Create experiment failed
[2024-02-11 18:12:09] INFO (nni.experiment) Creating experiment, Experiment ID: 2oenu7b3
[2024-02-11 18:12:09] INFO (nni.experiment) Starting web server...
[2024-02-11 18:12:10] WARNING (nni.experiment) Timeout, retry...
[2024-02-11 18:12:11] WARNING (nni.experiment) Timeout, retry...
[2024-02-11 18:12:12] ERROR (nni.experiment) Create experiment failed
[2024-02-11 18:12:12] INFO (nni.experiment) Creating experiment, Experiment ID: 2oenu7b3
[2024-02-11 18:12:12] INFO (nni.experiment) Starting web server...
[2024-02-11 18:12:13] WARNING (nni.experiment) Timeout, retry...
[2024-02-11 18:12:14] WARNING (nni.experiment) Timeout, retry...
[2024-02-11 18:12:15] ERROR (nni.experiment) Create experiment failed
[2024-02-11 18:12:15] INFO (nni.experiment) Creating experiment, Experiment ID: 2oenu7b3
[2024-02-11 18:12:15] INFO (nni.experiment) Starting web server...
[2024-02-11 18:12:16] WARNING (nni.experiment) Timeout, retry...
[2024-02-11 18:12:17] WARNING (nni.experiment) Timeout, retry...
[2024-02-11 18:12:18] ERROR (nni.experiment) Create experiment failed
[2024-02-11 18:12:18] INFO (nni.experiment) Creating experiment, Experiment ID: 2oenu7b3
[2024-02-11 18:12:18] INFO (nni.experiment) Starting web server...
[2024-02-11 18:12:19] WARNING (nni.experiment) Timeout, retry...
[2024-02-11 18:12:20] WARNING (nni.experiment) Timeout, retry...
[2024-02-11 18:12:21] ERROR (nni.experiment) Create experiment failed
[2024-02-11 18:12:21] INFO (nni.experiment) Creating experiment, Experiment ID: 2oenu7b3
[2024-02-11 18:12:21] INFO (nni.experiment) Starting web server...
[2024-02-11 18:12:22] WARNING (nni.experiment) Timeout, retry...
[2024-02-11 18:12:23] WARNING (nni.experiment) Timeout, retry...
[2024-02-11 18:12:24] ERROR (nni.experiment) Create experiment failed
[2024-02-11 18:12:24] INFO (nni.experiment) Creating experiment, Experiment ID: 2oenu7b3
[2024-02-11 18:12:24] INFO (nni.experiment) Starting web server...
[2024-02-11 18:12:25] WARNING (nni.experiment) Timeout, retry...
[2024-02-11 18:12:26] WARNING (nni.experiment) Timeout, retry...
[2024-02-11 18:12:27] ERROR (nni.experiment) Create experiment failed
[2024-02-11 18:12:27] INFO (nni.experiment) Creating experiment, Experiment ID: 2oenu7b3
[2024-02-11 18:12:27] INFO (nni.experiment) Starting web server...
[2024-02-11 18:12:28] WARNING (nni.experiment) Timeout, retry...
[2024-02-11 18:12:29] WARNING (nni.experiment) Timeout, retry...
[2024-02-11 18:12:30] ERROR (nni.experiment) Create experiment failed
[2024-02-11 18:12:30] INFO (nni.experiment) Creating experiment, Experiment ID: 2oenu7b3
[2024-02-11 18:12:30] INFO (nni.experiment) Starting web server...
[2024-02-11 18:12:31] WARNING (nni.experiment) Timeout, retry...
[2024-02-11 18:12:32] WARNING (nni.experiment) Timeout, retry...
[2024-02-11 18:12:33] ERROR (nni.experiment) Create experiment failed
[2024-02-11 18:12:33] INFO (nni.experiment) Creating experiment, Experiment ID: 2oenu7b3
[2024-02-11 18:12:33] INFO (nni.experiment) Starting web server...
[2024-02-11 18:12:34] WARNING (nni.experiment) Timeout, retry...
[2024-02-11 18:12:35] WARNING (nni.experiment) Timeout, retry...
[2024-02-11 18:12:36] ERROR (nni.experiment) Create experiment failed
[2024-02-11 18:12:36] INFO (nni.experiment) Creating experiment, Experiment ID: 2oenu7b3
[2024-02-11 18:12:36] INFO (nni.experiment) Starting web server...
[2024-02-11 18:12:37] WARNING (nni.experiment) Timeout, retry...
[2024-02-11 18:12:38] WARNING (nni.experiment) Timeout, retry...
[2024-02-11 18:12:39] ERROR (nni.experiment) Create experiment failed
[2024-02-11 18:12:39] INFO (nni.experiment) Creating experiment, Experiment ID: 2oenu7b3
[2024-02-11 18:12:39] INFO (nni.experiment) Starting web server...
[2024-02-11 18:12:40] WARNING (nni.experiment) Timeout, retry...
[2024-02-11 18:12:41] WARNING (nni.experiment) Timeout, retry...
[2024-02-11 18:12:42] ERROR (nni.experiment) Create experiment failed
[2024-02-11 18:12:42] INFO (nni.experiment) Creating experiment, Experiment ID: 2oenu7b3
[2024-02-11 18:12:42] INFO (nni.experiment) Starting web server...
[2024-02-11 18:12:43] WARNING (nni.experiment) Timeout, retry...
[2024-02-11 18:12:44] WARNING (nni.experiment) Timeout, retry...
[2024-02-11 18:12:45] ERROR (nni.experiment) Create experiment failed
[2024-02-11 18:12:45] INFO (nni.experiment) Creating experiment, Experiment ID: 2oenu7b3
[2024-02-11 18:12:45] INFO (nni.experiment) Starting web server...
[2024-02-11 18:12:46] WARNING (nni.experiment) Timeout, retry...
[2024-02-11 18:12:47] WARNING (nni.experiment) Timeout, retry...
[2024-02-11 18:12:48] ERROR (nni.experiment) Create experiment failed
[2024-02-11 18:12:48] INFO (nni.experiment) Creating experiment, Experiment ID: 2oenu7b3
[2024-02-11 18:12:48] INFO (nni.experiment) Starting web server...
[2024-02-11 18:12:49] WARNING (nni.experiment) Timeout, retry...
[2024-02-11 18:12:50] WARNING (nni.experiment) Timeout, retry...
[2024-02-11 18:12:51] ERROR (nni.experiment) Create experiment failed
[2024-02-11 18:12:51] INFO (nni.experiment) Creating experiment, Experiment ID: 2oenu7b3
[2024-02-11 18:12:51] INFO (nni.experiment) Starting web server...
[2024-02-11 18:12:52] WARNING (nni.experiment) Timeout, retry...
[2024-02-11 18:12:53] WARNING (nni.experiment) Timeout, retry...
[2024-02-11 18:12:54] ERROR (nni.experiment) Create experiment failed
[2024-02-11 18:12:54] INFO (nni.experiment) Creating experiment, Experiment ID: 2oenu7b3
[2024-02-11 18:12:54] INFO (nni.experiment) Starting web server...
[2024-02-11 18:12:56] WARNING (nni.experiment) Timeout, retry...
[2024-02-11 18:12:57] WARNING (nni.experiment) Timeout, retry...
[2024-02-11 18:12:58] ERROR (nni.experiment) Create experiment failed
[2024-02-11 18:12:58] INFO (nni.experiment) Creating experiment, Experiment ID: 2oenu7b3
[2024-02-11 18:12:58] INFO (nni.experiment) Starting web server...
[2024-02-11 18:12:59] WARNING (nni.experiment) Timeout, retry...
[2024-02-11 18:13:00] WARNING (nni.experiment) Timeout, retry...
[2024-02-11 18:13:01] ERROR (nni.experiment) Create experiment failed
[2024-02-11 18:13:01] INFO (nni.experiment) Creating experiment, Experiment ID: 2oenu7b3
[2024-02-11 18:13:01] INFO (nni.experiment) Starting web server...
[2024-02-11 18:13:02] WARNING (nni.experiment) Timeout, retry...
[2024-02-11 18:13:03] WARNING (nni.experiment) Timeout, retry...
[2024-02-11 18:13:04] ERROR (nni.experiment) Create experiment failed
[2024-02-11 18:13:04] INFO (nni.experiment) Creating experiment, Experiment ID: 2oenu7b3
[2024-02-11 18:13:04] INFO (nni.experiment) Starting web server...
[2024-02-11 18:13:05] WARNING (nni.experiment) Timeout, retry...
[2024-02-11 18:13:06] WARNING (nni.experiment) Timeout, retry...
[2024-02-11 18:13:07] ERROR (nni.experiment) Create experiment failed
[2024-02-11 18:13:07] INFO (nni.experiment) Creating experiment, Experiment ID: 2oenu7b3
[2024-02-11 18:13:07] INFO (nni.experiment) Starting web server...
[2024-02-11 18:13:08] WARNING (nni.experiment) Timeout, retry...
[2024-02-11 18:13:09] WARNING (nni.experiment) Timeout, retry...
[2024-02-11 18:13:10] ERROR (nni.experiment) Create experiment failed
[2024-02-11 18:13:10] INFO (nni.experiment) Creating experiment, Experiment ID: 2oenu7b3
[2024-02-11 18:13:10] INFO (nni.experiment) Starting web server...
[2024-02-11 18:13:11] WARNING (nni.experiment) Timeout, retry...
[2024-02-11 18:13:12] WARNING (nni.experiment) Timeout, retry...
[2024-02-11 18:13:13] ERROR (nni.experiment) Create experiment failed
[2024-02-11 18:13:13] INFO (nni.experiment) Creating experiment, Experiment ID: 2oenu7b3
[2024-02-11 18:13:13] INFO (nni.experiment) Starting web server...
[2024-02-11 18:13:14] WARNING (nni.experiment) Timeout, retry...
[2024-02-11 18:13:15] WARNING (nni.experiment) Timeout, retry...
[2024-02-11 18:13:16] ERROR (nni.experiment) Create experiment failed
[2024-02-11 18:13:16] INFO (nni.experiment) Creating experiment, Experiment ID: 2oenu7b3
[2024-02-11 18:13:16] INFO (nni.experiment) Starting web server...
[2024-02-11 18:13:17] WARNING (nni.experiment) Timeout, retry...
[2024-02-11 18:13:18] WARNING (nni.experiment) Timeout, retry...
[2024-02-11 18:13:19] ERROR (nni.experiment) Create experiment failed
[2024-02-11 18:13:19] INFO (nni.experiment) Creating experiment, Experiment ID: 2oenu7b3
[2024-02-11 18:13:19] INFO (nni.experiment) Starting web server...
[2024-02-11 18:13:20] WARNING (nni.experiment) Timeout, retry...
[2024-02-11 18:13:21] WARNING (nni.experiment) Timeout, retry...
[2024-02-11 18:13:22] ERROR (nni.experiment) Create experiment failed
[2024-02-11 18:13:22] INFO (nni.experiment) Creating experiment, Experiment ID: 2oenu7b3
[2024-02-11 18:13:22] INFO (nni.experiment) Starting web server...
[2024-02-11 18:13:23] WARNING (nni.experiment) Timeout, retry...
[2024-02-11 18:13:24] WARNING (nni.experiment) Timeout, retry...
[2024-02-11 18:13:25] ERROR (nni.experiment) Create experiment failed
[2024-02-11 18:13:25] INFO (nni.experiment) Creating experiment, Experiment ID: 2oenu7b3
[2024-02-11 18:13:25] INFO (nni.experiment) Starting web server...
[2024-02-11 18:13:26] WARNING (nni.experiment) Timeout, retry...
[2024-02-11 18:13:27] WARNING (nni.experiment) Timeout, retry...
[2024-02-11 18:13:28] ERROR (nni.experiment) Create experiment failed
[2024-02-11 18:13:28] INFO (nni.experiment) Creating experiment, Experiment ID: 2oenu7b3
[2024-02-11 18:13:28] INFO (nni.experiment) Starting web server...
[2024-02-11 18:13:29] WARNING (nni.experiment) Timeout, retry...
[2024-02-11 18:13:30] WARNING (nni.experiment) Timeout, retry...
[2024-02-11 18:13:31] ERROR (nni.experiment) Create experiment failed
[2024-02-11 18:13:31] INFO (nni.experiment) Creating experiment, Experiment ID: 2oenu7b3
[2024-02-11 18:13:31] INFO (nni.experiment) Starting web server...
[2024-02-11 18:13:32] WARNING (nni.experiment) Timeout, retry...
[2024-02-11 18:13:33] WARNING (nni.experiment) Timeout, retry...
[2024-02-11 18:13:34] ERROR (nni.experiment) Create experiment failed
[2024-02-11 18:13:34] INFO (nni.experiment) Creating experiment, Experiment ID: 2oenu7b3
[2024-02-11 18:13:34] INFO (nni.experiment) Starting web server...
[2024-02-11 18:13:35] WARNING (nni.experiment) Timeout, retry...
[2024-02-11 18:13:36] WARNING (nni.experiment) Timeout, retry...
[2024-02-11 18:13:37] ERROR (nni.experiment) Create experiment failed
[2024-02-11 18:13:38] INFO (nni.experiment) Creating experiment, Experiment ID: 2oenu7b3
[2024-02-11 18:13:38] INFO (nni.experiment) Starting web server...
[2024-02-11 18:13:39] WARNING (nni.experiment) Timeout, retry...
[2024-02-11 18:13:40] WARNING (nni.experiment) Timeout, retry...
[2024-02-11 18:13:41] ERROR (nni.experiment) Create experiment failed
[2024-02-11 18:13:41] INFO (nni.experiment) Creating experiment, Experiment ID: 2oenu7b3
[2024-02-11 18:13:41] INFO (nni.experiment) Starting web server...
[2024-02-11 18:13:42] WARNING (nni.experiment) Timeout, retry...
[2024-02-11 18:13:43] WARNING (nni.experiment) Timeout, retry...
[2024-02-11 18:13:44] ERROR (nni.experiment) Create experiment failed
[2024-02-11 18:13:44] INFO (nni.experiment) Creating experiment, Experiment ID: 2oenu7b3
[2024-02-11 18:13:44] INFO (nni.experiment) Starting web server...
[2024-02-11 18:13:45] WARNING (nni.experiment) Timeout, retry...
[2024-02-11 18:13:46] WARNING (nni.experiment) Timeout, retry...
[2024-02-11 18:13:47] ERROR (nni.experiment) Create experiment failed
[2024-02-11 18:13:47] INFO (nni.experiment) Creating experiment, Experiment ID: 2oenu7b3
[2024-02-11 18:13:47] INFO (nni.experiment) Starting web server...
[2024-02-11 18:13:48] WARNING (nni.experiment) Timeout, retry...
[2024-02-11 18:13:49] WARNING (nni.experiment) Timeout, retry...
[2024-02-11 18:13:50] ERROR (nni.experiment) Create experiment failed
[2024-02-11 18:13:50] INFO (nni.experiment) Creating experiment, Experiment ID: 2oenu7b3
[2024-02-11 18:13:50] INFO (nni.experiment) Starting web server...
[2024-02-11 18:13:51] WARNING (nni.experiment) Timeout, retry...
[2024-02-11 18:13:52] WARNING (nni.experiment) Timeout, retry...
[2024-02-11 18:13:53] ERROR (nni.experiment) Create experiment failed
[2024-02-11 18:13:53] INFO (nni.experiment) Creating experiment, Experiment ID: 2oenu7b3
[2024-02-11 18:13:53] INFO (nni.experiment) Starting web server...
[2024-02-11 18:13:54] WARNING (nni.experiment) Timeout, retry...
[2024-02-11 18:13:55] WARNING (nni.experiment) Timeout, retry...
[2024-02-11 18:13:56] ERROR (nni.experiment) Create experiment failed
[2024-02-11 18:13:56] INFO (nni.experiment) Creating experiment, Experiment ID: 2oenu7b3
[2024-02-11 18:13:56] INFO (nni.experiment) Starting web server...
[2024-02-11 18:13:57] WARNING (nni.experiment) Timeout, retry...
[2024-02-11 18:13:58] WARNING (nni.experiment) Timeout, retry...
[2024-02-11 18:13:59] ERROR (nni.experiment) Create experiment failed
[2024-02-11 18:13:59] INFO (nni.experiment) Creating experiment, Experiment ID: 2oenu7b3
[2024-02-11 18:13:59] INFO (nni.experiment) Starting web server...
[2024-02-11 18:14:00] WARNING (nni.experiment) Timeout, retry...
[2024-02-11 18:14:01] WARNING (nni.experiment) Timeout, retry...
[2024-02-11 18:14:02] ERROR (nni.experiment) Create experiment failed
[2024-02-11 18:14:02] INFO (nni.experiment) Creating experiment, Experiment ID: 2oenu7b3
[2024-02-11 18:14:02] INFO (nni.experiment) Starting web server...
[2024-02-11 18:14:03] WARNING (nni.experiment) Timeout, retry...
[2024-02-11 18:14:04] WARNING (nni.experiment) Timeout, retry...
[2024-02-11 18:14:05] ERROR (nni.experiment) Create experiment failed
[2024-02-11 18:14:05] INFO (nni.experiment) Creating experiment, Experiment ID: 2oenu7b3
[2024-02-11 18:14:05] INFO (nni.experiment) Starting web server...
[2024-02-11 18:14:06] WARNING (nni.experiment) Timeout, retry...
[2024-02-11 18:14:07] WARNING (nni.experiment) Timeout, retry...
[2024-02-11 18:14:08] ERROR (nni.experiment) Create experiment failed
[2024-02-11 18:14:08] INFO (nni.experiment) Creating experiment, Experiment ID: 2oenu7b3
[2024-02-11 18:14:08] INFO (nni.experiment) Starting web server...
[2024-02-11 18:14:09] WARNING (nni.experiment) Timeout, retry...
[2024-02-11 18:14:10] WARNING (nni.experiment) Timeout, retry...
[2024-02-11 18:14:11] ERROR (nni.experiment) Create experiment failed
[2024-02-11 18:14:11] INFO (nni.experiment) Creating experiment, Experiment ID: 2oenu7b3
[2024-02-11 18:14:11] INFO (nni.experiment) Starting web server...
[2024-02-11 18:14:12] WARNING (nni.experiment) Timeout, retry...
[2024-02-11 18:14:13] WARNING (nni.experiment) Timeout, retry...
[2024-02-11 18:14:14] ERROR (nni.experiment) Create experiment failed
[2024-02-11 18:14:14] INFO (nni.experiment) Creating experiment, Experiment ID: 2oenu7b3
[2024-02-11 18:14:15] INFO (nni.experiment) Starting web server...
[2024-02-11 18:14:16] WARNING (nni.experiment) Timeout, retry...
[2024-02-11 18:14:17] WARNING (nni.experiment) Timeout, retry...
[2024-02-11 18:14:18] ERROR (nni.experiment) Create experiment failed
[2024-02-11 18:14:18] INFO (nni.experiment) Creating experiment, Experiment ID: 2oenu7b3
[2024-02-11 18:14:18] INFO (nni.experiment) Starting web server...
[2024-02-11 18:14:19] WARNING (nni.experiment) Timeout, retry...
[2024-02-11 18:14:20] WARNING (nni.experiment) Timeout, retry...
[2024-02-11 18:14:21] ERROR (nni.experiment) Create experiment failed
[2024-02-11 18:14:21] INFO (nni.experiment) Creating experiment, Experiment ID: 2oenu7b3
[2024-02-11 18:14:21] INFO (nni.experiment) Starting web server...
[2024-02-11 18:14:22] WARNING (nni.experiment) Timeout, retry...
[2024-02-11 18:14:23] WARNING (nni.experiment) Timeout, retry...
[2024-02-11 18:14:24] ERROR (nni.experiment) Create experiment failed
[2024-02-11 18:14:24] INFO (nni.experiment) Creating experiment, Experiment ID: 2oenu7b3
[2024-02-11 18:14:24] INFO (nni.experiment) Starting web server...
[2024-02-11 18:14:25] WARNING (nni.experiment) Timeout, retry...
[2024-02-11 18:14:26] WARNING (nni.experiment) Timeout, retry...
[2024-02-11 18:14:27] ERROR (nni.experiment) Create experiment failed
[2024-02-11 18:14:27] INFO (nni.experiment) Creating experiment, Experiment ID: 2oenu7b3
[2024-02-11 18:14:27] INFO (nni.experiment) Starting web server...
[2024-02-11 18:14:28] WARNING (nni.experiment) Timeout, retry...
[2024-02-11 18:14:29] WARNING (nni.experiment) Timeout, retry...
[2024-02-11 18:14:30] ERROR (nni.experiment) Create experiment failed
[2024-02-11 18:14:30] INFO (nni.experiment) Creating experiment, Experiment ID: 2oenu7b3
[2024-02-11 18:14:30] INFO (nni.experiment) Starting web server...
[2024-02-11 18:14:31] WARNING (nni.experiment) Timeout, retry...
[2024-02-11 18:14:32] WARNING (nni.experiment) Timeout, retry...
[2024-02-11 18:14:33] ERROR (nni.experiment) Create experiment failed
[2024-02-11 18:14:33] INFO (nni.experiment) Creating experiment, Experiment ID: 2oenu7b3
[2024-02-11 18:14:33] INFO (nni.experiment) Starting web server...
[2024-02-11 18:14:34] WARNING (nni.experiment) Timeout, retry...
[2024-02-11 18:14:35] WARNING (nni.experiment) Timeout, retry...
[2024-02-11 18:14:36] ERROR (nni.experiment) Create experiment failed
[2024-02-11 18:14:36] INFO (nni.experiment) Creating experiment, Experiment ID: 2oenu7b3
[2024-02-11 18:14:36] INFO (nni.experiment) Starting web server...
[2024-02-11 18:14:37] WARNING (nni.experiment) Timeout, retry...
[2024-02-11 18:14:38] WARNING (nni.experiment) Timeout, retry...
[2024-02-11 18:14:39] ERROR (nni.experiment) Create experiment failed
[2024-02-11 18:14:39] INFO (nni.experiment) Creating experiment, Experiment ID: 2oenu7b3
[2024-02-11 18:14:39] INFO (nni.experiment) Starting web server...
[2024-02-11 18:14:40] WARNING (nni.experiment) Timeout, retry...
[2024-02-11 18:14:41] WARNING (nni.experiment) Timeout, retry...
[2024-02-11 18:14:42] ERROR (nni.experiment) Create experiment failed
[2024-02-11 18:14:42] INFO (nni.experiment) Creating experiment, Experiment ID: 2oenu7b3
[2024-02-11 18:14:42] INFO (nni.experiment) Starting web server...
[2024-02-11 18:14:43] WARNING (nni.experiment) Timeout, retry...
[2024-02-11 18:14:44] WARNING (nni.experiment) Timeout, retry...
[2024-02-11 18:14:45] ERROR (nni.experiment) Create experiment failed
[2024-02-11 18:14:45] INFO (nni.experiment) Creating experiment, Experiment ID: 2oenu7b3
[2024-02-11 18:14:45] INFO (nni.experiment) Starting web server...
[2024-02-11 18:14:46] WARNING (nni.experiment) Timeout, retry...
[2024-02-11 18:14:47] WARNING (nni.experiment) Timeout, retry...
[2024-02-11 18:14:48] ERROR (nni.experiment) Create experiment failed
[2024-02-11 18:14:48] INFO (nni.experiment) Creating experiment, Experiment ID: 2oenu7b3
[2024-02-11 18:14:48] INFO (nni.experiment) Starting web server...
[2024-02-11 18:14:49] WARNING (nni.experiment) Timeout, retry...
[2024-02-11 18:14:50] WARNING (nni.experiment) Timeout, retry...
[2024-02-11 18:14:51] ERROR (nni.experiment) Create experiment failed
[2024-02-11 18:14:51] INFO (nni.experiment) Creating experiment, Experiment ID: 2oenu7b3
[2024-02-11 18:14:52] INFO (nni.experiment) Starting web server...
[2024-02-11 18:14:53] WARNING (nni.experiment) Timeout, retry...
[2024-02-11 18:14:54] WARNING (nni.experiment) Timeout, retry...
[2024-02-11 18:14:55] ERROR (nni.experiment) Create experiment failed
[2024-02-11 18:14:55] INFO (nni.experiment) Creating experiment, Experiment ID: 2oenu7b3
[2024-02-11 18:14:55] INFO (nni.experiment) Starting web server...
[2024-02-11 18:14:56] WARNING (nni.experiment) Timeout, retry...
[2024-02-11 18:14:57] WARNING (nni.experiment) Timeout, retry...
[2024-02-11 18:14:58] ERROR (nni.experiment) Create experiment failed
[2024-02-11 18:14:58] INFO (nni.experiment) Stopping experiment, please wait...
