[2024-02-11 18:07:08] INFO (nni.experiment) Creating experiment, Experiment ID: ay8pionv
[2024-02-11 18:07:08] INFO (nni.experiment) Starting web server...
[2024-02-11 18:07:09] WARNING (nni.experiment) Timeout, retry...
[2024-02-11 18:07:10] WARNING (nni.experiment) Timeout, retry...
[2024-02-11 18:07:11] ERROR (nni.experiment) Create experiment failed
[2024-02-11 18:07:11] INFO (nni.experiment) Creating experiment, Experiment ID: ay8pionv
[2024-02-11 18:07:11] INFO (nni.experiment) Starting web server...
[2024-02-11 18:07:12] WARNING (nni.experiment) Timeout, retry...
[2024-02-11 18:07:13] WARNING (nni.experiment) Timeout, retry...
[2024-02-11 18:07:14] ERROR (nni.experiment) Create experiment failed
[2024-02-11 18:07:14] INFO (nni.experiment) Creating experiment, Experiment ID: ay8pionv
[2024-02-11 18:07:14] INFO (nni.experiment) Starting web server...
[2024-02-11 18:07:15] WARNING (nni.experiment) Timeout, retry...
[2024-02-11 18:07:16] WARNING (nni.experiment) Timeout, retry...
[2024-02-11 18:07:17] ERROR (nni.experiment) Create experiment failed
[2024-02-11 18:07:17] INFO (nni.experiment) Creating experiment, Experiment ID: ay8pionv
[2024-02-11 18:07:17] INFO (nni.experiment) Starting web server...
[2024-02-11 18:07:18] WARNING (nni.experiment) Timeout, retry...
[2024-02-11 18:07:19] WARNING (nni.experiment) Timeout, retry...
[2024-02-11 18:07:20] ERROR (nni.experiment) Create experiment failed
[2024-02-11 18:07:20] INFO (nni.experiment) Creating experiment, Experiment ID: ay8pionv
[2024-02-11 18:07:20] INFO (nni.experiment) Starting web server...
[2024-02-11 18:07:21] WARNING (nni.experiment) Timeout, retry...
[2024-02-11 18:07:22] WARNING (nni.experiment) Timeout, retry...
[2024-02-11 18:07:23] ERROR (nni.experiment) Create experiment failed
[2024-02-11 18:07:23] INFO (nni.experiment) Creating experiment, Experiment ID: ay8pionv
[2024-02-11 18:07:23] INFO (nni.experiment) Starting web server...
[2024-02-11 18:07:24] WARNING (nni.experiment) Timeout, retry...
[2024-02-11 18:07:25] WARNING (nni.experiment) Timeout, retry...
[2024-02-11 18:07:26] ERROR (nni.experiment) Create experiment failed
[2024-02-11 18:07:26] INFO (nni.experiment) Creating experiment, Experiment ID: ay8pionv
[2024-02-11 18:07:26] INFO (nni.experiment) Starting web server...
[2024-02-11 18:07:27] WARNING (nni.experiment) Timeout, retry...
[2024-02-11 18:07:28] WARNING (nni.experiment) Timeout, retry...
[2024-02-11 18:07:29] ERROR (nni.experiment) Create experiment failed
[2024-02-11 18:07:29] INFO (nni.experiment) Creating experiment, Experiment ID: ay8pionv
[2024-02-11 18:07:29] INFO (nni.experiment) Starting web server...
[2024-02-11 18:07:30] WARNING (nni.experiment) Timeout, retry...
[2024-02-11 18:07:31] WARNING (nni.experiment) Timeout, retry...
[2024-02-11 18:07:32] ERROR (nni.experiment) Create experiment failed
[2024-02-11 18:07:32] INFO (nni.experiment) Creating experiment, Experiment ID: ay8pionv
[2024-02-11 18:07:32] INFO (nni.experiment) Starting web server...
[2024-02-11 18:07:33] WARNING (nni.experiment) Timeout, retry...
[2024-02-11 18:07:34] WARNING (nni.experiment) Timeout, retry...
[2024-02-11 18:07:35] ERROR (nni.experiment) Create experiment failed
[2024-02-11 18:07:35] INFO (nni.experiment) Creating experiment, Experiment ID: ay8pionv
[2024-02-11 18:07:35] INFO (nni.experiment) Starting web server...
[2024-02-11 18:07:36] WARNING (nni.experiment) Timeout, retry...
[2024-02-11 18:07:37] WARNING (nni.experiment) Timeout, retry...
[2024-02-11 18:07:38] ERROR (nni.experiment) Create experiment failed
[2024-02-11 18:07:38] INFO (nni.experiment) Creating experiment, Experiment ID: ay8pionv
[2024-02-11 18:07:38] INFO (nni.experiment) Starting web server...
[2024-02-11 18:07:40] WARNING (nni.experiment) Timeout, retry...
[2024-02-11 18:07:41] WARNING (nni.experiment) Timeout, retry...
[2024-02-11 18:07:42] ERROR (nni.experiment) Create experiment failed
[2024-02-11 18:07:42] INFO (nni.experiment) Creating experiment, Experiment ID: ay8pionv
[2024-02-11 18:07:42] INFO (nni.experiment) Starting web server...
[2024-02-11 18:07:43] WARNING (nni.experiment) Timeout, retry...
[2024-02-11 18:07:44] WARNING (nni.experiment) Timeout, retry...
[2024-02-11 18:07:45] ERROR (nni.experiment) Create experiment failed
[2024-02-11 18:07:45] INFO (nni.experiment) Creating experiment, Experiment ID: ay8pionv
[2024-02-11 18:07:45] INFO (nni.experiment) Starting web server...
[2024-02-11 18:07:46] WARNING (nni.experiment) Timeout, retry...
[2024-02-11 18:07:47] WARNING (nni.experiment) Timeout, retry...
[2024-02-11 18:07:48] ERROR (nni.experiment) Create experiment failed
[2024-02-11 18:07:48] INFO (nni.experiment) Creating experiment, Experiment ID: ay8pionv
[2024-02-11 18:07:48] INFO (nni.experiment) Starting web server...
[2024-02-11 18:07:49] WARNING (nni.experiment) Timeout, retry...
[2024-02-11 18:07:50] WARNING (nni.experiment) Timeout, retry...
[2024-02-11 18:07:51] ERROR (nni.experiment) Create experiment failed
[2024-02-11 18:07:51] INFO (nni.experiment) Creating experiment, Experiment ID: ay8pionv
[2024-02-11 18:07:51] INFO (nni.experiment) Starting web server...
[2024-02-11 18:07:52] WARNING (nni.experiment) Timeout, retry...
[2024-02-11 18:07:53] WARNING (nni.experiment) Timeout, retry...
[2024-02-11 18:07:54] ERROR (nni.experiment) Create experiment failed
[2024-02-11 18:07:54] INFO (nni.experiment) Creating experiment, Experiment ID: ay8pionv
[2024-02-11 18:07:54] INFO (nni.experiment) Starting web server...
[2024-02-11 18:07:55] WARNING (nni.experiment) Timeout, retry...
[2024-02-11 18:07:56] WARNING (nni.experiment) Timeout, retry...
[2024-02-11 18:07:57] ERROR (nni.experiment) Create experiment failed
[2024-02-11 18:07:57] INFO (nni.experiment) Creating experiment, Experiment ID: ay8pionv
[2024-02-11 18:07:57] INFO (nni.experiment) Starting web server...
[2024-02-11 18:07:58] WARNING (nni.experiment) Timeout, retry...
[2024-02-11 18:07:59] WARNING (nni.experiment) Timeout, retry...
[2024-02-11 18:08:00] ERROR (nni.experiment) Create experiment failed
[2024-02-11 18:08:00] INFO (nni.experiment) Creating experiment, Experiment ID: ay8pionv
[2024-02-11 18:08:00] INFO (nni.experiment) Starting web server...
[2024-02-11 18:08:01] WARNING (nni.experiment) Timeout, retry...
[2024-02-11 18:08:02] WARNING (nni.experiment) Timeout, retry...
[2024-02-11 18:08:03] ERROR (nni.experiment) Create experiment failed
[2024-02-11 18:08:03] INFO (nni.experiment) Creating experiment, Experiment ID: ay8pionv
[2024-02-11 18:08:03] INFO (nni.experiment) Starting web server...
[2024-02-11 18:08:04] WARNING (nni.experiment) Timeout, retry...
[2024-02-11 18:08:05] WARNING (nni.experiment) Timeout, retry...
[2024-02-11 18:08:06] ERROR (nni.experiment) Create experiment failed
[2024-02-11 18:08:06] INFO (nni.experiment) Creating experiment, Experiment ID: ay8pionv
[2024-02-11 18:08:06] INFO (nni.experiment) Starting web server...
[2024-02-11 18:08:07] WARNING (nni.experiment) Timeout, retry...
[2024-02-11 18:08:08] WARNING (nni.experiment) Timeout, retry...
[2024-02-11 18:08:09] ERROR (nni.experiment) Create experiment failed
[2024-02-11 18:08:09] INFO (nni.experiment) Creating experiment, Experiment ID: ay8pionv
[2024-02-11 18:08:09] INFO (nni.experiment) Starting web server...
[2024-02-11 18:08:10] WARNING (nni.experiment) Timeout, retry...
[2024-02-11 18:08:11] WARNING (nni.experiment) Timeout, retry...
[2024-02-11 18:08:12] ERROR (nni.experiment) Create experiment failed
[2024-02-11 18:08:13] INFO (nni.experiment) Creating experiment, Experiment ID: ay8pionv
[2024-02-11 18:08:13] INFO (nni.experiment) Starting web server...
[2024-02-11 18:08:14] WARNING (nni.experiment) Timeout, retry...
[2024-02-11 18:08:15] WARNING (nni.experiment) Timeout, retry...
[2024-02-11 18:08:16] ERROR (nni.experiment) Create experiment failed
[2024-02-11 18:08:16] INFO (nni.experiment) Creating experiment, Experiment ID: ay8pionv
[2024-02-11 18:08:16] INFO (nni.experiment) Starting web server...
[2024-02-11 18:08:17] WARNING (nni.experiment) Timeout, retry...
[2024-02-11 18:08:18] WARNING (nni.experiment) Timeout, retry...
[2024-02-11 18:08:19] ERROR (nni.experiment) Create experiment failed
[2024-02-11 18:08:19] INFO (nni.experiment) Creating experiment, Experiment ID: ay8pionv
[2024-02-11 18:08:19] INFO (nni.experiment) Starting web server...
[2024-02-11 18:08:20] WARNING (nni.experiment) Timeout, retry...
[2024-02-11 18:08:21] WARNING (nni.experiment) Timeout, retry...
[2024-02-11 18:08:22] ERROR (nni.experiment) Create experiment failed
[2024-02-11 18:08:22] INFO (nni.experiment) Creating experiment, Experiment ID: ay8pionv
[2024-02-11 18:08:22] INFO (nni.experiment) Starting web server...
[2024-02-11 18:08:23] WARNING (nni.experiment) Timeout, retry...
[2024-02-11 18:08:24] WARNING (nni.experiment) Timeout, retry...
[2024-02-11 18:08:25] ERROR (nni.experiment) Create experiment failed
[2024-02-11 18:08:25] INFO (nni.experiment) Creating experiment, Experiment ID: ay8pionv
[2024-02-11 18:08:25] INFO (nni.experiment) Starting web server...
[2024-02-11 18:08:26] WARNING (nni.experiment) Timeout, retry...
[2024-02-11 18:08:27] WARNING (nni.experiment) Timeout, retry...
[2024-02-11 18:08:28] ERROR (nni.experiment) Create experiment failed
[2024-02-11 18:08:28] INFO (nni.experiment) Creating experiment, Experiment ID: ay8pionv
[2024-02-11 18:08:28] INFO (nni.experiment) Starting web server...
[2024-02-11 18:08:29] WARNING (nni.experiment) Timeout, retry...
[2024-02-11 18:08:30] WARNING (nni.experiment) Timeout, retry...
[2024-02-11 18:08:31] ERROR (nni.experiment) Create experiment failed
[2024-02-11 18:08:31] INFO (nni.experiment) Creating experiment, Experiment ID: ay8pionv
[2024-02-11 18:08:31] INFO (nni.experiment) Starting web server...
[2024-02-11 18:08:32] WARNING (nni.experiment) Timeout, retry...
[2024-02-11 18:08:33] WARNING (nni.experiment) Timeout, retry...
[2024-02-11 18:08:34] ERROR (nni.experiment) Create experiment failed
[2024-02-11 18:08:34] INFO (nni.experiment) Creating experiment, Experiment ID: ay8pionv
[2024-02-11 18:08:34] INFO (nni.experiment) Starting web server...
[2024-02-11 18:08:35] WARNING (nni.experiment) Timeout, retry...
[2024-02-11 18:08:36] WARNING (nni.experiment) Timeout, retry...
[2024-02-11 18:08:37] ERROR (nni.experiment) Create experiment failed
[2024-02-11 18:08:37] INFO (nni.experiment) Creating experiment, Experiment ID: ay8pionv
[2024-02-11 18:08:37] INFO (nni.experiment) Starting web server...
[2024-02-11 18:08:38] WARNING (nni.experiment) Timeout, retry...
[2024-02-11 18:08:39] WARNING (nni.experiment) Timeout, retry...
[2024-02-11 18:08:40] ERROR (nni.experiment) Create experiment failed
[2024-02-11 18:08:40] INFO (nni.experiment) Creating experiment, Experiment ID: ay8pionv
[2024-02-11 18:08:40] INFO (nni.experiment) Starting web server...
[2024-02-11 18:08:41] WARNING (nni.experiment) Timeout, retry...
[2024-02-11 18:08:42] WARNING (nni.experiment) Timeout, retry...
[2024-02-11 18:08:43] ERROR (nni.experiment) Create experiment failed
[2024-02-11 18:08:43] INFO (nni.experiment) Creating experiment, Experiment ID: ay8pionv
[2024-02-11 18:08:43] INFO (nni.experiment) Starting web server...
[2024-02-11 18:08:44] WARNING (nni.experiment) Timeout, retry...
[2024-02-11 18:08:45] WARNING (nni.experiment) Timeout, retry...
[2024-02-11 18:08:46] ERROR (nni.experiment) Create experiment failed
[2024-02-11 18:08:46] INFO (nni.experiment) Creating experiment, Experiment ID: ay8pionv
[2024-02-11 18:08:46] INFO (nni.experiment) Starting web server...
[2024-02-11 18:08:47] WARNING (nni.experiment) Timeout, retry...
[2024-02-11 18:08:48] WARNING (nni.experiment) Timeout, retry...
[2024-02-11 18:08:49] ERROR (nni.experiment) Create experiment failed
[2024-02-11 18:08:49] INFO (nni.experiment) Creating experiment, Experiment ID: ay8pionv
[2024-02-11 18:08:49] INFO (nni.experiment) Starting web server...
[2024-02-11 18:08:50] WARNING (nni.experiment) Timeout, retry...
[2024-02-11 18:08:51] WARNING (nni.experiment) Timeout, retry...
[2024-02-11 18:08:52] ERROR (nni.experiment) Create experiment failed
[2024-02-11 18:08:52] INFO (nni.experiment) Creating experiment, Experiment ID: ay8pionv
[2024-02-11 18:08:52] INFO (nni.experiment) Starting web server...
[2024-02-11 18:08:53] WARNING (nni.experiment) Timeout, retry...
[2024-02-11 18:08:54] WARNING (nni.experiment) Timeout, retry...
[2024-02-11 18:08:55] ERROR (nni.experiment) Create experiment failed
[2024-02-11 18:08:55] INFO (nni.experiment) Creating experiment, Experiment ID: ay8pionv
[2024-02-11 18:08:55] INFO (nni.experiment) Starting web server...
[2024-02-11 18:08:57] WARNING (nni.experiment) Timeout, retry...
[2024-02-11 18:08:58] WARNING (nni.experiment) Timeout, retry...
[2024-02-11 18:08:59] ERROR (nni.experiment) Create experiment failed
[2024-02-11 18:08:59] INFO (nni.experiment) Creating experiment, Experiment ID: ay8pionv
[2024-02-11 18:08:59] INFO (nni.experiment) Starting web server...
[2024-02-11 18:09:00] WARNING (nni.experiment) Timeout, retry...
[2024-02-11 18:09:01] WARNING (nni.experiment) Timeout, retry...
[2024-02-11 18:09:02] ERROR (nni.experiment) Create experiment failed
[2024-02-11 18:09:02] INFO (nni.experiment) Creating experiment, Experiment ID: ay8pionv
[2024-02-11 18:09:02] INFO (nni.experiment) Starting web server...
[2024-02-11 18:09:03] WARNING (nni.experiment) Timeout, retry...
[2024-02-11 18:09:04] WARNING (nni.experiment) Timeout, retry...
[2024-02-11 18:09:05] ERROR (nni.experiment) Create experiment failed
[2024-02-11 18:09:05] INFO (nni.experiment) Creating experiment, Experiment ID: ay8pionv
[2024-02-11 18:09:05] INFO (nni.experiment) Starting web server...
[2024-02-11 18:09:06] WARNING (nni.experiment) Timeout, retry...
[2024-02-11 18:09:07] WARNING (nni.experiment) Timeout, retry...
[2024-02-11 18:09:08] ERROR (nni.experiment) Create experiment failed
[2024-02-11 18:09:08] INFO (nni.experiment) Creating experiment, Experiment ID: ay8pionv
[2024-02-11 18:09:08] INFO (nni.experiment) Starting web server...
[2024-02-11 18:09:09] WARNING (nni.experiment) Timeout, retry...
[2024-02-11 18:09:10] WARNING (nni.experiment) Timeout, retry...
[2024-02-11 18:09:11] ERROR (nni.experiment) Create experiment failed
[2024-02-11 18:09:11] INFO (nni.experiment) Creating experiment, Experiment ID: ay8pionv
[2024-02-11 18:09:11] INFO (nni.experiment) Starting web server...
[2024-02-11 18:09:12] WARNING (nni.experiment) Timeout, retry...
[2024-02-11 18:09:13] WARNING (nni.experiment) Timeout, retry...
[2024-02-11 18:09:14] ERROR (nni.experiment) Create experiment failed
[2024-02-11 18:09:14] INFO (nni.experiment) Creating experiment, Experiment ID: ay8pionv
[2024-02-11 18:09:14] INFO (nni.experiment) Starting web server...
[2024-02-11 18:09:15] WARNING (nni.experiment) Timeout, retry...
[2024-02-11 18:09:16] WARNING (nni.experiment) Timeout, retry...
[2024-02-11 18:09:17] ERROR (nni.experiment) Create experiment failed
[2024-02-11 18:09:17] INFO (nni.experiment) Creating experiment, Experiment ID: ay8pionv
[2024-02-11 18:09:17] INFO (nni.experiment) Starting web server...
[2024-02-11 18:09:18] WARNING (nni.experiment) Timeout, retry...
[2024-02-11 18:09:19] WARNING (nni.experiment) Timeout, retry...
[2024-02-11 18:09:20] ERROR (nni.experiment) Create experiment failed
[2024-02-11 18:09:20] INFO (nni.experiment) Creating experiment, Experiment ID: ay8pionv
[2024-02-11 18:09:20] INFO (nni.experiment) Starting web server...
[2024-02-11 18:09:21] WARNING (nni.experiment) Timeout, retry...
[2024-02-11 18:09:22] WARNING (nni.experiment) Timeout, retry...
[2024-02-11 18:09:23] ERROR (nni.experiment) Create experiment failed
[2024-02-11 18:09:24] INFO (nni.experiment) Creating experiment, Experiment ID: ay8pionv
[2024-02-11 18:09:24] INFO (nni.experiment) Starting web server...
[2024-02-11 18:09:25] WARNING (nni.experiment) Timeout, retry...
[2024-02-11 18:09:26] WARNING (nni.experiment) Timeout, retry...
[2024-02-11 18:09:27] ERROR (nni.experiment) Create experiment failed
[2024-02-11 18:09:27] INFO (nni.experiment) Creating experiment, Experiment ID: ay8pionv
[2024-02-11 18:09:27] INFO (nni.experiment) Starting web server...
[2024-02-11 18:09:28] WARNING (nni.experiment) Timeout, retry...
[2024-02-11 18:09:29] WARNING (nni.experiment) Timeout, retry...
[2024-02-11 18:09:30] ERROR (nni.experiment) Create experiment failed
[2024-02-11 18:09:30] INFO (nni.experiment) Creating experiment, Experiment ID: ay8pionv
[2024-02-11 18:09:30] INFO (nni.experiment) Starting web server...
[2024-02-11 18:09:31] WARNING (nni.experiment) Timeout, retry...
[2024-02-11 18:09:32] WARNING (nni.experiment) Timeout, retry...
[2024-02-11 18:09:33] ERROR (nni.experiment) Create experiment failed
[2024-02-11 18:09:33] INFO (nni.experiment) Creating experiment, Experiment ID: ay8pionv
[2024-02-11 18:09:33] INFO (nni.experiment) Starting web server...
[2024-02-11 18:09:34] WARNING (nni.experiment) Timeout, retry...
[2024-02-11 18:09:35] WARNING (nni.experiment) Timeout, retry...
[2024-02-11 18:09:36] ERROR (nni.experiment) Create experiment failed
[2024-02-11 18:09:36] INFO (nni.experiment) Creating experiment, Experiment ID: ay8pionv
[2024-02-11 18:09:36] INFO (nni.experiment) Starting web server...
[2024-02-11 18:09:37] WARNING (nni.experiment) Timeout, retry...
[2024-02-11 18:09:38] WARNING (nni.experiment) Timeout, retry...
[2024-02-11 18:09:39] ERROR (nni.experiment) Create experiment failed
[2024-02-11 18:09:39] INFO (nni.experiment) Creating experiment, Experiment ID: ay8pionv
[2024-02-11 18:09:39] INFO (nni.experiment) Starting web server...
[2024-02-11 18:09:40] WARNING (nni.experiment) Timeout, retry...
[2024-02-11 18:09:41] WARNING (nni.experiment) Timeout, retry...
[2024-02-11 18:09:42] ERROR (nni.experiment) Create experiment failed
[2024-02-11 18:09:42] INFO (nni.experiment) Creating experiment, Experiment ID: ay8pionv
[2024-02-11 18:09:42] INFO (nni.experiment) Starting web server...
[2024-02-11 18:09:43] WARNING (nni.experiment) Timeout, retry...
[2024-02-11 18:09:44] WARNING (nni.experiment) Timeout, retry...
[2024-02-11 18:09:45] ERROR (nni.experiment) Create experiment failed
[2024-02-11 18:09:45] INFO (nni.experiment) Creating experiment, Experiment ID: ay8pionv
[2024-02-11 18:09:45] INFO (nni.experiment) Starting web server...
[2024-02-11 18:09:46] WARNING (nni.experiment) Timeout, retry...
[2024-02-11 18:09:47] WARNING (nni.experiment) Timeout, retry...
[2024-02-11 18:09:48] ERROR (nni.experiment) Create experiment failed
[2024-02-11 18:09:48] INFO (nni.experiment) Creating experiment, Experiment ID: ay8pionv
[2024-02-11 18:09:48] INFO (nni.experiment) Starting web server...
[2024-02-11 18:09:49] WARNING (nni.experiment) Timeout, retry...
[2024-02-11 18:09:50] WARNING (nni.experiment) Timeout, retry...
[2024-02-11 18:09:51] ERROR (nni.experiment) Create experiment failed
[2024-02-11 18:09:51] INFO (nni.experiment) Creating experiment, Experiment ID: ay8pionv
[2024-02-11 18:09:51] INFO (nni.experiment) Starting web server...
[2024-02-11 18:09:52] WARNING (nni.experiment) Timeout, retry...
[2024-02-11 18:09:53] WARNING (nni.experiment) Timeout, retry...
[2024-02-11 18:09:54] ERROR (nni.experiment) Create experiment failed
[2024-02-11 18:09:54] INFO (nni.experiment) Creating experiment, Experiment ID: ay8pionv
[2024-02-11 18:09:54] INFO (nni.experiment) Starting web server...
[2024-02-11 18:09:55] WARNING (nni.experiment) Timeout, retry...
[2024-02-11 18:09:56] WARNING (nni.experiment) Timeout, retry...
[2024-02-11 18:09:57] ERROR (nni.experiment) Create experiment failed
[2024-02-11 18:09:57] INFO (nni.experiment) Creating experiment, Experiment ID: ay8pionv
[2024-02-11 18:09:57] INFO (nni.experiment) Starting web server...
[2024-02-11 18:09:58] WARNING (nni.experiment) Timeout, retry...
[2024-02-11 18:09:59] WARNING (nni.experiment) Timeout, retry...
[2024-02-11 18:10:00] ERROR (nni.experiment) Create experiment failed
[2024-02-11 18:10:00] INFO (nni.experiment) Creating experiment, Experiment ID: ay8pionv
[2024-02-11 18:10:00] INFO (nni.experiment) Starting web server...
[2024-02-11 18:10:01] WARNING (nni.experiment) Timeout, retry...
[2024-02-11 18:10:02] WARNING (nni.experiment) Timeout, retry...
[2024-02-11 18:10:03] ERROR (nni.experiment) Create experiment failed
[2024-02-11 18:10:03] INFO (nni.experiment) Creating experiment, Experiment ID: ay8pionv
[2024-02-11 18:10:03] INFO (nni.experiment) Starting web server...
[2024-02-11 18:10:05] WARNING (nni.experiment) Timeout, retry...
[2024-02-11 18:10:06] WARNING (nni.experiment) Timeout, retry...
[2024-02-11 18:10:07] ERROR (nni.experiment) Create experiment failed
[2024-02-11 18:10:07] INFO (nni.experiment) Creating experiment, Experiment ID: ay8pionv
[2024-02-11 18:10:07] INFO (nni.experiment) Starting web server...
[2024-02-11 18:10:08] WARNING (nni.experiment) Timeout, retry...
[2024-02-11 18:10:09] WARNING (nni.experiment) Timeout, retry...
[2024-02-11 18:10:10] ERROR (nni.experiment) Create experiment failed
[2024-02-11 18:10:10] INFO (nni.experiment) Creating experiment, Experiment ID: ay8pionv
[2024-02-11 18:10:10] INFO (nni.experiment) Starting web server...
[2024-02-11 18:10:11] WARNING (nni.experiment) Timeout, retry...
[2024-02-11 18:10:12] WARNING (nni.experiment) Timeout, retry...
[2024-02-11 18:10:13] ERROR (nni.experiment) Create experiment failed
[2024-02-11 18:10:13] INFO (nni.experiment) Stopping experiment, please wait...
